[2024/11/30 11:00:24.6625] [MSG] Welcome to Easy Pear to Pear Chat System (E=CS)
- Set your name with /name <YOUR NAME>
- Create a network with /create <LISTENING PORT>
- Join the network with /join <ADDRESS>:<PORT> <LISTENING PORT>
- Leave the network with /leave
[2024/11/30 11:00:24.8094] [MSG] ▶ /join 0.0.0.0:20000 20002
[2024/11/30 11:00:24.8869] [SYS] Try to join the network...
[2024/11/30 11:00:24.8972] [MSG] Join the secure network: 127.0.1.1:20000
[2024/11/30 11:00:25.0936] [MSG] Connect to new node: 127.0.1.1:20000
[2024/11/30 11:00:25.0939] [SYS] Start a node stream...
[2024/11/30 11:00:25.0963] [SYS] Send message: "/alg #22cd768eb2f225af157e0cb289cdb3bc @0732558...(779)" to 127.0.1.1:20000
[2024/11/30 11:00:25.1023] [MSG] You have joined the network.
[2024/11/30 11:00:25.1033] [SYS] 11:00:25 | You have joined the network.
[2024/11/30 11:00:25.1039] [SYS] Start listening to new node.
[2024/11/30 11:00:25.1074] [MSG] Listening: 172.16.30.185:20002
[2024/11/30 11:00:25.1078] [SYS] Waiting for new node connection...
[2024/11/30 11:00:25.1714] [SYS] Receive new task (#72f902a7fbda577bd07657e91edea26c): "alg" from 127.0.1.1:20000
[2024/11/30 11:00:25.1738] [MSG] Add user profile: User A (@8f261f3f396e49d78060f6b50dc63371)
[2024/11/30 11:00:25.1743] [SYS] Close the task (#72f902a7fbda577bd07657e91edea26c).
[2024/11/30 11:00:25.1839] [SYS] Request user list...
[2024/11/30 11:00:25.1867] [SYS] Send message: "/req-ul #5f0c840dbeba31bbd8d028c219568f91 4990 MIICIjAN...(736)" to 127.0.1.1:20000
[2024/11/30 11:00:25.3242] [SYS] Receive replied task (#5f0c840dbeba31bbd8d028c219568f91): "ret-ul" from 127.0.1.1:20000
[2024/11/30 11:00:25.3452] [MSG] Update user profile: User A (@8f261f3f396e49d78060f6b50dc63371)
[2024/11/30 11:00:25.3571] [MSG] Add user profile: User B (@50ab0ac0a1e736f21b6ab56dd9c8a4a9)
[2024/11/30 11:00:25.3585] [SYS] Close the task (#5f0c840dbeba31bbd8d028c219568f91).
[2024/11/30 11:00:25.3628] [SYS] Send message: "/pst-up #baf7021f3b15403770eda83e1f61755d 4990 @07325582...(33) @0732558...(779) @8f261f3f...(33) YL82OAcx...(684)" to 127.0.1.1:20000
[2024/11/30 11:00:25.3645] [SYS] Send message: "/pst-up #13f49dec4fb4d60e11559d8c103d797b 4990 @07325582...(33) @0732558...(779) @50ab0ac0...(33) eOJYQt74...(684)" to 127.0.1.1:20000
[2024/11/30 11:00:25.3849] [SYS] Receive replied task (#baf7021f3b15403770eda83e1f61755d): "rec-up" from 127.0.1.1:20000
[2024/11/30 11:00:25.3852] [SYS] Close the task (#baf7021f3b15403770eda83e1f61755d).
[2024/11/30 11:00:25.4510] [SYS] Receive replied task (#13f49dec4fb4d60e11559d8c103d797b): "rec-up" from 127.0.1.1:20000
[2024/11/30 11:00:25.4620] [SYS] Close the task (#13f49dec4fb4d60e11559d8c103d797b).
[2024/11/30 11:00:26.6907] [SYS] Receive new task (#14ccdd5082632bfeffb3818f2eea11bb): "req-ul" from 127.0.1.1:20000
[2024/11/30 11:00:26.6985] [SYS] Send message: "/ret-ul #14ccdd5082632bfeffb3818f2eea11bb NUL ceK89Bq...(1060) IHvx2sw4...(684)" to 127.0.1.1:20000
[2024/11/30 11:00:26.7020] [SYS] Close the task (#14ccdd5082632bfeffb3818f2eea11bb).
[2024/11/30 11:00:26.9337] [SYS] Receive new task (#d8dfde87c1b8b7c3a4437453eb6d2570): "pst-up" from 127.0.1.1:20000
[2024/11/30 11:00:26.9444] [MSG] Add user profile: User D (@fe48fe6fc8424a719bebbada2f785994)
[2024/11/30 11:00:26.9460] [SYS] 11:00:26 | User D (@fe48fe6fc8424a719bebbada2f785994) has joined the network.
[2024/11/30 11:00:26.9468] [SYS] Send message: "/rec-up #d8dfde87c1b8b7c3a4437453eb6d2570" to 127.0.1.1:20000
[2024/11/30 11:00:26.9490] [SYS] Close the task (#d8dfde87c1b8b7c3a4437453eb6d2570).
[2024/11/30 11:00:27.2063] [SYS] Receive new task (#1f75ff01a1d05006a7b42d850c929b78): "req-ul" from 127.0.1.1:20000
[2024/11/30 11:00:27.2111] [SYS] Send message: "/ret-ul #1f75ff01a1d05006a7b42d850c929b78 NUL qWwEGwF...(1060) iuTDmEo5...(684)" to 127.0.1.1:20000
[2024/11/30 11:00:27.2141] [SYS] Close the task (#1f75ff01a1d05006a7b42d850c929b78).
[2024/11/30 11:00:27.3907] [SYS] Receive new task (#685fd812e4100d0c3a94d71109ed6543): "pst-up" from 127.0.1.1:20000
[2024/11/30 11:00:27.4037] [MSG] Add user profile: User E (@97d9294b1e02bfc6cef459a7f3e36c9b)
[2024/11/30 11:00:27.4049] [SYS] 11:00:27 | User E (@97d9294b1e02bfc6cef459a7f3e36c9b) has joined the network.
[2024/11/30 11:00:27.4056] [SYS] Send message: "/rec-up #685fd812e4100d0c3a94d71109ed6543" to 127.0.1.1:20000
[2024/11/30 11:00:27.4075] [SYS] Close the task (#685fd812e4100d0c3a94d71109ed6543).
[2024/11/30 11:00:29.0791] [SYS] Receive new task (#4a3569f2f3c673fd9acca77d8dac59c0): "req-ul" from 127.0.1.1:20000
[2024/11/30 11:00:29.0820] [SYS] Send message: "/ret-ul #4a3569f2f3c673fd9acca77d8dac59c0 NUL qlHb7YA...(1060) UJa3WgQ7...(684)" to 127.0.1.1:20000
[2024/11/30 11:00:29.0839] [SYS] Close the task (#4a3569f2f3c673fd9acca77d8dac59c0).
[2024/11/30 11:00:29.2447] [SYS] Receive new task (#9907fec61fe677927e0c580da20f4d65): "pst-up" from 127.0.1.1:20000
[2024/11/30 11:00:29.2552] [MSG] Add user profile: User F (@59dd0259250a238d96e1335bf5f29b58)
[2024/11/30 11:00:29.2559] [SYS] 11:00:29 | User F (@59dd0259250a238d96e1335bf5f29b58) has joined the network.
[2024/11/30 11:00:29.2562] [SYS] Send message: "/rec-up #9907fec61fe677927e0c580da20f4d65" to 127.0.1.1:20000
[2024/11/30 11:00:29.2573] [SYS] Close the task (#9907fec61fe677927e0c580da20f4d65).
[2024/11/30 11:00:35.2914] [SYS] Receive new task (#ab3edcf6977058fc6599067a8eaf44f7): "pst-cm" from 127.0.1.1:20000
[2024/11/30 11:00:35.2941] [MSG] 11:00:35 | User A (@8f261f3f396e49d78060f6b50dc63371):
Hi
[2024/11/30 11:00:35.2954] [SYS] Send message: "/rec-cm #ab3edcf6977058fc6599067a8eaf44f7" to 127.0.1.1:20000
[2024/11/30 11:00:35.2980] [SYS] Close the task (#ab3edcf6977058fc6599067a8eaf44f7).
[2024/11/30 11:00:40.0723] [SYS] Receive new task (#d4e87adda67f6a73225690f31c47c26b): "pst-cm" from 127.0.1.1:20000
[2024/11/30 11:00:40.0736] [MSG] 11:00:40 | User B (@50ab0ac0a1e736f21b6ab56dd9c8a4a9):
Hi
[2024/11/30 11:00:40.0742] [SYS] Send message: "/rec-cm #d4e87adda67f6a73225690f31c47c26b" to 127.0.1.1:20000
[2024/11/30 11:00:40.0772] [SYS] Close the task (#d4e87adda67f6a73225690f31c47c26b).
[2024/11/30 11:00:50.5608] [SYS] Receive new task (#49493a34a25689307eff012d7e2b3c1b): "pst-cf" from 127.0.1.1:20000
[2024/11/30 11:00:50.5652] [MSG] The file (Test File Data (1.1 MiB).jpg) was stocked as #a504536f32d728fb5f87f1eef9b6b1f6 by @8f261f3f396e49d78060f6b50dc63371.
[2024/11/30 11:00:50.5670] [MSG] 11:00:50 | User A (@8f261f3f396e49d78060f6b50dc63371):
[Test File Data (1.1 MiB).jpg](/fr @8f261f3f396e49d78060f6b50dc63371 #a504536f32d728fb5f87f1eef9b6b1f6) (Click to set a command to download the file!)
[2024/11/30 11:00:50.5675] [SYS] Send message: "/rec-cf #49493a34a25689307eff012d7e2b3c1b" to 127.0.1.1:20000
[2024/11/30 11:00:50.5695] [SYS] Close the task (#49493a34a25689307eff012d7e2b3c1b).
[2024/11/30 11:00:55.8746] [MSG] ▶ /fr @8f261f3f396e49d78060f6b50dc63371 #a504536f32d728fb5f87f1eef9b6b1f6
[2024/11/30 11:00:55.8762] [MSG] Request the file (#a504536f32d728fb5f87f1eef9b6b1f6) from the user (@8f261f3f396e49d78060f6b50dc63371).
[2024/11/30 11:00:55.8835] [SYS] Send message: "/req-cf #501af50f89b04806ba808dfc7217d9ec 4990 @07325582...(33) @8f261f3f...(33) #a504536f...(33) -1 kDyP58Uy...(684)" to 127.0.1.1:20000
[2024/11/30 11:00:55.9379] [SYS] Receive replied task (#501af50f89b04806ba808dfc7217d9ec): "rec-cf" from 127.0.1.1:20000
[2024/11/30 11:00:55.9383] [SYS] Close the task (#501af50f89b04806ba808dfc7217d9ec).
[2024/11/30 11:00:55.9387] [SYS] Receive new task (#890108b3782b177763bf32de15023060): "snd-cf" from 127.0.1.1:20000
[2024/11/30 11:00:55.9404] [MSG] Downloading file (#a504536f32d728fb5f87f1eef9b6b1f6) ... 0%
[2024/11/30 11:00:55.9475] [SYS] Send message: "/req-cf #c87833f2b181c6ad151c143fbf34fdd3 4990 @07325582...(33) @8f261f3f...(33) #a504536f...(33) 0 LT4Vxp7a...(684)" to 127.0.1.1:20000
[2024/11/30 11:00:55.9478] [SYS] Send message: "/rec-cf #890108b3782b177763bf32de15023060" to 127.0.1.1:20000
[2024/11/30 11:00:55.9484] [SYS] Close the task (#890108b3782b177763bf32de15023060).
[2024/11/30 11:00:56.0114] [SYS] Receive replied task (#c87833f2b181c6ad151c143fbf34fdd3): "rec-cf" from 127.0.1.1:20000
[2024/11/30 11:00:56.0118] [SYS] Close the task (#c87833f2b181c6ad151c143fbf34fdd3).
[2024/11/30 11:00:56.0775] [SYS] Receive new task (#eececd5fa9c5b4396ffc8ceae2ec2b8a): "snd-cf" from 127.0.1.1:20000
[2024/11/30 11:00:56.0889] [MSG] Downloading file (#a504536f32d728fb5f87f1eef9b6b1f6) ... 50.00%
[2024/11/30 11:00:56.0962] [SYS] Send message: "/rec-cf #eececd5fa9c5b4396ffc8ceae2ec2b8a" to 127.0.1.1:20000
[2024/11/30 11:00:56.0964] [SYS] Send message: "/req-cf #deb5166800ca17edf002409b1feb90ec 4990 @07325582...(33) @8f261f3f...(33) #a504536f...(33) 1 ju0mGYEE...(684)" to 127.0.1.1:20000
[2024/11/30 11:00:56.0971] [SYS] Close the task (#eececd5fa9c5b4396ffc8ceae2ec2b8a).
[2024/11/30 11:00:56.1956] [SYS] Receive replied task (#deb5166800ca17edf002409b1feb90ec): "rec-cf" from 127.0.1.1:20000
[2024/11/30 11:00:56.1962] [SYS] Close the task (#deb5166800ca17edf002409b1feb90ec).
[2024/11/30 11:00:56.1982] [SYS] Receive new task (#196e1ad59eb88925309ade0064f6b6fa): "snd-cf" from 127.0.1.1:20000
[2024/11/30 11:00:56.1995] [MSG] Downloading file (#a504536f32d728fb5f87f1eef9b6b1f6) ... 100.00%
[2024/11/30 11:00:56.2005] [MSG] The file (#a504536f32d728fb5f87f1eef9b6b1f6) has finished downloading.
[2024/11/30 11:00:56.2012] [SYS] Send message: "/rec-cf #196e1ad59eb88925309ade0064f6b6fa" to 127.0.1.1:20000
[2024/11/30 11:00:56.2020] [SYS] Close the task (#196e1ad59eb88925309ade0064f6b6fa).
[2024/11/30 11:01:19.1627] [SYS] Receive new task (#ff1fa61cc27ba13229450b07f78c7ff6): "pst-on" from 127.0.1.1:20000
[2024/11/30 11:01:19.1733] [SYS] Decode ONN received data:
- Layer: 1 (Receive)
- Encrypted common key: 0x49150...[512]
- Encrypted content: 0x709...[65016]
- Decrypted common key: 0x80d79ad...[32]
- Decrypted content: 0x000...[65000]
[2024/11/30 11:01:19.1808] [SYS] Decode ONN received data:
- Layer: 2 (Content)
- Encrypted common key: 0x7a704...[512]
- Encrypted message: 0x57a...[54404]
- Decrypted common key: 0x9bb12b0...[32]
- Decrypted message: 0x8df...[54388]
- Noise: 0x58f0...[10072]
[2024/11/30 11:01:19.1821] [SYS] Decode ONN received data:
- Layer: 3 (Message)
- Message ID: 8dff9617e9d493b0396a6686fdd15fa8
- Message size: 65536
- Flag: DUM
- Type: ff
- Noise: 0x262f...[5775]
- Data [0]: 0x00010000
- Data [1]: 0x03
- Data [2]: 0xff
- Data [3]: 0x97d9...[48583]
[2024/11/30 11:01:19.1827] [SYS] Decode ONN received data:
- Layer: 4 (Data)
- Send user ID: 97d9294b1e02bfc6cef459a7f3e36c9b
- Send user's public key: 0x30820...[550]
- Encrypted common key: 0x5dd02...[512]
- Encrypted message: 0x27ff...[47493]
[2024/11/30 11:01:19.1831] [MSG] Get ONN data ... ONN#8dff9617e9d493b0396a6686fdd15fa8 (65536 byte / 65536 byte)
[2024/11/30 11:01:19.1832] [MSG] Your job flag is ... DUM
[2024/11/30 11:01:19.1843] [SYS] Create ONN send data:
- Layer: 2 (Content)
- Next user's common key: 0x5dd02...[512]
- Next user's message: 0x27ff...[47493]
- Noise: 0x95c6...[16983]
[2024/11/30 11:01:19.1860] [SYS] Create ONN send data:
- Layer: 1 (Root)
- Next user's public key: 0x30820...[550]
- New common key: 0x1cd9e96...[32]
- Encrypted common key: 0x6b537...[512]
- Target content: 0x000...[65000]
- Encrypted content: 0x4c2...[65016]
[2024/11/30 11:01:19.1862] [MSG] Send ONN data to ... User E (@97d9294b1e02bfc6cef459a7f3e36c9b)
[2024/11/30 11:01:19.1935] [SYS] Send message: "/rec-on #ff1fa61cc27ba13229450b07f78c7ff6" to 127.0.1.1:20000
[2024/11/30 11:01:19.1937] [SYS] Send message: "/pst-on #60fb1d74d40d2a7781c9e77dc7dfd553 0x000...[66092]" to 127.0.1.1:20000
[2024/11/30 11:01:19.1944] [SYS] Close the task (#ff1fa61cc27ba13229450b07f78c7ff6).
[2024/11/30 11:01:19.3302] [SYS] Receive replied task (#60fb1d74d40d2a7781c9e77dc7dfd553): "rec-on" from 127.0.1.1:20000
[2024/11/30 11:01:19.3306] [SYS] Close the task (#60fb1d74d40d2a7781c9e77dc7dfd553).
[2024/11/30 11:01:19.4637] [SYS] Receive new task (#feb0b8702a7e9a00a366b4038846af87): "pst-on" from 127.0.1.1:20000
[2024/11/30 11:01:19.4777] [SYS] Decode ONN received data:
- Layer: 1 (Receive)
- Encrypted common key: 0x8ca42...[512]
- Encrypted content: 0x568...[65016]
- Decrypted common key: 0x1f67740...[32]
- Decrypted content: 0x000...[65000]
[2024/11/30 11:01:19.4902] [SYS] Decode ONN received data:
- Layer: 2 (Content)
- Encrypted common key: 0x0b087...[512]
- Encrypted message: 0x1aba...[18022]
- Decrypted common key: 0x5ff09a1...[32]
- Decrypted message: 0x8dff...[18006]
- Noise: 0x0ea7...[46454]
[2024/11/30 11:01:19.4907] [SYS] Decode ONN received data:
- Layer: 3 (Message)
- Message ID: 8dff9617e9d493b0396a6686fdd15fa8
- Message size: 65536
- Flag: DUM
- Type: ff
- Noise: 0x490f...[6109]
- Data [0]: 0x00010000
- Data [1]: 0x03
- Data [2]: 0xff
- Data [3]: 0x97d9...[11867]
[2024/11/30 11:01:19.4910] [SYS] Decode ONN received data:
- Layer: 4 (Data)
- Send user ID: 97d9294b1e02bfc6cef459a7f3e36c9b
- Send user's public key: 0x30820...[550]
- Encrypted common key: 0x76c85...[512]
- Encrypted message: 0x3c7d...[10777]
[2024/11/30 11:01:19.4911] [MSG] Get ONN data ... ONN#8dff9617e9d493b0396a6686fdd15fa8 (65536 byte / 65536 byte)
[2024/11/30 11:01:19.4911] [MSG] Your job flag is ... DUM
[2024/11/30 11:01:19.4941] [SYS] Create ONN send data:
- Layer: 2 (Content)
- Next user's common key: 0x76c85...[512]
- Next user's message: 0x3c7d...[10777]
- Noise: 0xdce...[53699]
[2024/11/30 11:01:19.4970] [SYS] Create ONN send data:
- Layer: 1 (Root)
- Next user's public key: 0x30820...[550]
- New common key: 0xa516c58...[32]
- Encrypted common key: 0x139bc...[512]
- Target content: 0x000...[65000]
- Encrypted content: 0xb1e...[65016]
[2024/11/30 11:01:19.4974] [MSG] Send ONN data to ... User E (@97d9294b1e02bfc6cef459a7f3e36c9b)
[2024/11/30 11:01:19.5107] [SYS] Send message: "/rec-on #feb0b8702a7e9a00a366b4038846af87" to 127.0.1.1:20000
[2024/11/30 11:01:19.5114] [SYS] Send message: "/pst-on #685bec465b556ab811356715b5e78d26 0x000...[66092]" to 127.0.1.1:20000
[2024/11/30 11:01:19.5138] [SYS] Close the task (#feb0b8702a7e9a00a366b4038846af87).
[2024/11/30 11:01:19.5767] [SYS] Receive replied task (#685bec465b556ab811356715b5e78d26): "rec-on" from 127.0.1.1:20000
[2024/11/30 11:01:19.5775] [SYS] Close the task (#685bec465b556ab811356715b5e78d26).
[2024/11/30 11:01:32.2935] [SYS] Receive new task (#09b694e79f1cc61588520419be7e6486): "pst-on" from 127.0.1.1:20000
[2024/11/30 11:01:32.3012] [SYS] Decode ONN received data:
- Layer: 1 (Receive)
- Encrypted common key: 0x622f5...[512]
- Encrypted content: 0x3ed...[65016]
- Decrypted common key: 0xc2f9d5b...[32]
- Decrypted content: 0x000...[65000]
[2024/11/30 11:01:32.3081] [SYS] Decode ONN received data:
- Layer: 2 (Content)
- Encrypted common key: 0x89dfd...[512]
- Encrypted message: 0x5040...[44230]
- Decrypted common key: 0xc15076e...[32]
- Decrypted message: 0x091c...[44214]
- Noise: 0x8d09...[20246]
[2024/11/30 11:01:32.3088] [SYS] Decode ONN received data:
- Layer: 3 (Message)
- Message ID: 091c076e76c678802d12e323050cb1e2
- Message size: 65536
- Flag: DUM
- Type: ff
- Noise: 0xd441...[13745]
- Data [0]: 0x00010000
- Data [1]: 0x03
- Data [2]: 0xff
- Data [3]: 0x97d9...[30439]
[2024/11/30 11:01:32.3091] [SYS] Decode ONN received data:
- Layer: 4 (Data)
- Send user ID: 97d9294b1e02bfc6cef459a7f3e36c9b
- Send user's public key: 0x30820...[550]
- Encrypted common key: 0x60b8a...[512]
- Encrypted message: 0x5909...[29349]
[2024/11/30 11:01:32.3092] [MSG] Get ONN data ... ONN#091c076e76c678802d12e323050cb1e2 (65536 byte / 65536 byte)
[2024/11/30 11:01:32.3092] [MSG] Your job flag is ... DUM
[2024/11/30 11:01:32.3107] [SYS] Create ONN send data:
- Layer: 2 (Content)
- Next user's common key: 0x60b8a...[512]
- Next user's message: 0x5909...[29349]
- Noise: 0x94b8...[35127]
[2024/11/30 11:01:32.3126] [SYS] Create ONN send data:
- Layer: 1 (Root)
- Next user's public key: 0x30820...[550]
- New common key: 0xde8e481...[32]
- Encrypted common key: 0x8287a...[512]
- Target content: 0x000...[65000]
- Encrypted content: 0x439...[65016]
[2024/11/30 11:01:32.3128] [MSG] Send ONN data to ... User E (@97d9294b1e02bfc6cef459a7f3e36c9b)
[2024/11/30 11:01:32.3201] [SYS] Send message: "/rec-on #09b694e79f1cc61588520419be7e6486" to 127.0.1.1:20000
[2024/11/30 11:01:32.3204] [SYS] Send message: "/pst-on #7b8646335b885320dc379cc24060ff28 0x000...[66092]" to 127.0.1.1:20000
[2024/11/30 11:01:32.3219] [SYS] Close the task (#09b694e79f1cc61588520419be7e6486).
[2024/11/30 11:01:32.4052] [SYS] Receive replied task (#7b8646335b885320dc379cc24060ff28): "rec-on" from 127.0.1.1:20000
[2024/11/30 11:01:32.4055] [SYS] Close the task (#7b8646335b885320dc379cc24060ff28).
[2024/11/30 11:01:32.6723] [SYS] Receive new task (#e2c6bcac6014c2dd1a14b50b12e5309f): "pst-on" from 127.0.1.1:20000
[2024/11/30 11:01:32.6814] [SYS] Decode ONN received data:
- Layer: 1 (Receive)
- Encrypted common key: 0x63ab6...[512]
- Encrypted content: 0x690...[65016]
- Decrypted common key: 0x0ccde53...[32]
- Decrypted content: 0x000...[65000]
[2024/11/30 11:01:32.6885] [SYS] Decode ONN received data:
- Layer: 2 (Content)
- Encrypted common key: 0xa2f78...[512]
- Encrypted message: 0x9ef8...[33247]
- Decrypted common key: 0x1b9e421...[32]
- Decrypted message: 0x091c...[33231]
- Noise: 0x19b5...[31229]
[2024/11/30 11:01:32.6891] [SYS] Decode ONN received data:
- Layer: 3 (Message)
- Message ID: 091c076e76c678802d12e323050cb1e2
- Message size: 65536
- Flag: DUM
- Type: ff
- Noise: 0x83c8...[11318]
- Data [0]: 0x00010000
- Data [1]: 0x03
- Data [2]: 0xff
- Data [3]: 0x97d9...[21883]
[2024/11/30 11:01:32.6892] [SYS] Decode ONN received data:
- Layer: 4 (Data)
- Send user ID: 97d9294b1e02bfc6cef459a7f3e36c9b
- Send user's public key: 0x30820...[550]
- Encrypted common key: 0x841d6...[512]
- Encrypted message: 0x221a...[20793]
[2024/11/30 11:01:32.6893] [MSG] Get ONN data ... ONN#091c076e76c678802d12e323050cb1e2 (65536 byte / 65536 byte)
[2024/11/30 11:01:32.6893] [MSG] Your job flag is ... DUM
[2024/11/30 11:01:32.6902] [SYS] Create ONN send data:
- Layer: 2 (Content)
- Next user's common key: 0x841d6...[512]
- Next user's message: 0x221a...[20793]
- Noise: 0x78d4...[43683]
[2024/11/30 11:01:32.6921] [SYS] Create ONN send data:
- Layer: 1 (Root)
- Next user's public key: 0x30820...[550]
- New common key: 0x7274c83...[32]
- Encrypted common key: 0x17783...[512]
- Target content: 0x000...[65000]
- Encrypted content: 0xef5...[65016]
[2024/11/30 11:01:32.6923] [MSG] Send ONN data to ... User E (@97d9294b1e02bfc6cef459a7f3e36c9b)
[2024/11/30 11:01:32.6992] [SYS] Send message: "/rec-on #e2c6bcac6014c2dd1a14b50b12e5309f" to 127.0.1.1:20000
[2024/11/30 11:01:32.6995] [SYS] Send message: "/pst-on #a8215d5633ab1a5bc0d5515ea4bd21aa 0x000...[66092]" to 127.0.1.1:20000
[2024/11/30 11:01:32.7002] [SYS] Close the task (#e2c6bcac6014c2dd1a14b50b12e5309f).
[2024/11/30 11:01:32.7929] [SYS] Receive replied task (#a8215d5633ab1a5bc0d5515ea4bd21aa): "rec-on" from 127.0.1.1:20000
[2024/11/30 11:01:32.7942] [SYS] Close the task (#a8215d5633ab1a5bc0d5515ea4bd21aa).
[2024/11/30 11:01:50.8654] [SYS] Receive new task (#2f7c1c3c3980f4c6df1ace85b6408754): "pst-on" from 127.0.1.1:20000
[2024/11/30 11:01:50.8744] [SYS] Decode ONN received data:
- Layer: 1 (Receive)
- Encrypted common key: 0x62ee9...[512]
- Encrypted content: 0x800...[65016]
- Decrypted common key: 0xb543965...[32]
- Decrypted content: 0x000...[65000]
[2024/11/30 11:01:50.8812] [SYS] Decode ONN received data:
- Layer: 2 (Content)
- Encrypted common key: 0x2e4ad...[512]
- Encrypted message: 0x50f2...[38959]
- Decrypted common key: 0x5a8ee2b...[32]
- Decrypted message: 0xf063...[38943]
- Noise: 0x3d4d...[25517]
[2024/11/30 11:01:50.8817] [SYS] Decode ONN received data:
- Layer: 3 (Message)
- Message ID: f063c055f4b4caf21e7bb63a95870bc1
- Message size: 65536
- Flag: DUM
- Type: ff
- Noise: 0x8216...[11599]
- Data [0]: 0x00010000
- Data [1]: 0x03
- Data [2]: 0xff
- Data [3]: 0x97d9...[27314]
[2024/11/30 11:01:50.8819] [SYS] Decode ONN received data:
- Layer: 4 (Data)
- Send user ID: 97d9294b1e02bfc6cef459a7f3e36c9b
- Send user's public key: 0x30820...[550]
- Encrypted common key: 0x3d653...[512]
- Encrypted message: 0xb798...[26224]
[2024/11/30 11:01:50.8819] [MSG] Get ONN data ... ONN#f063c055f4b4caf21e7bb63a95870bc1 (65536 byte / 65536 byte)
[2024/11/30 11:01:50.8820] [MSG] Your job flag is ... DUM
[2024/11/30 11:01:50.8829] [SYS] Create ONN send data:
- Layer: 2 (Content)
- Next user's common key: 0x3d653...[512]
- Next user's message: 0xb798...[26224]
- Noise: 0xe408...[38252]
[2024/11/30 11:01:50.8843] [SYS] Create ONN send data:
- Layer: 1 (Root)
- Next user's public key: 0x30820...[550]
- New common key: 0xf70496a...[32]
- Encrypted common key: 0x4c270...[512]
- Target content: 0x000...[65000]
- Encrypted content: 0xa8d...[65016]
[2024/11/30 11:01:50.8844] [MSG] Send ONN data to ... User E (@97d9294b1e02bfc6cef459a7f3e36c9b)
[2024/11/30 11:01:50.8915] [SYS] Send message: "/rec-on #2f7c1c3c3980f4c6df1ace85b6408754" to 127.0.1.1:20000
[2024/11/30 11:01:50.8916] [SYS] Send message: "/pst-on #441abd7ee81cf14a171441ff4e132789 0x000...[66092]" to 127.0.1.1:20000
[2024/11/30 11:01:50.8922] [SYS] Close the task (#2f7c1c3c3980f4c6df1ace85b6408754).
[2024/11/30 11:01:50.9693] [SYS] Receive replied task (#441abd7ee81cf14a171441ff4e132789): "rec-on" from 127.0.1.1:20000
[2024/11/30 11:01:50.9698] [SYS] Close the task (#441abd7ee81cf14a171441ff4e132789).
[2024/11/30 11:01:51.2444] [SYS] Receive new task (#98e1cca70f1292c731531a1fcd54a7f9): "pst-on" from 127.0.1.1:20000
[2024/11/30 11:01:51.2519] [SYS] Decode ONN received data:
- Layer: 1 (Receive)
- Encrypted common key: 0x80d80...[512]
- Encrypted content: 0xe53...[65016]
- Decrypted common key: 0xd755cf3...[32]
- Decrypted content: 0x000...[65000]
[2024/11/30 11:01:51.2587] [SYS] Decode ONN received data:
- Layer: 2 (Content)
- Encrypted common key: 0x51790...[512]
- Encrypted message: 0xc365...[39246]
- Decrypted common key: 0x1d91117...[32]
- Decrypted message: 0xf063...[39230]
- Noise: 0x6ea1...[25230]
[2024/11/30 11:01:51.2590] [SYS] Decode ONN received data:
- Layer: 3 (Message)
- Message ID: f063c055f4b4caf21e7bb63a95870bc1
- Message size: 65536
- Flag: DUM
- Type: ff
- Noise: 0x60df...[14504]
- Data [0]: 0x00010000
- Data [1]: 0x03
- Data [2]: 0xff
- Data [3]: 0x97d9...[24696]
[2024/11/30 11:01:51.2591] [SYS] Decode ONN received data:
- Layer: 4 (Data)
- Send user ID: 97d9294b1e02bfc6cef459a7f3e36c9b
- Send user's public key: 0x30820...[550]
- Encrypted common key: 0x7ba06...[512]
- Encrypted message: 0x69e5...[23606]
[2024/11/30 11:01:51.2592] [MSG] Get ONN data ... ONN#f063c055f4b4caf21e7bb63a95870bc1 (65536 byte / 65536 byte)
[2024/11/30 11:01:51.2592] [MSG] Your job flag is ... DUM
[2024/11/30 11:01:51.2601] [SYS] Create ONN send data:
- Layer: 2 (Content)
- Next user's common key: 0x7ba06...[512]
- Next user's message: 0x69e5...[23606]
- Noise: 0xb95e...[40870]
[2024/11/30 11:01:51.2615] [SYS] Create ONN send data:
- Layer: 1 (Root)
- Next user's public key: 0x30820...[550]
- New common key: 0x7a59544...[32]
- Encrypted common key: 0x895c4...[512]
- Target content: 0x000...[65000]
- Encrypted content: 0xfcf...[65016]
[2024/11/30 11:01:51.2618] [MSG] Send ONN data to ... User E (@97d9294b1e02bfc6cef459a7f3e36c9b)
[2024/11/30 11:01:51.2693] [SYS] Send message: "/rec-on #98e1cca70f1292c731531a1fcd54a7f9" to 127.0.1.1:20000
[2024/11/30 11:01:51.2695] [SYS] Send message: "/pst-on #3a662ae29a8f863d1b0c521c8c35f681 0x000...[66092]" to 127.0.1.1:20000
[2024/11/30 11:01:51.2701] [SYS] Close the task (#98e1cca70f1292c731531a1fcd54a7f9).
[2024/11/30 11:01:51.3881] [SYS] Receive replied task (#3a662ae29a8f863d1b0c521c8c35f681): "rec-on" from 127.0.1.1:20000
[2024/11/30 11:01:51.3885] [SYS] Close the task (#3a662ae29a8f863d1b0c521c8c35f681).
[2024/11/30 11:01:51.6495] [SYS] Receive new task (#d35963c46e8e958ebcc2bbd43550d221): "pst-on" from 127.0.1.1:20000
[2024/11/30 11:01:51.6571] [SYS] Decode ONN received data:
- Layer: 1 (Receive)
- Encrypted common key: 0x48dd3...[512]
- Encrypted content: 0xc33...[65016]
- Decrypted common key: 0x7c8154e...[32]
- Decrypted content: 0x000...[65000]
[2024/11/30 11:01:51.6639] [SYS] Decode ONN received data:
- Layer: 2 (Content)
- Encrypted common key: 0x28c97...[512]
- Encrypted message: 0x8989...[35439]
- Decrypted common key: 0x94e01f7...[32]
- Decrypted message: 0xf063...[35423]
- Noise: 0xc44b...[29037]
[2024/11/30 11:01:51.6642] [SYS] Decode ONN received data:
- Layer: 3 (Message)
- Message ID: f063c055f4b4caf21e7bb63a95870bc1
- Message size: 65536
- Flag: DUM
- Type: ff
- Noise: 0xd093...[6658]
- Data [0]: 0x00010000
- Data [1]: 0x03
- Data [2]: 0xff
- Data [3]: 0x97d9...[28735]
[2024/11/30 11:01:51.6644] [SYS] Decode ONN received data:
- Layer: 4 (Data)
- Send user ID: 97d9294b1e02bfc6cef459a7f3e36c9b
- Send user's public key: 0x30820...[550]
- Encrypted common key: 0x6edb3...[512]
- Encrypted message: 0xc7cf...[27645]
[2024/11/30 11:01:51.6644] [MSG] Get ONN data ... ONN#f063c055f4b4caf21e7bb63a95870bc1 (65536 byte / 65536 byte)
[2024/11/30 11:01:51.6645] [MSG] Your job flag is ... DUM
[2024/11/30 11:01:51.6652] [SYS] Create ONN send data:
- Layer: 2 (Content)
- Next user's common key: 0x6edb3...[512]
- Next user's message: 0xc7cf...[27645]
- Noise: 0x7c0c...[36831]
[2024/11/30 11:01:51.6666] [SYS] Create ONN send data:
- Layer: 1 (Root)
- Next user's public key: 0x30820...[550]
- New common key: 0xca4fd16...[32]
- Encrypted common key: 0x655bd...[512]
- Target content: 0x000...[65000]
- Encrypted content: 0x866...[65016]
[2024/11/30 11:01:51.6668] [MSG] Send ONN data to ... User E (@97d9294b1e02bfc6cef459a7f3e36c9b)
[2024/11/30 11:01:51.6741] [SYS] Send message: "/pst-on #279884a3ef6139a187cc4c5473c72e13 0x000...[66092]" to 127.0.1.1:20000
[2024/11/30 11:01:51.6744] [SYS] Send message: "/rec-on #d35963c46e8e958ebcc2bbd43550d221" to 127.0.1.1:20000
[2024/11/30 11:01:51.6751] [SYS] Close the task (#d35963c46e8e958ebcc2bbd43550d221).
[2024/11/30 11:01:51.7972] [SYS] Receive replied task (#279884a3ef6139a187cc4c5473c72e13): "rec-on" from 127.0.1.1:20000
[2024/11/30 11:01:51.7978] [SYS] Close the task (#279884a3ef6139a187cc4c5473c72e13).
[2024/11/30 11:01:51.9724] [SYS] Receive new task (#74eedf665ec039395a7a526f67a6cb55): "pst-on" from 127.0.1.1:20000
[2024/11/30 11:01:51.9818] [SYS] Decode ONN received data:
- Layer: 1 (Receive)
- Encrypted common key: 0xb9560...[512]
- Encrypted content: 0xe3a...[65016]
- Decrypted common key: 0x4309c8f...[32]
- Decrypted content: 0x000...[65000]
[2024/11/30 11:01:51.9899] [SYS] Decode ONN received data:
- Layer: 2 (Content)
- Encrypted common key: 0x5a30c...[512]
- Encrypted message: 0x6751...[42706]
- Decrypted common key: 0x4b06468...[32]
- Decrypted message: 0xf063...[42690]
- Noise: 0xdcc0...[21770]
[2024/11/30 11:01:51.9904] [SYS] Decode ONN received data:
- Layer: 3 (Message)
- Message ID: f063c055f4b4caf21e7bb63a95870bc1
- Message size: 65536
- Flag: DUM
- Type: ff
- Noise: 0xf7b9...[9531]
- Data [0]: 0x00010000
- Data [1]: 0x03
- Data [2]: 0xff
- Data [3]: 0x97d9...[33129]
[2024/11/30 11:01:51.9906] [SYS] Decode ONN received data:
- Layer: 4 (Data)
- Send user ID: 97d9294b1e02bfc6cef459a7f3e36c9b
- Send user's public key: 0x30820...[550]
- Encrypted common key: 0x0a412...[512]
- Encrypted message: 0xe952...[32039]
[2024/11/30 11:01:51.9907] [MSG] Get ONN data ... ONN#f063c055f4b4caf21e7bb63a95870bc1 (65536 byte / 65536 byte)
[2024/11/30 11:01:51.9908] [MSG] Your job flag is ... DUM
[2024/11/30 11:01:51.9918] [SYS] Create ONN send data:
- Layer: 2 (Content)
- Next user's common key: 0x0a412...[512]
- Next user's message: 0xe952...[32039]
- Noise: 0x4908...[32437]
[2024/11/30 11:01:51.9937] [SYS] Create ONN send data:
- Layer: 1 (Root)
- Next user's public key: 0x30820...[550]
- New common key: 0x2384648...[32]
- Encrypted common key: 0x70e95...[512]
- Target content: 0x000...[65000]
- Encrypted content: 0x6cb...[65016]
[2024/11/30 11:01:51.9939] [MSG] Send ONN data to ... User E (@97d9294b1e02bfc6cef459a7f3e36c9b)
[2024/11/30 11:01:52.0022] [SYS] Send message: "/rec-on #74eedf665ec039395a7a526f67a6cb55" to 127.0.1.1:20000
[2024/11/30 11:01:52.0024] [SYS] Send message: "/pst-on #fa6ff903dcfb6e507b1cc24521a2db95 0x000...[66092]" to 127.0.1.1:20000
[2024/11/30 11:01:52.0031] [SYS] Close the task (#74eedf665ec039395a7a526f67a6cb55).
[2024/11/30 11:01:52.0859] [SYS] Receive replied task (#fa6ff903dcfb6e507b1cc24521a2db95): "rec-on" from 127.0.1.1:20000
[2024/11/30 11:01:52.0867] [SYS] Close the task (#fa6ff903dcfb6e507b1cc24521a2db95).
[2024/11/30 11:01:52.2879] [SYS] Receive new task (#3c64ca1a658891ecf7f7b7a8e373e3f5): "pst-on" from 127.0.1.1:20000
[2024/11/30 11:01:52.2993] [SYS] Decode ONN received data:
- Layer: 1 (Receive)
- Encrypted common key: 0xb763f...[512]
- Encrypted content: 0x63c...[65016]
- Decrypted common key: 0xcd826e6...[32]
- Decrypted content: 0x000...[65000]
[2024/11/30 11:01:52.3106] [SYS] Decode ONN received data:
- Layer: 2 (Content)
- Encrypted common key: 0x7ea36...[512]
- Encrypted message: 0x6807...[36964]
- Decrypted common key: 0x28bd4e6...[32]
- Decrypted message: 0xf063...[36948]
- Noise: 0xff2a...[27512]
[2024/11/30 11:01:52.3111] [SYS] Decode ONN received data:
- Layer: 3 (Message)
- Message ID: f063c055f4b4caf21e7bb63a95870bc1
- Message size: 65536
- Flag: DUM
- Type: ff
- Noise: 0x1c30...[11558]
- Data [0]: 0x00010000
- Data [1]: 0x03
- Data [2]: 0xff
- Data [3]: 0x97d9...[25360]
[2024/11/30 11:01:52.3113] [SYS] Decode ONN received data:
- Layer: 4 (Data)
- Send user ID: 97d9294b1e02bfc6cef459a7f3e36c9b
- Send user's public key: 0x30820...[550]
- Encrypted common key: 0x10cd3...[512]
- Encrypted message: 0x7895...[24270]
[2024/11/30 11:01:52.3114] [MSG] Get ONN data ... ONN#f063c055f4b4caf21e7bb63a95870bc1 (65536 byte / 65536 byte)
[2024/11/30 11:01:52.3115] [MSG] Your job flag is ... DUM
[2024/11/30 11:01:52.3126] [SYS] Create ONN send data:
- Layer: 2 (Content)
- Next user's common key: 0x10cd3...[512]
- Next user's message: 0x7895...[24270]
- Noise: 0x09eb...[40206]
[2024/11/30 11:01:52.3146] [SYS] Create ONN send data:
- Layer: 1 (Root)
- Next user's public key: 0x30820...[550]
- New common key: 0x32ddff6...[32]
- Encrypted common key: 0x61786...[512]
- Target content: 0x000...[65000]
- Encrypted content: 0x93a...[65016]
[2024/11/30 11:01:52.3148] [MSG] Send ONN data to ... User E (@97d9294b1e02bfc6cef459a7f3e36c9b)
[2024/11/30 11:01:52.3220] [SYS] Send message: "/rec-on #3c64ca1a658891ecf7f7b7a8e373e3f5" to 127.0.1.1:20000
[2024/11/30 11:01:52.3223] [SYS] Send message: "/pst-on #71950ad8587c8bd0d32afee1749158e9 0x000...[66092]" to 127.0.1.1:20000
[2024/11/30 11:01:52.3230] [SYS] Close the task (#3c64ca1a658891ecf7f7b7a8e373e3f5).
[2024/11/30 11:01:52.4805] [SYS] Receive replied task (#71950ad8587c8bd0d32afee1749158e9): "rec-on" from 127.0.1.1:20000
[2024/11/30 11:01:52.4811] [SYS] Close the task (#71950ad8587c8bd0d32afee1749158e9).
[2024/11/30 11:01:52.6545] [SYS] Receive new task (#68cbb336fe266dbd6843600b3e3a97b4): "pst-on" from 127.0.1.1:20000
[2024/11/30 11:01:52.6640] [SYS] Decode ONN received data:
- Layer: 1 (Receive)
- Encrypted common key: 0x1ab6c...[512]
- Encrypted content: 0x7de...[65016]
- Decrypted common key: 0xa777f94...[32]
- Decrypted content: 0x000...[65000]
[2024/11/30 11:01:52.6727] [SYS] Decode ONN received data:
- Layer: 2 (Content)
- Encrypted common key: 0x627d8...[512]
- Encrypted message: 0xf0aa...[39600]
- Decrypted common key: 0x7fa1927...[32]
- Decrypted message: 0xf063...[39584]
- Noise: 0x252f...[24876]
[2024/11/30 11:01:52.6735] [SYS] Decode ONN received data:
- Layer: 3 (Message)
- Message ID: f063c055f4b4caf21e7bb63a95870bc1
- Message size: 65536
- Flag: DUM
- Type: ff
- Noise: 0xa5a1...[15956]
- Data [0]: 0x00010000
- Data [1]: 0x03
- Data [2]: 0xff
- Data [3]: 0x97d9...[23598]
[2024/11/30 11:01:52.6742] [SYS] Decode ONN received data:
- Layer: 4 (Data)
- Send user ID: 97d9294b1e02bfc6cef459a7f3e36c9b
- Send user's public key: 0x30820...[550]
- Encrypted common key: 0x5800b...[512]
- Encrypted message: 0x3ffb...[22508]
[2024/11/30 11:01:52.6744] [MSG] Get ONN data ... ONN#f063c055f4b4caf21e7bb63a95870bc1 (65536 byte / 65536 byte)
[2024/11/30 11:01:52.6745] [MSG] Your job flag is ... DUM
[2024/11/30 11:01:52.6758] [SYS] Create ONN send data:
- Layer: 2 (Content)
- Next user's common key: 0x5800b...[512]
- Next user's message: 0x3ffb...[22508]
- Noise: 0x0eb2...[41968]
[2024/11/30 11:01:52.6779] [SYS] Create ONN send data:
- Layer: 1 (Root)
- Next user's public key: 0x30820...[550]
- New common key: 0x1edaa2e...[32]
- Encrypted common key: 0x06969...[512]
- Target content: 0x000...[65000]
- Encrypted content: 0x483...[65016]
[2024/11/30 11:01:52.6782] [MSG] Send ONN data to ... User E (@97d9294b1e02bfc6cef459a7f3e36c9b)
[2024/11/30 11:01:52.6884] [SYS] Send message: "/rec-on #68cbb336fe266dbd6843600b3e3a97b4" to 127.0.1.1:20000
[2024/11/30 11:01:52.6888] [SYS] Send message: "/pst-on #289efabc075f6bc2cc044e80d5a676fe 0x000...[66092]" to 127.0.1.1:20000
[2024/11/30 11:01:52.6892] [SYS] Close the task (#68cbb336fe266dbd6843600b3e3a97b4).
[2024/11/30 11:01:52.7804] [SYS] Receive replied task (#289efabc075f6bc2cc044e80d5a676fe): "rec-on" from 127.0.1.1:20000
[2024/11/30 11:01:52.7811] [SYS] Close the task (#289efabc075f6bc2cc044e80d5a676fe).
[2024/11/30 11:01:52.9786] [SYS] Receive new task (#71821d9b9bd1bfca2558f11155aecfe2): "pst-on" from 127.0.1.1:20000
[2024/11/30 11:01:52.9874] [SYS] Decode ONN received data:
- Layer: 1 (Receive)
- Encrypted common key: 0x4443c...[512]
- Encrypted content: 0x902...[65016]
- Decrypted common key: 0xc26eeba...[32]
- Decrypted content: 0x000...[65000]
[2024/11/30 11:01:52.9985] [SYS] Decode ONN received data:
- Layer: 2 (Content)
- Encrypted common key: 0x4bd19...[512]
- Encrypted message: 0x2ed7...[39239]
- Decrypted common key: 0x020e525...[32]
- Decrypted message: 0xf063...[39223]
- Noise: 0xf662...[25237]
[2024/11/30 11:01:52.9990] [SYS] Decode ONN received data:
- Layer: 3 (Message)
- Message ID: f063c055f4b4caf21e7bb63a95870bc1
- Message size: 65536
- Flag: DUM
- Type: ff
- Noise: 0xf6bd...[18471]
- Data [0]: 0x00010000
- Data [1]: 0x03
- Data [2]: 0xff
- Data [3]: 0x97d9...[20722]
[2024/11/30 11:01:52.9991] [SYS] Decode ONN received data:
- Layer: 4 (Data)
- Send user ID: 97d9294b1e02bfc6cef459a7f3e36c9b
- Send user's public key: 0x30820...[550]
- Encrypted common key: 0x559e5...[512]
- Encrypted message: 0x656c...[19632]
[2024/11/30 11:01:52.9992] [MSG] Get ONN data ... ONN#f063c055f4b4caf21e7bb63a95870bc1 (65536 byte / 65536 byte)
[2024/11/30 11:01:52.9993] [MSG] Your job flag is ... DUM
[2024/11/30 11:01:53.0005] [SYS] Create ONN send data:
- Layer: 2 (Content)
- Next user's common key: 0x559e5...[512]
- Next user's message: 0x656c...[19632]
- Noise: 0x8d65...[44844]
[2024/11/30 11:01:53.0020] [SYS] Create ONN send data:
- Layer: 1 (Root)
- Next user's public key: 0x30820...[550]
- New common key: 0x9d2ba42...[32]
- Encrypted common key: 0x27659...[512]
- Target content: 0x000...[65000]
- Encrypted content: 0xcd1...[65016]
[2024/11/30 11:01:53.0022] [MSG] Send ONN data to ... User E (@97d9294b1e02bfc6cef459a7f3e36c9b)
[2024/11/30 11:01:53.0098] [SYS] Send message: "/rec-on #71821d9b9bd1bfca2558f11155aecfe2" to 127.0.1.1:20000
[2024/11/30 11:01:53.0101] [SYS] Send message: "/pst-on #1cc2acae5590852a4954a3175708c5dd 0x000...[66092]" to 127.0.1.1:20000
[2024/11/30 11:01:53.0110] [SYS] Close the task (#71821d9b9bd1bfca2558f11155aecfe2).
[2024/11/30 11:01:53.0892] [SYS] Receive replied task (#1cc2acae5590852a4954a3175708c5dd): "rec-on" from 127.0.1.1:20000
[2024/11/30 11:01:53.0895] [SYS] Close the task (#1cc2acae5590852a4954a3175708c5dd).
[2024/11/30 11:01:53.2710] [SYS] Receive new task (#c7ae1efe0017533b5ffba47050352427): "pst-on" from 127.0.1.1:20000
[2024/11/30 11:01:53.2790] [SYS] Decode ONN received data:
- Layer: 1 (Receive)
- Encrypted common key: 0x6ecfa...[512]
- Encrypted content: 0x475...[65016]
- Decrypted common key: 0x59f356c...[32]
- Decrypted content: 0x000...[65000]
[2024/11/30 11:01:53.2870] [SYS] Decode ONN received data:
- Layer: 2 (Content)
- Encrypted common key: 0x02b89...[512]
- Encrypted message: 0x7e6a...[37527]
- Decrypted common key: 0x466480e...[32]
- Decrypted message: 0xf063...[37511]
- Noise: 0xa407...[26949]
[2024/11/30 11:01:53.2879] [SYS] Decode ONN received data:
- Layer: 3 (Message)
- Message ID: f063c055f4b4caf21e7bb63a95870bc1
- Message size: 65536
- Flag: DUM
- Type: ff
- Noise: 0x6bea...[12372]
- Data [0]: 0x00010000
- Data [1]: 0x03
- Data [2]: 0xff
- Data [3]: 0x97d9...[25109]
[2024/11/30 11:01:53.2882] [SYS] Decode ONN received data:
- Layer: 4 (Data)
- Send user ID: 97d9294b1e02bfc6cef459a7f3e36c9b
- Send user's public key: 0x30820...[550]
- Encrypted common key: 0x92440...[512]
- Encrypted message: 0xa96f...[24019]
[2024/11/30 11:01:53.2884] [MSG] Get ONN data ... ONN#f063c055f4b4caf21e7bb63a95870bc1 (65536 byte / 65536 byte)
[2024/11/30 11:01:53.2885] [MSG] Your job flag is ... DUM
[2024/11/30 11:01:53.2895] [SYS] Create ONN send data:
- Layer: 2 (Content)
- Next user's common key: 0x92440...[512]
- Next user's message: 0xa96f...[24019]
- Noise: 0x6801...[40457]
[2024/11/30 11:01:53.2909] [SYS] Create ONN send data:
- Layer: 1 (Root)
- Next user's public key: 0x30820...[550]
- New common key: 0xf1fc81d...[32]
- Encrypted common key: 0x181b5...[512]
- Target content: 0x000...[65000]
- Encrypted content: 0x48b...[65016]
[2024/11/30 11:01:53.2911] [MSG] Send ONN data to ... User E (@97d9294b1e02bfc6cef459a7f3e36c9b)
[2024/11/30 11:01:53.2990] [SYS] Send message: "/rec-on #c7ae1efe0017533b5ffba47050352427" to 127.0.1.1:20000
[2024/11/30 11:01:53.2992] [SYS] Send message: "/pst-on #a7cbf0beb8e3ac940601951c9b8ec028 0x000...[66092]" to 127.0.1.1:20000
[2024/11/30 11:01:53.3004] [SYS] Close the task (#c7ae1efe0017533b5ffba47050352427).
[2024/11/30 11:01:53.4194] [SYS] Receive replied task (#a7cbf0beb8e3ac940601951c9b8ec028): "rec-on" from 127.0.1.1:20000
[2024/11/30 11:01:53.4197] [SYS] Close the task (#a7cbf0beb8e3ac940601951c9b8ec028).
[2024/11/30 11:01:53.5800] [SYS] Receive new task (#6dd574a4b5c6c47c2e4d4617de31ad3a): "pst-on" from 127.0.1.1:20000
[2024/11/30 11:01:53.5870] [SYS] Decode ONN received data:
- Layer: 1 (Receive)
- Encrypted common key: 0x6e848...[512]
- Encrypted content: 0x395...[65016]
- Decrypted common key: 0x5f8896d...[32]
- Decrypted content: 0x000...[65000]
[2024/11/30 11:01:53.5946] [SYS] Decode ONN received data:
- Layer: 2 (Content)
- Encrypted common key: 0x73b8b...[512]
- Encrypted message: 0x0072...[42358]
- Decrypted common key: 0x4bf2370...[32]
- Decrypted message: 0xf063...[42342]
- Noise: 0x5633...[22118]
[2024/11/30 11:01:53.5949] [SYS] Decode ONN received data:
- Layer: 3 (Message)
- Message ID: f063c055f4b4caf21e7bb63a95870bc1
- Message size: 65536
- Flag: DUM
- Type: ff
- Noise: 0xdd09...[13570]
- Data [0]: 0x00010000
- Data [1]: 0x03
- Data [2]: 0xff
- Data [3]: 0x97d9...[28742]
[2024/11/30 11:01:53.5950] [SYS] Decode ONN received data:
- Layer: 4 (Data)
- Send user ID: 97d9294b1e02bfc6cef459a7f3e36c9b
- Send user's public key: 0x30820...[550]
- Encrypted common key: 0x015cf...[512]
- Encrypted message: 0x180e...[27652]
[2024/11/30 11:01:53.5950] [MSG] Get ONN data ... ONN#f063c055f4b4caf21e7bb63a95870bc1 (65536 byte / 65536 byte)
[2024/11/30 11:01:53.5951] [MSG] Your job flag is ... DUM
[2024/11/30 11:01:53.5958] [SYS] Create ONN send data:
- Layer: 2 (Content)
- Next user's common key: 0x015cf...[512]
- Next user's message: 0x180e...[27652]
- Noise: 0x3fd0...[36824]
[2024/11/30 11:01:53.5971] [SYS] Create ONN send data:
- Layer: 1 (Root)
- Next user's public key: 0x30820...[550]
- New common key: 0x2833373...[32]
- Encrypted common key: 0x8f39c...[512]
- Target content: 0x000...[65000]
- Encrypted content: 0x818...[65016]
[2024/11/30 11:01:53.5972] [MSG] Send ONN data to ... User E (@97d9294b1e02bfc6cef459a7f3e36c9b)
[2024/11/30 11:01:53.6039] [SYS] Send message: "/rec-on #6dd574a4b5c6c47c2e4d4617de31ad3a" to 127.0.1.1:20000
[2024/11/30 11:01:53.6040] [SYS] Send message: "/pst-on #524f1a4fc42895f90ddd936ffe294a76 0x000...[66092]" to 127.0.1.1:20000
[2024/11/30 11:01:53.6044] [SYS] Close the task (#6dd574a4b5c6c47c2e4d4617de31ad3a).
[2024/11/30 11:01:53.7590] [SYS] Receive replied task (#524f1a4fc42895f90ddd936ffe294a76): "rec-on" from 127.0.1.1:20000
[2024/11/30 11:01:53.7593] [SYS] Close the task (#524f1a4fc42895f90ddd936ffe294a76).
[2024/11/30 11:01:53.9512] [SYS] Receive new task (#872a2e017aafb505f35abf0e34e8d0bb): "pst-on" from 127.0.1.1:20000
[2024/11/30 11:01:53.9596] [SYS] Decode ONN received data:
- Layer: 1 (Receive)
- Encrypted common key: 0xb8af4...[512]
- Encrypted content: 0x448...[65016]
- Decrypted common key: 0x92e5f02...[32]
- Decrypted content: 0x000...[65000]
[2024/11/30 11:01:53.9668] [SYS] Decode ONN received data:
- Layer: 2 (Content)
- Encrypted common key: 0x45a7d...[512]
- Encrypted message: 0xd9e7...[39325]
- Decrypted common key: 0x8425517...[32]
- Decrypted message: 0xf063...[39309]
- Noise: 0xd4b0...[25151]
[2024/11/30 11:01:53.9672] [SYS] Decode ONN received data:
- Layer: 3 (Message)
- Message ID: f063c055f4b4caf21e7bb63a95870bc1
- Message size: 65536
- Flag: DUM
- Type: ff
- Noise: 0xc8fd...[14839]
- Data [0]: 0x00010000
- Data [1]: 0x03
- Data [2]: 0xff
- Data [3]: 0x97d9...[24440]
[2024/11/30 11:01:53.9675] [SYS] Decode ONN received data:
- Layer: 4 (Data)
- Send user ID: 97d9294b1e02bfc6cef459a7f3e36c9b
- Send user's public key: 0x30820...[550]
- Encrypted common key: 0x2e329...[512]
- Encrypted message: 0xe1be...[23350]
[2024/11/30 11:01:53.9676] [MSG] Get ONN data ... ONN#f063c055f4b4caf21e7bb63a95870bc1 (65536 byte / 65536 byte)
[2024/11/30 11:01:53.9677] [MSG] Your job flag is ... DUM
[2024/11/30 11:01:53.9685] [SYS] Create ONN send data:
- Layer: 2 (Content)
- Next user's common key: 0x2e329...[512]
- Next user's message: 0xe1be...[23350]
- Noise: 0xc689...[41126]
[2024/11/30 11:01:53.9698] [SYS] Create ONN send data:
- Layer: 1 (Root)
- Next user's public key: 0x30820...[550]
- New common key: 0x89c5ca2...[32]
- Encrypted common key: 0x85b18...[512]
- Target content: 0x000...[65000]
- Encrypted content: 0x2c4...[65016]
[2024/11/30 11:01:53.9700] [MSG] Send ONN data to ... User E (@97d9294b1e02bfc6cef459a7f3e36c9b)
[2024/11/30 11:01:53.9771] [SYS] Send message: "/rec-on #872a2e017aafb505f35abf0e34e8d0bb" to 127.0.1.1:20000
[2024/11/30 11:01:53.9773] [SYS] Send message: "/pst-on #adfc40e42b340d6bd02d013bef0fae3b 0x000...[66092]" to 127.0.1.1:20000
[2024/11/30 11:01:53.9780] [SYS] Close the task (#872a2e017aafb505f35abf0e34e8d0bb).
[2024/11/30 11:01:54.0514] [SYS] Receive replied task (#adfc40e42b340d6bd02d013bef0fae3b): "rec-on" from 127.0.1.1:20000
[2024/11/30 11:01:54.0516] [SYS] Close the task (#adfc40e42b340d6bd02d013bef0fae3b).
[2024/11/30 11:01:54.3193] [SYS] Receive new task (#74b6fd21b7c19793a8b2d5d30f8c5331): "pst-on" from 127.0.1.1:20000
[2024/11/30 11:01:54.3273] [SYS] Decode ONN received data:
- Layer: 1 (Receive)
- Encrypted common key: 0x35887...[512]
- Encrypted content: 0x51c...[65016]
- Decrypted common key: 0x3bf1973...[32]
- Decrypted content: 0x000...[65000]
[2024/11/30 11:01:54.3357] [SYS] Decode ONN received data:
- Layer: 2 (Content)
- Encrypted common key: 0x29e6d...[512]
- Encrypted message: 0x7e95...[39549]
- Decrypted common key: 0xee6e743...[32]
- Decrypted message: 0xf063...[39533]
- Noise: 0x406d...[24927]
[2024/11/30 11:01:54.3362] [SYS] Decode ONN received data:
- Layer: 3 (Message)
- Message ID: f063c055f4b4caf21e7bb63a95870bc1
- Message size: 65536
- Flag: DUM
- Type: ff
- Noise: 0xe754...[14976]
- Data [0]: 0x00010000
- Data [1]: 0x03
- Data [2]: 0xff
- Data [3]: 0x97d9...[24527]
[2024/11/30 11:01:54.3364] [SYS] Decode ONN received data:
- Layer: 4 (Data)
- Send user ID: 97d9294b1e02bfc6cef459a7f3e36c9b
- Send user's public key: 0x30820...[550]
- Encrypted common key: 0x14919...[512]
- Encrypted message: 0x2eac...[23437]
[2024/11/30 11:01:54.3364] [MSG] Get ONN data ... ONN#f063c055f4b4caf21e7bb63a95870bc1 (65536 byte / 65536 byte)
[2024/11/30 11:01:54.3364] [MSG] Your job flag is ... DUM
[2024/11/30 11:01:54.3374] [SYS] Create ONN send data:
- Layer: 2 (Content)
- Next user's common key: 0x14919...[512]
- Next user's message: 0x2eac...[23437]
- Noise: 0x15a4...[41039]
[2024/11/30 11:01:54.3388] [SYS] Create ONN send data:
- Layer: 1 (Root)
- Next user's public key: 0x30820...[550]
- New common key: 0xd41682b...[32]
- Encrypted common key: 0x3a148...[512]
- Target content: 0x000...[65000]
- Encrypted content: 0xad8...[65016]
[2024/11/30 11:01:54.3389] [MSG] Send ONN data to ... User E (@97d9294b1e02bfc6cef459a7f3e36c9b)
[2024/11/30 11:01:54.3456] [SYS] Send message: "/pst-on #3cd0a5ef9fade109fd4841f1a9356050 0x000...[66092]" to 127.0.1.1:20000
[2024/11/30 11:01:54.3457] [SYS] Send message: "/rec-on #74b6fd21b7c19793a8b2d5d30f8c5331" to 127.0.1.1:20000
[2024/11/30 11:01:54.3463] [SYS] Close the task (#74b6fd21b7c19793a8b2d5d30f8c5331).
[2024/11/30 11:01:54.4659] [SYS] Receive replied task (#3cd0a5ef9fade109fd4841f1a9356050): "rec-on" from 127.0.1.1:20000
[2024/11/30 11:01:54.4666] [SYS] Close the task (#3cd0a5ef9fade109fd4841f1a9356050).
[2024/11/30 11:01:54.6100] [SYS] Receive new task (#b8e9bdc5bfd868b01b08238ba1bab222): "pst-on" from 127.0.1.1:20000
[2024/11/30 11:01:54.6177] [SYS] Decode ONN received data:
- Layer: 1 (Receive)
- Encrypted common key: 0x829d8...[512]
- Encrypted content: 0x13b...[65016]
- Decrypted common key: 0xd301139...[32]
- Decrypted content: 0x000...[65000]
[2024/11/30 11:01:54.6244] [SYS] Decode ONN received data:
- Layer: 2 (Content)
- Encrypted common key: 0x8855a...[512]
- Encrypted message: 0xdd53...[39076]
- Decrypted common key: 0x9e1516f...[32]
- Decrypted message: 0xf063...[39060]
- Noise: 0x1639...[25400]
[2024/11/30 11:01:54.6247] [SYS] Decode ONN received data:
- Layer: 3 (Message)
- Message ID: f063c055f4b4caf21e7bb63a95870bc1
- Message size: 65536
- Flag: DUM
- Type: ff
- Noise: 0x036e...[15488]
- Data [0]: 0x00010000
- Data [1]: 0x03
- Data [2]: 0xff
- Data [3]: 0x97d9...[23542]
[2024/11/30 11:01:54.6248] [SYS] Decode ONN received data:
- Layer: 4 (Data)
- Send user ID: 97d9294b1e02bfc6cef459a7f3e36c9b
- Send user's public key: 0x30820...[550]
- Encrypted common key: 0x38f85...[512]
- Encrypted message: 0xc0bc...[22452]
[2024/11/30 11:01:54.6248] [MSG] Get ONN data ... ONN#f063c055f4b4caf21e7bb63a95870bc1 (65536 byte / 65536 byte)
[2024/11/30 11:01:54.6248] [MSG] Your job flag is ... DUM
[2024/11/30 11:01:54.6257] [SYS] Create ONN send data:
- Layer: 2 (Content)
- Next user's common key: 0x38f85...[512]
- Next user's message: 0xc0bc...[22452]
- Noise: 0xdec0...[42024]
[2024/11/30 11:01:54.6269] [SYS] Create ONN send data:
- Layer: 1 (Root)
- Next user's public key: 0x30820...[550]
- New common key: 0x539272b...[32]
- Encrypted common key: 0x12e9b...[512]
- Target content: 0x000...[65000]
- Encrypted content: 0xe1f...[65016]
[2024/11/30 11:01:54.6270] [MSG] Send ONN data to ... User E (@97d9294b1e02bfc6cef459a7f3e36c9b)
[2024/11/30 11:01:54.6343] [SYS] Send message: "/rec-on #b8e9bdc5bfd868b01b08238ba1bab222" to 127.0.1.1:20000
[2024/11/30 11:01:54.6344] [SYS] Send message: "/pst-on #1bd1cc51548d553c0f62176f57af3926 0x000...[66092]" to 127.0.1.1:20000
[2024/11/30 11:01:54.6349] [SYS] Close the task (#b8e9bdc5bfd868b01b08238ba1bab222).
[2024/11/30 11:01:54.7524] [SYS] Receive replied task (#1bd1cc51548d553c0f62176f57af3926): "rec-on" from 127.0.1.1:20000
[2024/11/30 11:01:54.7531] [SYS] Close the task (#1bd1cc51548d553c0f62176f57af3926).
[2024/11/30 11:01:55.0061] [SYS] Receive new task (#1e1502ee37d3cb9026dd7bb39aab6e47): "pst-on" from 127.0.1.1:20000
[2024/11/30 11:01:55.0182] [SYS] Decode ONN received data:
- Layer: 1 (Receive)
- Encrypted common key: 0x5b805...[512]
- Encrypted content: 0x385...[65016]
- Decrypted common key: 0x8067de7...[32]
- Decrypted content: 0x000...[65000]
[2024/11/30 11:01:55.0250] [SYS] Decode ONN received data:
- Layer: 2 (Content)
- Encrypted common key: 0xac892...[512]
- Encrypted message: 0x3a35...[44259]
- Decrypted common key: 0xa290b38...[32]
- Decrypted message: 0xf063...[44243]
- Noise: 0x664a...[20217]
[2024/11/30 11:01:55.0252] [SYS] Decode ONN received data:
- Layer: 3 (Message)
- Message ID: f063c055f4b4caf21e7bb63a95870bc1
- Message size: 65536
- Flag: DUM
- Type: ff
- Noise: 0x1e5b...[11995]
- Data [0]: 0x00010000
- Data [1]: 0x03
- Data [2]: 0xff
- Data [3]: 0x97d9...[32218]
[2024/11/30 11:01:55.0253] [SYS] Decode ONN received data:
- Layer: 4 (Data)
- Send user ID: 97d9294b1e02bfc6cef459a7f3e36c9b
- Send user's public key: 0x30820...[550]
- Encrypted common key: 0x3d9e7...[512]
- Encrypted message: 0x21bb...[31128]
[2024/11/30 11:01:55.0254] [MSG] Get ONN data ... ONN#f063c055f4b4caf21e7bb63a95870bc1 (65536 byte / 65536 byte)
[2024/11/30 11:01:55.0254] [MSG] Your job flag is ... DUM
[2024/11/30 11:01:55.0261] [SYS] Create ONN send data:
- Layer: 2 (Content)
- Next user's common key: 0x3d9e7...[512]
- Next user's message: 0x21bb...[31128]
- Noise: 0x85c4...[33348]
[2024/11/30 11:01:55.0268] [SYS] Create ONN send data:
- Layer: 1 (Root)
- Next user's public key: 0x30820...[550]
- New common key: 0xdef4693...[32]
- Encrypted common key: 0x421fb...[512]
- Target content: 0x000...[65000]
- Encrypted content: 0x1c2...[65016]
[2024/11/30 11:01:55.0268] [MSG] Send ONN data to ... User E (@97d9294b1e02bfc6cef459a7f3e36c9b)
[2024/11/30 11:01:55.0337] [SYS] Send message: "/rec-on #1e1502ee37d3cb9026dd7bb39aab6e47" to 127.0.1.1:20000
[2024/11/30 11:01:55.0339] [SYS] Send message: "/pst-on #44a7c4e0563acf28b8577d53b00a7fc0 0x000...[66092]" to 127.0.1.1:20000
[2024/11/30 11:01:55.0348] [SYS] Close the task (#1e1502ee37d3cb9026dd7bb39aab6e47).
[2024/11/30 11:01:55.1464] [SYS] Receive replied task (#44a7c4e0563acf28b8577d53b00a7fc0): "rec-on" from 127.0.1.1:20000
[2024/11/30 11:01:55.1467] [SYS] Close the task (#44a7c4e0563acf28b8577d53b00a7fc0).
[2024/11/30 11:01:55.3513] [SYS] Receive new task (#f0d58203c8bb17d0b89a0867b7216e38): "pst-on" from 127.0.1.1:20000
[2024/11/30 11:01:55.3583] [SYS] Decode ONN received data:
- Layer: 1 (Receive)
- Encrypted common key: 0xa31f0...[512]
- Encrypted content: 0x296...[65016]
- Decrypted common key: 0x66b0e36...[32]
- Decrypted content: 0x000...[65000]
[2024/11/30 11:01:55.3651] [SYS] Decode ONN received data:
- Layer: 2 (Content)
- Encrypted common key: 0x575e2...[512]
- Encrypted message: 0xb7c6...[39146]
- Decrypted common key: 0x9a537ed...[32]
- Decrypted message: 0xf063...[39130]
- Noise: 0xa1f1...[25330]
[2024/11/30 11:01:55.3653] [SYS] Decode ONN received data:
- Layer: 3 (Message)
- Message ID: f063c055f4b4caf21e7bb63a95870bc1
- Message size: 65536
- Flag: DUM
- Type: ff
- Noise: 0xa66f...[11169]
- Data [0]: 0x00010000
- Data [1]: 0x03
- Data [2]: 0xff
- Data [3]: 0x97d9...[27931]
[2024/11/30 11:01:55.3653] [SYS] Decode ONN received data:
- Layer: 4 (Data)
- Send user ID: 97d9294b1e02bfc6cef459a7f3e36c9b
- Send user's public key: 0x30820...[550]
- Encrypted common key: 0x06139...[512]
- Encrypted message: 0xc2fa...[26841]
[2024/11/30 11:01:55.3654] [MSG] Get ONN data ... ONN#f063c055f4b4caf21e7bb63a95870bc1 (65536 byte / 65536 byte)
[2024/11/30 11:01:55.3654] [MSG] Your job flag is ... DUM
[2024/11/30 11:01:55.3661] [SYS] Create ONN send data:
- Layer: 2 (Content)
- Next user's common key: 0x06139...[512]
- Next user's message: 0xc2fa...[26841]
- Noise: 0x6a5e...[37635]
[2024/11/30 11:01:55.3669] [SYS] Create ONN send data:
- Layer: 1 (Root)
- Next user's public key: 0x30820...[550]
- New common key: 0x50369e7...[32]
- Encrypted common key: 0x753c1...[512]
- Target content: 0x000...[65000]
- Encrypted content: 0xe83...[65016]
[2024/11/30 11:01:55.3670] [MSG] Send ONN data to ... User E (@97d9294b1e02bfc6cef459a7f3e36c9b)
[2024/11/30 11:01:55.3733] [SYS] Send message: "/pst-on #f254d3fb5c49b6cea07c05ac037dc941 0x000...[66092]" to 127.0.1.1:20000
[2024/11/30 11:01:55.3734] [SYS] Send message: "/rec-on #f0d58203c8bb17d0b89a0867b7216e38" to 127.0.1.1:20000
[2024/11/30 11:01:55.3746] [SYS] Close the task (#f0d58203c8bb17d0b89a0867b7216e38).
[2024/11/30 11:01:55.5306] [SYS] Receive replied task (#f254d3fb5c49b6cea07c05ac037dc941): "rec-on" from 127.0.1.1:20000
[2024/11/30 11:01:55.5312] [SYS] Close the task (#f254d3fb5c49b6cea07c05ac037dc941).
[2024/11/30 11:01:55.7808] [SYS] Receive new task (#d94729084cd1668c2214fe516a6f5e2e): "pst-on" from 127.0.1.1:20000
[2024/11/30 11:01:55.7886] [SYS] Decode ONN received data:
- Layer: 1 (Receive)
- Encrypted common key: 0xa5cce...[512]
- Encrypted content: 0x23b...[65016]
- Decrypted common key: 0xd0266ee...[32]
- Decrypted content: 0x000...[65000]
[2024/11/30 11:01:55.7972] [SYS] Decode ONN received data:
- Layer: 2 (Content)
- Encrypted common key: 0xa694e...[512]
- Encrypted message: 0xdf08...[37361]
- Decrypted common key: 0x259fb2d...[32]
- Decrypted message: 0xf063...[37345]
- Noise: 0xc059...[27115]
[2024/11/30 11:01:55.7975] [SYS] Decode ONN received data:
- Layer: 3 (Message)
- Message ID: f063c055f4b4caf21e7bb63a95870bc1
- Message size: 65536
- Flag: DUM
- Type: ff
- Noise: 0x9b26...[9029]
- Data [0]: 0x00010000
- Data [1]: 0x03
- Data [2]: 0xff
- Data [3]: 0x97d9...[28286]
[2024/11/30 11:01:55.7977] [SYS] Decode ONN received data:
- Layer: 4 (Data)
- Send user ID: 97d9294b1e02bfc6cef459a7f3e36c9b
- Send user's public key: 0x30820...[550]
- Encrypted common key: 0x1b2a3...[512]
- Encrypted message: 0xd860...[27196]
[2024/11/30 11:01:55.7977] [MSG] Get ONN data ... ONN#f063c055f4b4caf21e7bb63a95870bc1 (65536 byte / 65536 byte)
[2024/11/30 11:01:55.7978] [MSG] Your job flag is ... DUM
[2024/11/30 11:01:55.7987] [SYS] Create ONN send data:
- Layer: 2 (Content)
- Next user's common key: 0x1b2a3...[512]
- Next user's message: 0xd860...[27196]
- Noise: 0xf53a...[37280]
[2024/11/30 11:01:55.8000] [SYS] Create ONN send data:
- Layer: 1 (Root)
- Next user's public key: 0x30820...[550]
- New common key: 0x5d2ba75...[32]
- Encrypted common key: 0x69d9b...[512]
- Target content: 0x000...[65000]
- Encrypted content: 0xb7a...[65016]
[2024/11/30 11:01:55.8001] [MSG] Send ONN data to ... User E (@97d9294b1e02bfc6cef459a7f3e36c9b)
[2024/11/30 11:01:55.8082] [SYS] Send message: "/rec-on #d94729084cd1668c2214fe516a6f5e2e" to 127.0.1.1:20000
[2024/11/30 11:01:55.8084] [SYS] Send message: "/pst-on #e4edceddb22709e16ed51c7fdc0bfd69 0x000...[66092]" to 127.0.1.1:20000
[2024/11/30 11:01:55.8093] [SYS] Close the task (#d94729084cd1668c2214fe516a6f5e2e).
[2024/11/30 11:01:55.8863] [SYS] Receive replied task (#e4edceddb22709e16ed51c7fdc0bfd69): "rec-on" from 127.0.1.1:20000
[2024/11/30 11:01:55.8871] [SYS] Close the task (#e4edceddb22709e16ed51c7fdc0bfd69).
[2024/11/30 11:01:56.1434] [SYS] Receive new task (#ceabaf3ac6d840559471ef617c643c3e): "pst-on" from 127.0.1.1:20000
[2024/11/30 11:01:56.1510] [SYS] Decode ONN received data:
- Layer: 1 (Receive)
- Encrypted common key: 0x0a299...[512]
- Encrypted content: 0xd03...[65016]
- Decrypted common key: 0xd81ba5e...[32]
- Decrypted content: 0x000...[65000]
[2024/11/30 11:01:56.1573] [SYS] Decode ONN received data:
- Layer: 2 (Content)
- Encrypted common key: 0x85791...[512]
- Encrypted message: 0xd65c...[39227]
- Decrypted common key: 0x8df088e...[32]
- Decrypted message: 0xf063...[39211]
- Noise: 0x8a89...[25249]
[2024/11/30 11:01:56.1575] [SYS] Decode ONN received data:
- Layer: 3 (Message)
- Message ID: f063c055f4b4caf21e7bb63a95870bc1
- Message size: 65536
- Flag: DUM
- Type: ff
- Noise: 0xbeb2...[8610]
- Data [0]: 0x00010000
- Data [1]: 0x03
- Data [2]: 0xff
- Data [3]: 0x97d9...[30571]
[2024/11/30 11:01:56.1581] [SYS] Decode ONN received data:
- Layer: 4 (Data)
- Send user ID: 97d9294b1e02bfc6cef459a7f3e36c9b
- Send user's public key: 0x30820...[550]
- Encrypted common key: 0x4ac27...[512]
- Encrypted message: 0xc625...[29481]
[2024/11/30 11:01:56.1581] [MSG] Get ONN data ... ONN#f063c055f4b4caf21e7bb63a95870bc1 (65536 byte / 65536 byte)
[2024/11/30 11:01:56.1582] [MSG] Your job flag is ... DUM
[2024/11/30 11:01:56.1587] [SYS] Create ONN send data:
- Layer: 2 (Content)
- Next user's common key: 0x4ac27...[512]
- Next user's message: 0xc625...[29481]
- Noise: 0x9227...[34995]
[2024/11/30 11:01:56.1595] [SYS] Create ONN send data:
- Layer: 1 (Root)
- Next user's public key: 0x30820...[550]
- New common key: 0x6393374...[32]
- Encrypted common key: 0x71e07...[512]
- Target content: 0x000...[65000]
- Encrypted content: 0x828...[65016]
[2024/11/30 11:01:56.1597] [MSG] Send ONN data to ... User E (@97d9294b1e02bfc6cef459a7f3e36c9b)
[2024/11/30 11:01:56.1673] [SYS] Send message: "/rec-on #ceabaf3ac6d840559471ef617c643c3e" to 127.0.1.1:20000
[2024/11/30 11:01:56.1678] [SYS] Send message: "/pst-on #0c487589c287940bce370fb6aa35a32b 0x000...[66092]" to 127.0.1.1:20000
[2024/11/30 11:01:56.1685] [SYS] Close the task (#ceabaf3ac6d840559471ef617c643c3e).
[2024/11/30 11:01:56.2878] [SYS] Receive replied task (#0c487589c287940bce370fb6aa35a32b): "rec-on" from 127.0.1.1:20000
[2024/11/30 11:01:56.2885] [SYS] Close the task (#0c487589c287940bce370fb6aa35a32b).
[2024/11/30 11:01:56.5383] [SYS] Receive new task (#6679fc3af4a74caea69a4f74a2cada33): "pst-on" from 127.0.1.1:20000
[2024/11/30 11:01:56.5457] [SYS] Decode ONN received data:
- Layer: 1 (Receive)
- Encrypted common key: 0x3b49c...[512]
- Encrypted content: 0xc8f...[65016]
- Decrypted common key: 0xf239836...[32]
- Decrypted content: 0x000...[65000]
[2024/11/30 11:01:56.5521] [SYS] Decode ONN received data:
- Layer: 2 (Content)
- Encrypted common key: 0x74316...[512]
- Encrypted message: 0x8170...[30576]
- Decrypted common key: 0x1a5eb6b...[32]
- Decrypted message: 0xf063...[30560]
- Noise: 0x2806...[33900]
[2024/11/30 11:01:56.5525] [SYS] Decode ONN received data:
- Layer: 3 (Message)
- Message ID: f063c055f4b4caf21e7bb63a95870bc1
- Message size: 65536
- Flag: DUM
- Type: ff
- Noise: 0x692a...[7281]
- Data [0]: 0x00010000
- Data [1]: 0x03
- Data [2]: 0xff
- Data [3]: 0x97d9...[23249]
[2024/11/30 11:01:56.5525] [SYS] Decode ONN received data:
- Layer: 4 (Data)
- Send user ID: 97d9294b1e02bfc6cef459a7f3e36c9b
- Send user's public key: 0x30820...[550]
- Encrypted common key: 0x4b0a9...[512]
- Encrypted message: 0x4ec2...[22159]
[2024/11/30 11:01:56.5526] [MSG] Get ONN data ... ONN#f063c055f4b4caf21e7bb63a95870bc1 (65536 byte / 65536 byte)
[2024/11/30 11:01:56.5526] [MSG] Your job flag is ... DUM
[2024/11/30 11:01:56.5533] [SYS] Create ONN send data:
- Layer: 2 (Content)
- Next user's common key: 0x4b0a9...[512]
- Next user's message: 0x4ec2...[22159]
- Noise: 0xd980...[42317]
[2024/11/30 11:01:56.5541] [SYS] Create ONN send data:
- Layer: 1 (Root)
- Next user's public key: 0x30820...[550]
- New common key: 0xeef999e...[32]
- Encrypted common key: 0x1d847...[512]
- Target content: 0x000...[65000]
- Encrypted content: 0x0b3...[65016]
[2024/11/30 11:01:56.5542] [MSG] Send ONN data to ... User E (@97d9294b1e02bfc6cef459a7f3e36c9b)
[2024/11/30 11:01:56.5606] [SYS] Send message: "/rec-on #6679fc3af4a74caea69a4f74a2cada33" to 127.0.1.1:20000
[2024/11/30 11:01:56.5608] [SYS] Send message: "/pst-on #d100795703ce1be1896544fecb6fefa0 0x000...[66092]" to 127.0.1.1:20000
[2024/11/30 11:01:56.5612] [SYS] Close the task (#6679fc3af4a74caea69a4f74a2cada33).
[2024/11/30 11:01:56.6829] [SYS] Receive replied task (#d100795703ce1be1896544fecb6fefa0): "rec-on" from 127.0.1.1:20000
[2024/11/30 11:01:56.6837] [SYS] Close the task (#d100795703ce1be1896544fecb6fefa0).
[2024/11/30 11:01:56.8918] [SYS] Receive new task (#3bd41f5b894e315b1285be798da3e981): "pst-on" from 127.0.1.1:20000
[2024/11/30 11:01:56.8990] [SYS] Decode ONN received data:
- Layer: 1 (Receive)
- Encrypted common key: 0x09dbd...[512]
- Encrypted content: 0x87a...[65016]
- Decrypted common key: 0xb39be8d...[32]
- Decrypted content: 0x000...[65000]
[2024/11/30 11:01:56.9057] [SYS] Decode ONN received data:
- Layer: 2 (Content)
- Encrypted common key: 0x21bf9...[512]
- Encrypted message: 0x1ce5...[40048]
- Decrypted common key: 0x8e6b44e...[32]
- Decrypted message: 0xf063...[40032]
- Noise: 0x68ee...[24428]
[2024/11/30 11:01:56.9059] [SYS] Decode ONN received data:
- Layer: 3 (Message)
- Message ID: f063c055f4b4caf21e7bb63a95870bc1
- Message size: 65536
- Flag: DUM
- Type: ff
- Noise: 0x249e...[16443]
- Data [0]: 0x00010000
- Data [1]: 0x03
- Data [2]: 0xff
- Data [3]: 0x97d9...[23559]
[2024/11/30 11:01:56.9061] [SYS] Decode ONN received data:
- Layer: 4 (Data)
- Send user ID: 97d9294b1e02bfc6cef459a7f3e36c9b
- Send user's public key: 0x30820...[550]
- Encrypted common key: 0x2aed4...[512]
- Encrypted message: 0x5db1...[22469]
[2024/11/30 11:01:56.9061] [MSG] Get ONN data ... ONN#f063c055f4b4caf21e7bb63a95870bc1 (65536 byte / 65536 byte)
[2024/11/30 11:01:56.9061] [MSG] Your job flag is ... DUM
[2024/11/30 11:01:56.9069] [SYS] Create ONN send data:
- Layer: 2 (Content)
- Next user's common key: 0x2aed4...[512]
- Next user's message: 0x5db1...[22469]
- Noise: 0x565f...[42007]
[2024/11/30 11:01:56.9075] [SYS] Create ONN send data:
- Layer: 1 (Root)
- Next user's public key: 0x30820...[550]
- New common key: 0xd6dec82...[32]
- Encrypted common key: 0x110b7...[512]
- Target content: 0x000...[65000]
- Encrypted content: 0xfad...[65016]
[2024/11/30 11:01:56.9076] [MSG] Send ONN data to ... User E (@97d9294b1e02bfc6cef459a7f3e36c9b)
[2024/11/30 11:01:56.9142] [SYS] Send message: "/rec-on #3bd41f5b894e315b1285be798da3e981" to 127.0.1.1:20000
[2024/11/30 11:01:56.9143] [SYS] Send message: "/pst-on #fabc425d55c39fede46fa471041b7b19 0x000...[66092]" to 127.0.1.1:20000
[2024/11/30 11:01:56.9149] [SYS] Close the task (#3bd41f5b894e315b1285be798da3e981).
[2024/11/30 11:01:57.0713] [SYS] Receive replied task (#fabc425d55c39fede46fa471041b7b19): "rec-on" from 127.0.1.1:20000
[2024/11/30 11:01:57.0715] [SYS] Close the task (#fabc425d55c39fede46fa471041b7b19).
[2024/11/30 11:01:57.2031] [SYS] Receive new task (#712477852c250d60b91e54209335b83e): "pst-on" from 127.0.1.1:20000
[2024/11/30 11:01:57.2104] [SYS] Decode ONN received data:
- Layer: 1 (Receive)
- Encrypted common key: 0xa74c6...[512]
- Encrypted content: 0x5d6...[65016]
- Decrypted common key: 0x7792c6d...[32]
- Decrypted content: 0x000...[65000]
[2024/11/30 11:01:57.2181] [SYS] Decode ONN received data:
- Layer: 2 (Content)
- Encrypted common key: 0x3e108...[512]
- Encrypted message: 0x942f...[45631]
- Decrypted common key: 0x1eea22f...[32]
- Decrypted message: 0xf063...[45615]
- Noise: 0xe35f...[18845]
[2024/11/30 11:01:57.2189] [SYS] Decode ONN received data:
- Layer: 3 (Message)
- Message ID: f063c055f4b4caf21e7bb63a95870bc1
- Message size: 65536
- Flag: DUM
- Type: ff
- Noise: 0xc61d...[14106]
- Data [0]: 0x00010000
- Data [1]: 0x03
- Data [2]: 0xff
- Data [3]: 0x97d9...[31479]
[2024/11/30 11:01:57.2191] [SYS] Decode ONN received data:
- Layer: 4 (Data)
- Send user ID: 97d9294b1e02bfc6cef459a7f3e36c9b
- Send user's public key: 0x30820...[550]
- Encrypted common key: 0x8599d...[512]
- Encrypted message: 0x74b4...[30389]
[2024/11/30 11:01:57.2192] [MSG] Get ONN data ... ONN#f063c055f4b4caf21e7bb63a95870bc1 (65536 byte / 65536 byte)
[2024/11/30 11:01:57.2192] [MSG] Your job flag is ... DUM
[2024/11/30 11:01:57.2205] [SYS] Create ONN send data:
- Layer: 2 (Content)
- Next user's common key: 0x8599d...[512]
- Next user's message: 0x74b4...[30389]
- Noise: 0x872a...[34087]
[2024/11/30 11:01:57.2213] [SYS] Create ONN send data:
- Layer: 1 (Root)
- Next user's public key: 0x30820...[550]
- New common key: 0x0a474d0...[32]
- Encrypted common key: 0x4349a...[512]
- Target content: 0x000...[65000]
- Encrypted content: 0x20d...[65016]
[2024/11/30 11:01:57.2214] [MSG] Send ONN data to ... User E (@97d9294b1e02bfc6cef459a7f3e36c9b)
[2024/11/30 11:01:57.2292] [SYS] Send message: "/rec-on #712477852c250d60b91e54209335b83e" to 127.0.1.1:20000
[2024/11/30 11:01:57.2293] [SYS] Send message: "/pst-on #8081de35095f2a46eacbd530615feb4b 0x000...[66092]" to 127.0.1.1:20000
[2024/11/30 11:01:57.2298] [SYS] Close the task (#712477852c250d60b91e54209335b83e).
[2024/11/30 11:01:57.3025] [SYS] Receive replied task (#8081de35095f2a46eacbd530615feb4b): "rec-on" from 127.0.1.1:20000
[2024/11/30 11:01:57.3030] [SYS] Close the task (#8081de35095f2a46eacbd530615feb4b).
[2024/11/30 11:01:57.5691] [SYS] Receive new task (#2ea84a2cd221407beacfd435f868ea54): "pst-on" from 127.0.1.1:20000
[2024/11/30 11:01:57.5797] [SYS] Decode ONN received data:
- Layer: 1 (Receive)
- Encrypted common key: 0x23ad7...[512]
- Encrypted content: 0xf8e...[65016]
- Decrypted common key: 0xbedf219...[32]
- Decrypted content: 0x000...[65000]
[2024/11/30 11:01:57.5865] [SYS] Decode ONN received data:
- Layer: 2 (Content)
- Encrypted common key: 0x7965d...[512]
- Encrypted message: 0x60a5...[39744]
- Decrypted common key: 0xf9abb8a...[32]
- Decrypted message: 0xf063...[39728]
- Noise: 0x7456...[24732]
[2024/11/30 11:01:57.5869] [SYS] Decode ONN received data:
- Layer: 3 (Message)
- Message ID: f063c055f4b4caf21e7bb63a95870bc1
- Message size: 65536
- Flag: DUM
- Type: ff
- Noise: 0x1c00...[7909]
- Data [0]: 0x00010000
- Data [1]: 0x03
- Data [2]: 0xff
- Data [3]: 0x97d9...[31789]
[2024/11/30 11:01:57.5870] [SYS] Decode ONN received data:
- Layer: 4 (Data)
- Send user ID: 97d9294b1e02bfc6cef459a7f3e36c9b
- Send user's public key: 0x30820...[550]
- Encrypted common key: 0x8a1e4...[512]
- Encrypted message: 0x6c80...[30699]
[2024/11/30 11:01:57.5870] [MSG] Get ONN data ... ONN#f063c055f4b4caf21e7bb63a95870bc1 (65536 byte / 65536 byte)
[2024/11/30 11:01:57.5871] [MSG] Your job flag is ... DUM
[2024/11/30 11:01:57.5877] [SYS] Create ONN send data:
- Layer: 2 (Content)
- Next user's common key: 0x8a1e4...[512]
- Next user's message: 0x6c80...[30699]
- Noise: 0x053d...[33777]
[2024/11/30 11:01:57.5884] [SYS] Create ONN send data:
- Layer: 1 (Root)
- Next user's public key: 0x30820...[550]
- New common key: 0xd7e52f5...[32]
- Encrypted common key: 0x18de7...[512]
- Target content: 0x000...[65000]
- Encrypted content: 0xcf8...[65016]
[2024/11/30 11:01:57.5885] [MSG] Send ONN data to ... User E (@97d9294b1e02bfc6cef459a7f3e36c9b)
[2024/11/30 11:01:57.5951] [SYS] Send message: "/rec-on #2ea84a2cd221407beacfd435f868ea54" to 127.0.1.1:20000
[2024/11/30 11:01:57.5952] [SYS] Send message: "/pst-on #e489ab0a093ce4dc243ddbeb88c6d40f 0x000...[66092]" to 127.0.1.1:20000
[2024/11/30 11:01:57.5956] [SYS] Close the task (#2ea84a2cd221407beacfd435f868ea54).
[2024/11/30 11:01:57.7468] [SYS] Receive replied task (#e489ab0a093ce4dc243ddbeb88c6d40f): "rec-on" from 127.0.1.1:20000
[2024/11/30 11:01:57.7474] [SYS] Close the task (#e489ab0a093ce4dc243ddbeb88c6d40f).
[2024/11/30 11:01:57.9571] [SYS] Receive new task (#ab73c224e092d9a8b24d20de5927345a): "pst-on" from 127.0.1.1:20000
[2024/11/30 11:01:57.9668] [SYS] Decode ONN received data:
- Layer: 1 (Receive)
- Encrypted common key: 0x68cec...[512]
- Encrypted content: 0x90a...[65016]
- Decrypted common key: 0x6e6f060...[32]
- Decrypted content: 0x000...[65000]
[2024/11/30 11:01:57.9749] [SYS] Decode ONN received data:
- Layer: 2 (Content)
- Encrypted common key: 0xad187...[512]
- Encrypted message: 0x70d7...[44108]
- Decrypted common key: 0x8e47a75...[32]
- Decrypted message: 0xf063...[44092]
- Noise: 0x802c...[20368]
[2024/11/30 11:01:57.9751] [SYS] Decode ONN received data:
- Layer: 3 (Message)
- Message ID: f063c055f4b4caf21e7bb63a95870bc1
- Message size: 65536
- Flag: DUM
- Type: ff
- Noise: 0x9b63...[9399]
- Data [0]: 0x00010000
- Data [1]: 0x03
- Data [2]: 0xff
- Data [3]: 0x97d9...[34663]
[2024/11/30 11:01:57.9751] [SYS] Decode ONN received data:
- Layer: 4 (Data)
- Send user ID: 97d9294b1e02bfc6cef459a7f3e36c9b
- Send user's public key: 0x30820...[550]
- Encrypted common key: 0x21334...[512]
- Encrypted message: 0x6cea...[33573]
[2024/11/30 11:01:57.9752] [MSG] Get ONN data ... ONN#f063c055f4b4caf21e7bb63a95870bc1 (65536 byte / 65536 byte)
[2024/11/30 11:01:57.9752] [MSG] Your job flag is ... DUM
[2024/11/30 11:01:57.9759] [SYS] Create ONN send data:
- Layer: 2 (Content)
- Next user's common key: 0x21334...[512]
- Next user's message: 0x6cea...[33573]
- Noise: 0x2554...[30903]
[2024/11/30 11:01:57.9764] [SYS] Create ONN send data:
- Layer: 1 (Root)
- Next user's public key: 0x30820...[550]
- New common key: 0x2887d1a...[32]
- Encrypted common key: 0x8d3f4...[512]
- Target content: 0x000...[65000]
- Encrypted content: 0x8dd...[65016]
[2024/11/30 11:01:57.9765] [MSG] Send ONN data to ... User E (@97d9294b1e02bfc6cef459a7f3e36c9b)
[2024/11/30 11:01:57.9841] [SYS] Send message: "/rec-on #ab73c224e092d9a8b24d20de5927345a" to 127.0.1.1:20000
[2024/11/30 11:01:57.9843] [SYS] Send message: "/pst-on #8e57c387849dc72016005c41c6a3d0b9 0x000...[66092]" to 127.0.1.1:20000
[2024/11/30 11:01:57.9850] [SYS] Close the task (#ab73c224e092d9a8b24d20de5927345a).
[2024/11/30 11:01:58.0612] [SYS] Receive replied task (#8e57c387849dc72016005c41c6a3d0b9): "rec-on" from 127.0.1.1:20000
[2024/11/30 11:01:58.0614] [SYS] Close the task (#8e57c387849dc72016005c41c6a3d0b9).
[2024/11/30 11:01:58.2880] [SYS] Receive new task (#046300333420838fbdf267a69500a270): "pst-on" from 127.0.1.1:20000
[2024/11/30 11:01:58.2989] [SYS] Decode ONN received data:
- Layer: 1 (Receive)
- Encrypted common key: 0x38ef5...[512]
- Encrypted content: 0x6fd...[65016]
- Decrypted common key: 0xed59680...[32]
- Decrypted content: 0x000...[65000]
[2024/11/30 11:01:58.3061] [SYS] Decode ONN received data:
- Layer: 2 (Content)
- Encrypted common key: 0x0a591...[512]
- Encrypted message: 0x9a27...[42899]
- Decrypted common key: 0x79f78b4...[32]
- Decrypted message: 0xf063...[42883]
- Noise: 0x62e8...[21577]
[2024/11/30 11:01:58.3066] [SYS] Decode ONN received data:
- Layer: 3 (Message)
- Message ID: f063c055f4b4caf21e7bb63a95870bc1
- Message size: 65536
- Flag: DUM
- Type: ff
- Noise: 0x33fc...[17928]
- Data [0]: 0x00010000
- Data [1]: 0x03
- Data [2]: 0xff
- Data [3]: 0x97d9...[24925]
[2024/11/30 11:01:58.3068] [SYS] Decode ONN received data:
- Layer: 4 (Data)
- Send user ID: 97d9294b1e02bfc6cef459a7f3e36c9b
- Send user's public key: 0x30820...[550]
- Encrypted common key: 0x53df9...[512]
- Encrypted message: 0x7aad...[23835]
[2024/11/30 11:01:58.3069] [MSG] Get ONN data ... ONN#f063c055f4b4caf21e7bb63a95870bc1 (65536 byte / 65536 byte)
[2024/11/30 11:01:58.3070] [MSG] Your job flag is ... DUM
[2024/11/30 11:01:58.3081] [SYS] Create ONN send data:
- Layer: 2 (Content)
- Next user's common key: 0x53df9...[512]
- Next user's message: 0x7aad...[23835]
- Noise: 0xa0b7...[40641]
[2024/11/30 11:01:58.3091] [SYS] Create ONN send data:
- Layer: 1 (Root)
- Next user's public key: 0x30820...[550]
- New common key: 0x537b203...[32]
- Encrypted common key: 0x03a15...[512]
- Target content: 0x000...[65000]
- Encrypted content: 0xf2c...[65016]
[2024/11/30 11:01:58.3092] [MSG] Send ONN data to ... User E (@97d9294b1e02bfc6cef459a7f3e36c9b)
[2024/11/30 11:01:58.3224] [SYS] Send message: "/rec-on #046300333420838fbdf267a69500a270" to 127.0.1.1:20000
[2024/11/30 11:01:58.3226] [SYS] Send message: "/pst-on #d60e27196b5528d7146a095225c3caa2 0x000...[66092]" to 127.0.1.1:20000
[2024/11/30 11:01:58.3235] [SYS] Close the task (#046300333420838fbdf267a69500a270).
[2024/11/30 11:01:58.4740] [SYS] Receive replied task (#d60e27196b5528d7146a095225c3caa2): "rec-on" from 127.0.1.1:20000
[2024/11/30 11:01:58.4742] [SYS] Close the task (#d60e27196b5528d7146a095225c3caa2).
[2024/11/30 11:01:58.6004] [SYS] Receive new task (#6960fc1b3e741545581fcb851e4f85ca): "pst-on" from 127.0.1.1:20000
[2024/11/30 11:01:58.6077] [SYS] Decode ONN received data:
- Layer: 1 (Receive)
- Encrypted common key: 0x0f6cf...[512]
- Encrypted content: 0x000...[65016]
- Decrypted common key: 0xd1b62bf...[32]
- Decrypted content: 0x000...[65000]
[2024/11/30 11:01:58.6145] [SYS] Decode ONN received data:
- Layer: 2 (Content)
- Encrypted common key: 0x5f7f5...[512]
- Encrypted message: 0xe954...[42780]
- Decrypted common key: 0xb0d40b1...[32]
- Decrypted message: 0xf063...[42764]
- Noise: 0x187e...[21696]
[2024/11/30 11:01:58.6150] [SYS] Decode ONN received data:
- Layer: 3 (Message)
- Message ID: f063c055f4b4caf21e7bb63a95870bc1
- Message size: 65536
- Flag: DUM
- Type: ff
- Noise: 0x4967...[10499]
- Data [0]: 0x00010000
- Data [1]: 0x03
- Data [2]: 0xff
- Data [3]: 0x97d9...[32235]
[2024/11/30 11:01:58.6151] [SYS] Decode ONN received data:
- Layer: 4 (Data)
- Send user ID: 97d9294b1e02bfc6cef459a7f3e36c9b
- Send user's public key: 0x30820...[550]
- Encrypted common key: 0x53421...[512]
- Encrypted message: 0xdb83...[31145]
[2024/11/30 11:01:58.6152] [MSG] Get ONN data ... ONN#f063c055f4b4caf21e7bb63a95870bc1 (65536 byte / 65536 byte)
[2024/11/30 11:01:58.6152] [MSG] Your job flag is ... DUM
[2024/11/30 11:01:58.6159] [SYS] Create ONN send data:
- Layer: 2 (Content)
- Next user's common key: 0x53421...[512]
- Next user's message: 0xdb83...[31145]
- Noise: 0xeb36...[33331]
[2024/11/30 11:01:58.6166] [SYS] Create ONN send data:
- Layer: 1 (Root)
- Next user's public key: 0x30820...[550]
- New common key: 0x8e79041...[32]
- Encrypted common key: 0x65686...[512]
- Target content: 0x000...[65000]
- Encrypted content: 0xef1...[65016]
[2024/11/30 11:01:58.6167] [MSG] Send ONN data to ... User E (@97d9294b1e02bfc6cef459a7f3e36c9b)
[2024/11/30 11:01:58.6238] [SYS] Send message: "/pst-on #020f7d73073624088dc6be6fbf454547 0x000...[66092]" to 127.0.1.1:20000
[2024/11/30 11:01:58.6239] [SYS] Send message: "/rec-on #6960fc1b3e741545581fcb851e4f85ca" to 127.0.1.1:20000
[2024/11/30 11:01:58.6244] [SYS] Close the task (#6960fc1b3e741545581fcb851e4f85ca).
[2024/11/30 11:01:58.6951] [SYS] Receive replied task (#020f7d73073624088dc6be6fbf454547): "rec-on" from 127.0.1.1:20000
[2024/11/30 11:01:58.6955] [SYS] Close the task (#020f7d73073624088dc6be6fbf454547).
[2024/11/30 11:01:58.9548] [SYS] Receive new task (#a4bcb32a7cdfd8316a04191ba860aeee): "pst-on" from 127.0.1.1:20000
[2024/11/30 11:01:58.9617] [SYS] Decode ONN received data:
- Layer: 1 (Receive)
- Encrypted common key: 0x3d60b...[512]
- Encrypted content: 0x3df...[65016]
- Decrypted common key: 0x99bd951...[32]
- Decrypted content: 0x000...[65000]
[2024/11/30 11:01:58.9681] [SYS] Decode ONN received data:
- Layer: 2 (Content)
- Encrypted common key: 0x3ca65...[512]
- Encrypted message: 0x053e...[27356]
- Decrypted common key: 0x63bae6c...[32]
- Decrypted message: 0xf063...[27340]
- Noise: 0x602f...[37120]
[2024/11/30 11:01:58.9682] [SYS] Decode ONN received data:
- Layer: 3 (Message)
- Message ID: f063c055f4b4caf21e7bb63a95870bc1
- Message size: 65536
- Flag: DUM
- Type: ff
- Noise: 0x950f...[9075]
- Data [0]: 0x00010000
- Data [1]: 0x03
- Data [2]: 0xff
- Data [3]: 0x97d9...[18235]
[2024/11/30 11:01:58.9683] [SYS] Decode ONN received data:
- Layer: 4 (Data)
- Send user ID: 97d9294b1e02bfc6cef459a7f3e36c9b
- Send user's public key: 0x30820...[550]
- Encrypted common key: 0x3b8bc...[512]
- Encrypted message: 0x23c0...[17145]
[2024/11/30 11:01:58.9683] [MSG] Get ONN data ... ONN#f063c055f4b4caf21e7bb63a95870bc1 (65536 byte / 65536 byte)
[2024/11/30 11:01:58.9684] [MSG] Your job flag is ... DUM
[2024/11/30 11:01:58.9691] [SYS] Create ONN send data:
- Layer: 2 (Content)
- Next user's common key: 0x3b8bc...[512]
- Next user's message: 0x23c0...[17145]
- Noise: 0x627d...[47331]
[2024/11/30 11:01:58.9696] [SYS] Create ONN send data:
- Layer: 1 (Root)
- Next user's public key: 0x30820...[550]
- New common key: 0x410e2ff...[32]
- Encrypted common key: 0x44c04...[512]
- Target content: 0x000...[65000]
- Encrypted content: 0xd9a...[65016]
[2024/11/30 11:01:58.9697] [MSG] Send ONN data to ... User E (@97d9294b1e02bfc6cef459a7f3e36c9b)
[2024/11/30 11:01:58.9763] [SYS] Send message: "/rec-on #a4bcb32a7cdfd8316a04191ba860aeee" to 127.0.1.1:20000
[2024/11/30 11:01:58.9764] [SYS] Send message: "/pst-on #c48245ec5fe97c381b3ebace4d77a779 0x000...[66092]" to 127.0.1.1:20000
[2024/11/30 11:01:58.9770] [SYS] Close the task (#a4bcb32a7cdfd8316a04191ba860aeee).
[2024/11/30 11:01:59.0901] [SYS] Receive replied task (#c48245ec5fe97c381b3ebace4d77a779): "rec-on" from 127.0.1.1:20000
[2024/11/30 11:01:59.0906] [SYS] Close the task (#c48245ec5fe97c381b3ebace4d77a779).
