[2024/11/30 11:00:26.2820] [MSG] Welcome to Easy Pear to Pear Chat System (E=CS)
- Set your name with /name <YOUR NAME>
- Create a network with /create <LISTENING PORT>
- Join the network with /join <ADDRESS>:<PORT> <LISTENING PORT>
- Leave the network with /leave
[2024/11/30 11:00:26.4170] [MSG] ▶ /join 0.0.0.0:20000 20003
[2024/11/30 11:00:26.4872] [SYS] Try to join the network...
[2024/11/30 11:00:26.4949] [MSG] Join the secure network: 127.0.1.1:20000
[2024/11/30 11:00:26.6345] [MSG] Connect to new node: 127.0.1.1:20000
[2024/11/30 11:00:26.6349] [SYS] Start a node stream...
[2024/11/30 11:00:26.6400] [SYS] Send message: "/alg #7b2a9a048a026c1e09cbcc8f98a9deeb @fe48fe6...(779)" to 127.0.1.1:20000
[2024/11/30 11:00:26.6450] [MSG] You have joined the network.
[2024/11/30 11:00:26.6472] [SYS] 11:00:26 | You have joined the network.
[2024/11/30 11:00:26.6486] [SYS] Start listening to new node.
[2024/11/30 11:00:26.6575] [MSG] Listening: 172.16.30.185:20003
[2024/11/30 11:00:26.6583] [SYS] Waiting for new node connection...
[2024/11/30 11:00:26.6713] [SYS] Receive new task (#bfb56c7338629a99d5968a630da03cb3): "alg" from 127.0.1.1:20000
[2024/11/30 11:00:26.6750] [MSG] Add user profile: User A (@8f261f3f396e49d78060f6b50dc63371)
[2024/11/30 11:00:26.6762] [SYS] Close the task (#bfb56c7338629a99d5968a630da03cb3).
[2024/11/30 11:00:26.6765] [SYS] Request user list...
[2024/11/30 11:00:26.6817] [SYS] Send message: "/req-ul #14ccdd5082632bfeffb3818f2eea11bb 4990 MIICIjAN...(736)" to 127.0.1.1:20000
[2024/11/30 11:00:26.7933] [SYS] Receive replied task (#14ccdd5082632bfeffb3818f2eea11bb): "ret-ul" from 127.0.1.1:20000
[2024/11/30 11:00:26.8322] [MSG] Update user profile: User A (@8f261f3f396e49d78060f6b50dc63371)
[2024/11/30 11:00:26.8475] [MSG] Add user profile: User B (@50ab0ac0a1e736f21b6ab56dd9c8a4a9)
[2024/11/30 11:00:26.8599] [MSG] Add user profile: User C (@07325582b68490506259de2d47ffaa54)
[2024/11/30 11:00:26.8613] [SYS] Close the task (#14ccdd5082632bfeffb3818f2eea11bb).
[2024/11/30 11:00:26.8688] [SYS] Send message: "/pst-up #a6356e90b28cd72f46805015abc79b1d 4990 @fe48fe6f...(33) @fe48fe6...(779) @8f261f3f...(33) HQS3Vu8l...(684)" to 127.0.1.1:20000
[2024/11/30 11:00:26.8715] [SYS] Send message: "/pst-up #fa24ac50b001ceb1ed224a0b0bafad92 4990 @fe48fe6f...(33) @fe48fe6...(779) @50ab0ac0...(33) It3C/uSG...(684)" to 127.0.1.1:20000
[2024/11/30 11:00:26.8759] [SYS] Send message: "/pst-up #d8dfde87c1b8b7c3a4437453eb6d2570 4990 @fe48fe6f...(33) @fe48fe6...(779) @07325582...(33) EAbNg3ID...(684)" to 127.0.1.1:20000
[2024/11/30 11:00:26.8899] [SYS] Receive replied task (#a6356e90b28cd72f46805015abc79b1d): "rec-up" from 127.0.1.1:20000
[2024/11/30 11:00:26.8903] [SYS] Close the task (#a6356e90b28cd72f46805015abc79b1d).
[2024/11/30 11:00:26.9628] [SYS] Receive replied task (#fa24ac50b001ceb1ed224a0b0bafad92): "rec-up" from 127.0.1.1:20000
[2024/11/30 11:00:26.9652] [SYS] Close the task (#fa24ac50b001ceb1ed224a0b0bafad92).
[2024/11/30 11:00:26.9664] [SYS] Receive replied task (#d8dfde87c1b8b7c3a4437453eb6d2570): "rec-up" from 127.0.1.1:20000
[2024/11/30 11:00:26.9670] [SYS] Close the task (#d8dfde87c1b8b7c3a4437453eb6d2570).
[2024/11/30 11:00:27.1687] [SYS] Receive new task (#1f75ff01a1d05006a7b42d850c929b78): "req-ul" from 127.0.1.1:20000
[2024/11/30 11:00:27.1737] [SYS] Send message: "/ret-ul #1f75ff01a1d05006a7b42d850c929b78 NUL 9RAKAyL...(1060) dp3AqbEn...(684)" to 127.0.1.1:20000
[2024/11/30 11:00:27.1763] [SYS] Close the task (#1f75ff01a1d05006a7b42d850c929b78).
[2024/11/30 11:00:27.3911] [SYS] Receive new task (#c2d97a8515dcc07c8fe289f714319a0b): "pst-up" from 127.0.1.1:20000
[2024/11/30 11:00:27.4006] [MSG] Add user profile: User E (@97d9294b1e02bfc6cef459a7f3e36c9b)
[2024/11/30 11:00:27.4016] [SYS] 11:00:27 | User E (@97d9294b1e02bfc6cef459a7f3e36c9b) has joined the network.
[2024/11/30 11:00:27.4019] [SYS] Send message: "/rec-up #c2d97a8515dcc07c8fe289f714319a0b" to 127.0.1.1:20000
[2024/11/30 11:00:27.4027] [SYS] Close the task (#c2d97a8515dcc07c8fe289f714319a0b).
[2024/11/30 11:00:29.0788] [SYS] Receive new task (#4a3569f2f3c673fd9acca77d8dac59c0): "req-ul" from 127.0.1.1:20000
[2024/11/30 11:00:29.0824] [SYS] Send message: "/ret-ul #4a3569f2f3c673fd9acca77d8dac59c0 NUL GUWfrei...(1060) Ll2fgTbn...(684)" to 127.0.1.1:20000
[2024/11/30 11:00:29.0843] [SYS] Close the task (#4a3569f2f3c673fd9acca77d8dac59c0).
[2024/11/30 11:00:29.2479] [SYS] Receive new task (#61481cab59acd13e6449ddb2efbaf3b9): "pst-up" from 127.0.1.1:20000
[2024/11/30 11:00:29.2601] [MSG] Add user profile: User F (@59dd0259250a238d96e1335bf5f29b58)
[2024/11/30 11:00:29.2609] [SYS] 11:00:29 | User F (@59dd0259250a238d96e1335bf5f29b58) has joined the network.
[2024/11/30 11:00:29.2615] [SYS] Send message: "/rec-up #61481cab59acd13e6449ddb2efbaf3b9" to 127.0.1.1:20000
[2024/11/30 11:00:29.2635] [SYS] Close the task (#61481cab59acd13e6449ddb2efbaf3b9).
[2024/11/30 11:00:35.2914] [SYS] Receive new task (#ab3edcf6977058fc6599067a8eaf44f7): "pst-cm" from 127.0.1.1:20000
[2024/11/30 11:00:35.2942] [MSG] 11:00:35 | User A (@8f261f3f396e49d78060f6b50dc63371):
Hi
[2024/11/30 11:00:35.2960] [SYS] Send message: "/rec-cm #ab3edcf6977058fc6599067a8eaf44f7" to 127.0.1.1:20000
[2024/11/30 11:00:35.2997] [SYS] Close the task (#ab3edcf6977058fc6599067a8eaf44f7).
[2024/11/30 11:00:40.0722] [SYS] Receive new task (#d4e87adda67f6a73225690f31c47c26b): "pst-cm" from 127.0.1.1:20000
[2024/11/30 11:00:40.0736] [MSG] 11:00:40 | User B (@50ab0ac0a1e736f21b6ab56dd9c8a4a9):
Hi
[2024/11/30 11:00:40.0743] [SYS] Send message: "/rec-cm #d4e87adda67f6a73225690f31c47c26b" to 127.0.1.1:20000
[2024/11/30 11:00:40.0757] [SYS] Close the task (#d4e87adda67f6a73225690f31c47c26b).
[2024/11/30 11:00:50.5622] [SYS] Receive new task (#49493a34a25689307eff012d7e2b3c1b): "pst-cf" from 127.0.1.1:20000
[2024/11/30 11:00:50.5659] [MSG] The file (Test File Data (1.1 MiB).jpg) was stocked as #a504536f32d728fb5f87f1eef9b6b1f6 by @8f261f3f396e49d78060f6b50dc63371.
[2024/11/30 11:00:50.5678] [MSG] 11:00:50 | User A (@8f261f3f396e49d78060f6b50dc63371):
[Test File Data (1.1 MiB).jpg](/fr @8f261f3f396e49d78060f6b50dc63371 #a504536f32d728fb5f87f1eef9b6b1f6) (Click to set a command to download the file!)
[2024/11/30 11:00:50.5698] [SYS] Send message: "/rec-cf #49493a34a25689307eff012d7e2b3c1b" to 127.0.1.1:20000
[2024/11/30 11:00:50.5720] [SYS] Close the task (#49493a34a25689307eff012d7e2b3c1b).
[2024/11/30 11:01:18.8853] [SYS] Receive new task (#57f7cf7bc576513a6bae50b88504fce8): "pst-on" from 127.0.1.1:20000
[2024/11/30 11:01:18.8960] [SYS] Decode ONN received data:
- Layer: 1 (Receive)
- Encrypted common key: 0xbd04e...[512]
- Encrypted content: 0xd92...[65016]
- Decrypted common key: 0x47ae5cd...[32]
- Decrypted content: 0x000...[65000]
[2024/11/30 11:01:18.9042] [SYS] Decode ONN received data:
- Layer: 2 (Content)
- Encrypted common key: 0xe04f5...[512]
- Encrypted message: 0xec26...[42384]
- Decrypted common key: 0x9ac87a2...[32]
- Decrypted message: 0x8dff...[42368]
- Noise: 0x34da...[22092]
[2024/11/30 11:01:18.9051] [SYS] Decode ONN received data:
- Layer: 3 (Message)
- Message ID: 8dff9617e9d493b0396a6686fdd15fa8
- Message size: 65536
- Flag: DUM
- Type: ff
- Noise: 0xf192...[24418]
- Data [0]: 0x00010000
- Data [1]: 0x03
- Data [2]: 0xff
- Data [3]: 0x59dd...[17920]
[2024/11/30 11:01:18.9053] [SYS] Decode ONN received data:
- Layer: 4 (Data)
- Send user ID: 59dd0259250a238d96e1335bf5f29b58
- Send user's public key: 0x30820...[550]
- Encrypted common key: 0x6626e...[512]
- Encrypted message: 0xf727...[16830]
[2024/11/30 11:01:18.9056] [MSG] Get ONN data ... ONN#8dff9617e9d493b0396a6686fdd15fa8 (65536 byte / 65536 byte)
[2024/11/30 11:01:18.9057] [MSG] Your job flag is ... DUM
[2024/11/30 11:01:18.9083] [SYS] Create ONN send data:
- Layer: 2 (Content)
- Next user's common key: 0x6626e...[512]
- Next user's message: 0xf727...[16830]
- Noise: 0x3bf5...[47646]
[2024/11/30 11:01:18.9098] [SYS] Create ONN send data:
- Layer: 1 (Root)
- Next user's public key: 0x30820...[550]
- New common key: 0x306d572...[32]
- Encrypted common key: 0x4f06f...[512]
- Target content: 0x000...[65000]
- Encrypted content: 0x9d8...[65016]
[2024/11/30 11:01:18.9100] [MSG] Send ONN data to ... User F (@59dd0259250a238d96e1335bf5f29b58)
[2024/11/30 11:01:18.9182] [SYS] Send message: "/rec-on #57f7cf7bc576513a6bae50b88504fce8" to 127.0.1.1:20000
[2024/11/30 11:01:18.9185] [SYS] Send message: "/pst-on #1ddd5697e9bc942fb318999c5806ca0c 0x000...[66092]" to 127.0.1.1:20000
[2024/11/30 11:01:18.9193] [SYS] Close the task (#57f7cf7bc576513a6bae50b88504fce8).
[2024/11/30 11:01:19.0735] [SYS] Receive replied task (#1ddd5697e9bc942fb318999c5806ca0c): "rec-on" from 127.0.1.1:20000
[2024/11/30 11:01:19.0740] [SYS] Close the task (#1ddd5697e9bc942fb318999c5806ca0c).
[2024/11/30 11:01:19.3261] [SYS] Receive new task (#b647ef12b8d306dc1263ca943eec3aee): "pst-on" from 127.0.1.1:20000
[2024/11/30 11:01:19.3351] [SYS] Decode ONN received data:
- Layer: 1 (Receive)
- Encrypted common key: 0xdc598...[512]
- Encrypted content: 0x037...[65016]
- Decrypted common key: 0xd5844a8...[32]
- Decrypted content: 0x000...[65000]
[2024/11/30 11:01:19.3426] [SYS] Decode ONN received data:
- Layer: 2 (Content)
- Encrypted common key: 0xc4919...[512]
- Encrypted message: 0x8103...[33586]
- Decrypted common key: 0xcf77b04...[32]
- Decrypted message: 0x8dff...[33570]
- Noise: 0x00af...[30890]
[2024/11/30 11:01:19.3430] [SYS] Decode ONN received data:
- Layer: 3 (Message)
- Message ID: 8dff9617e9d493b0396a6686fdd15fa8
- Message size: 65536
- Flag: DUM
- Type: ff
- Noise: 0x66dc5...[3211]
- Data [0]: 0x00010000
- Data [1]: 0x03
- Data [2]: 0xff
- Data [3]: 0x59dd...[30329]
[2024/11/30 11:01:19.3432] [SYS] Decode ONN received data:
- Layer: 4 (Data)
- Send user ID: 59dd0259250a238d96e1335bf5f29b58
- Send user's public key: 0x30820...[550]
- Encrypted common key: 0x2e5c5...[512]
- Encrypted message: 0x6ac9...[29239]
[2024/11/30 11:01:19.3432] [MSG] Get ONN data ... ONN#8dff9617e9d493b0396a6686fdd15fa8 (65536 byte / 65536 byte)
[2024/11/30 11:01:19.3433] [MSG] Your job flag is ... DUM
[2024/11/30 11:01:19.3446] [SYS] Create ONN send data:
- Layer: 2 (Content)
- Next user's common key: 0x2e5c5...[512]
- Next user's message: 0x6ac9...[29239]
- Noise: 0xfa38...[35237]
[2024/11/30 11:01:19.3461] [SYS] Create ONN send data:
- Layer: 1 (Root)
- Next user's public key: 0x30820...[550]
- New common key: 0x220f41c...[32]
- Encrypted common key: 0x2abd1...[512]
- Target content: 0x000...[65000]
- Encrypted content: 0xe1e...[65016]
[2024/11/30 11:01:19.3462] [MSG] Send ONN data to ... User F (@59dd0259250a238d96e1335bf5f29b58)
[2024/11/30 11:01:19.3535] [SYS] Send message: "/rec-on #b647ef12b8d306dc1263ca943eec3aee" to 127.0.1.1:20000
[2024/11/30 11:01:19.3537] [SYS] Send message: "/pst-on #ad8f3f52e26ec5254a39a36e1ccf96dc 0x000...[66092]" to 127.0.1.1:20000
[2024/11/30 11:01:19.3544] [SYS] Close the task (#b647ef12b8d306dc1263ca943eec3aee).
[2024/11/30 11:01:19.4546] [SYS] Receive replied task (#ad8f3f52e26ec5254a39a36e1ccf96dc): "rec-on" from 127.0.1.1:20000
[2024/11/30 11:01:19.4559] [SYS] Close the task (#ad8f3f52e26ec5254a39a36e1ccf96dc).
[2024/11/30 11:01:32.4446] [SYS] Receive new task (#6344145f942fec244a9cf699bbf9db5f): "pst-on" from 127.0.1.1:20000
[2024/11/30 11:01:32.4529] [SYS] Decode ONN received data:
- Layer: 1 (Receive)
- Encrypted common key: 0x2f9cd...[512]
- Encrypted content: 0xc05...[65016]
- Decrypted common key: 0x09f133c...[32]
- Decrypted content: 0x000...[65000]
[2024/11/30 11:01:32.4601] [SYS] Decode ONN received data:
- Layer: 2 (Content)
- Encrypted common key: 0x294af...[512]
- Encrypted message: 0x838...[55712]
- Decrypted common key: 0x179c76e...[32]
- Decrypted message: 0x091...[55696]
- Noise: 0xaebf...[8764]
[2024/11/30 11:01:32.4606] [SYS] Decode ONN received data:
- Layer: 3 (Message)
- Message ID: 091c076e76c678802d12e323050cb1e2
- Message size: 65536
- Flag: DUM
- Type: ff
- Noise: 0xe7102...[4082]
- Data [0]: 0x00010000
- Data [1]: 0x03
- Data [2]: 0xff
- Data [3]: 0x59d...[51584]
[2024/11/30 11:01:32.4608] [SYS] Decode ONN received data:
- Layer: 4 (Data)
- Send user ID: 59dd0259250a238d96e1335bf5f29b58
- Send user's public key: 0x30820...[550]
- Encrypted common key: 0x3c1e2...[512]
- Encrypted message: 0x902...[50494]
[2024/11/30 11:01:32.4610] [MSG] Get ONN data ... ONN#091c076e76c678802d12e323050cb1e2 (65536 byte / 65536 byte)
[2024/11/30 11:01:32.4610] [MSG] Your job flag is ... DUM
[2024/11/30 11:01:32.4615] [SYS] Create ONN send data:
- Layer: 2 (Content)
- Next user's common key: 0x3c1e2...[512]
- Next user's message: 0x902...[50494]
- Noise: 0xb260...[13982]
[2024/11/30 11:01:32.4629] [SYS] Create ONN send data:
- Layer: 1 (Root)
- Next user's public key: 0x30820...[550]
- New common key: 0x459a0a1...[32]
- Encrypted common key: 0x9f0bd...[512]
- Target content: 0x000...[65000]
- Encrypted content: 0xe27...[65016]
[2024/11/30 11:01:32.4631] [MSG] Send ONN data to ... User F (@59dd0259250a238d96e1335bf5f29b58)
[2024/11/30 11:01:32.4698] [SYS] Send message: "/pst-on #dc37491b2f7b228d698515bce590c75a 0x000...[66092]" to 127.0.1.1:20000
[2024/11/30 11:01:32.4700] [SYS] Send message: "/rec-on #6344145f942fec244a9cf699bbf9db5f" to 127.0.1.1:20000
[2024/11/30 11:01:32.4707] [SYS] Close the task (#6344145f942fec244a9cf699bbf9db5f).
[2024/11/30 11:01:32.5899] [SYS] Receive replied task (#dc37491b2f7b228d698515bce590c75a): "rec-on" from 127.0.1.1:20000
[2024/11/30 11:01:32.5904] [SYS] Close the task (#dc37491b2f7b228d698515bce590c75a).
[2024/11/30 11:01:50.6349] [SYS] Receive new task (#a3e2724cf2c6a1907af545cc10505275): "pst-on" from 127.0.1.1:20000
[2024/11/30 11:01:50.6428] [SYS] Decode ONN received data:
- Layer: 1 (Receive)
- Encrypted common key: 0x1419c...[512]
- Encrypted content: 0xcd7...[65016]
- Decrypted common key: 0xa7d24c2...[32]
- Decrypted content: 0x000...[65000]
[2024/11/30 11:01:50.6501] [SYS] Decode ONN received data:
- Layer: 2 (Content)
- Encrypted common key: 0x4b745...[512]
- Encrypted message: 0x33eb...[44411]
- Decrypted common key: 0x73809c0...[32]
- Decrypted message: 0xf063...[44395]
- Noise: 0xc187...[20065]
[2024/11/30 11:01:50.6505] [SYS] Decode ONN received data:
- Layer: 3 (Message)
- Message ID: f063c055f4b4caf21e7bb63a95870bc1
- Message size: 65536
- Flag: DUM
- Type: ff
- Noise: 0x9d7b...[16773]
- Data [0]: 0x00010000
- Data [1]: 0x03
- Data [2]: 0xff
- Data [3]: 0x59dd...[27592]
[2024/11/30 11:01:50.6507] [SYS] Decode ONN received data:
- Layer: 4 (Data)
- Send user ID: 59dd0259250a238d96e1335bf5f29b58
- Send user's public key: 0x30820...[550]
- Encrypted common key: 0x9216f...[512]
- Encrypted message: 0xe2e5...[26502]
[2024/11/30 11:01:50.6508] [MSG] Get ONN data ... ONN#f063c055f4b4caf21e7bb63a95870bc1 (65536 byte / 65536 byte)
[2024/11/30 11:01:50.6509] [MSG] Your job flag is ... DUM
[2024/11/30 11:01:50.6519] [SYS] Create ONN send data:
- Layer: 2 (Content)
- Next user's common key: 0x9216f...[512]
- Next user's message: 0xe2e5...[26502]
- Noise: 0xa7c3...[37974]
[2024/11/30 11:01:50.6534] [SYS] Create ONN send data:
- Layer: 1 (Root)
- Next user's public key: 0x30820...[550]
- New common key: 0x3075bcc...[32]
- Encrypted common key: 0x289dd...[512]
- Target content: 0x000...[65000]
- Encrypted content: 0x550...[65016]
[2024/11/30 11:01:50.6535] [MSG] Send ONN data to ... User F (@59dd0259250a238d96e1335bf5f29b58)
[2024/11/30 11:01:50.6620] [SYS] Send message: "/rec-on #a3e2724cf2c6a1907af545cc10505275" to 127.0.1.1:20000
[2024/11/30 11:01:50.6622] [SYS] Send message: "/pst-on #b887fd0fa5d67c96327577369bda4ac9 0x000...[66092]" to 127.0.1.1:20000
[2024/11/30 11:01:50.6631] [SYS] Close the task (#a3e2724cf2c6a1907af545cc10505275).
[2024/11/30 11:01:50.7847] [SYS] Receive replied task (#b887fd0fa5d67c96327577369bda4ac9): "rec-on" from 127.0.1.1:20000
[2024/11/30 11:01:50.7852] [SYS] Close the task (#b887fd0fa5d67c96327577369bda4ac9).
[2024/11/30 11:01:51.0028] [SYS] Receive new task (#a8986f2cf946879ed0c347500b009bd7): "pst-on" from 127.0.1.1:20000
[2024/11/30 11:01:51.0109] [SYS] Decode ONN received data:
- Layer: 1 (Receive)
- Encrypted common key: 0x94935...[512]
- Encrypted content: 0x9f0...[65016]
- Decrypted common key: 0xd43b8ea...[32]
- Decrypted content: 0x000...[65000]
[2024/11/30 11:01:51.0195] [SYS] Decode ONN received data:
- Layer: 2 (Content)
- Encrypted common key: 0x0aa06...[512]
- Encrypted message: 0xb11...[58891]
- Decrypted common key: 0x16fff46...[32]
- Decrypted message: 0xf06...[58875]
- Noise: 0x0dbf...[5585]
[2024/11/30 11:01:51.0200] [SYS] Decode ONN received data:
- Layer: 3 (Message)
- Message ID: f063c055f4b4caf21e7bb63a95870bc1
- Message size: 65536
- Flag: DUM
- Type: ff
- Noise: 0x48597...[2445]
- Data [0]: 0x00010000
- Data [1]: 0x03
- Data [2]: 0xff
- Data [3]: 0x59d...[56400]
[2024/11/30 11:01:51.0203] [SYS] Decode ONN received data:
- Layer: 4 (Data)
- Send user ID: 59dd0259250a238d96e1335bf5f29b58
- Send user's public key: 0x30820...[550]
- Encrypted common key: 0x7e3c8...[512]
- Encrypted message: 0xd85...[55310]
[2024/11/30 11:01:51.0204] [MSG] Get ONN data ... ONN#f063c055f4b4caf21e7bb63a95870bc1 (65536 byte / 65536 byte)
[2024/11/30 11:01:51.0204] [MSG] Your job flag is ... DUM
[2024/11/30 11:01:51.0211] [SYS] Create ONN send data:
- Layer: 2 (Content)
- Next user's common key: 0x7e3c8...[512]
- Next user's message: 0xd85...[55310]
- Noise: 0x6643...[9166]
[2024/11/30 11:01:51.0225] [SYS] Create ONN send data:
- Layer: 1 (Root)
- Next user's public key: 0x30820...[550]
- New common key: 0xa3c07e6...[32]
- Encrypted common key: 0x5cce1...[512]
- Target content: 0x000...[65000]
- Encrypted content: 0xe5b...[65016]
[2024/11/30 11:01:51.0227] [MSG] Send ONN data to ... User F (@59dd0259250a238d96e1335bf5f29b58)
[2024/11/30 11:01:51.0316] [SYS] Send message: "/rec-on #a8986f2cf946879ed0c347500b009bd7" to 127.0.1.1:20000
[2024/11/30 11:01:51.0319] [SYS] Send message: "/pst-on #7488a0ede65faa7d465d28bdb66c4915 0x000...[66092]" to 127.0.1.1:20000
[2024/11/30 11:01:51.0325] [SYS] Close the task (#a8986f2cf946879ed0c347500b009bd7).
[2024/11/30 11:01:51.1676] [SYS] Receive replied task (#7488a0ede65faa7d465d28bdb66c4915): "rec-on" from 127.0.1.1:20000
[2024/11/30 11:01:51.1681] [SYS] Close the task (#7488a0ede65faa7d465d28bdb66c4915).
[2024/11/30 11:01:51.4148] [SYS] Receive new task (#2d131126f7e3fdb813fa40ada9c5bd82): "pst-on" from 127.0.1.1:20000
[2024/11/30 11:01:51.4245] [SYS] Decode ONN received data:
- Layer: 1 (Receive)
- Encrypted common key: 0x451b6...[512]
- Encrypted content: 0x209...[65016]
- Decrypted common key: 0xc20ecea...[32]
- Decrypted content: 0x000...[65000]
[2024/11/30 11:01:51.4317] [SYS] Decode ONN received data:
- Layer: 2 (Content)
- Encrypted common key: 0x70bf7...[512]
- Encrypted message: 0x7a4...[59971]
- Decrypted common key: 0x0a1c835...[32]
- Decrypted message: 0xf06...[59955]
- Noise: 0x7e817...[4505]
[2024/11/30 11:01:51.4326] [SYS] Decode ONN received data:
- Layer: 3 (Message)
- Message ID: f063c055f4b4caf21e7bb63a95870bc1
- Message size: 65536
- Flag: DUM
- Type: ff
- Noise: 0x66dba...[2745]
- Data [0]: 0x00010000
- Data [1]: 0x03
- Data [2]: 0xff
- Data [3]: 0x59d...[57180]
[2024/11/30 11:01:51.4329] [SYS] Decode ONN received data:
- Layer: 4 (Data)
- Send user ID: 59dd0259250a238d96e1335bf5f29b58
- Send user's public key: 0x30820...[550]
- Encrypted common key: 0x2f66f...[512]
- Encrypted message: 0xcb0...[56090]
[2024/11/30 11:01:51.4330] [MSG] Get ONN data ... ONN#f063c055f4b4caf21e7bb63a95870bc1 (65536 byte / 65536 byte)
[2024/11/30 11:01:51.4330] [MSG] Your job flag is ... DUM
[2024/11/30 11:01:51.4339] [SYS] Create ONN send data:
- Layer: 2 (Content)
- Next user's common key: 0x2f66f...[512]
- Next user's message: 0xcb0...[56090]
- Noise: 0x6ff5...[8386]
[2024/11/30 11:01:51.4359] [SYS] Create ONN send data:
- Layer: 1 (Root)
- Next user's public key: 0x30820...[550]
- New common key: 0xf41f246...[32]
- Encrypted common key: 0x8c0f7...[512]
- Target content: 0x000...[65000]
- Encrypted content: 0xea9...[65016]
[2024/11/30 11:01:51.4360] [MSG] Send ONN data to ... User F (@59dd0259250a238d96e1335bf5f29b58)
[2024/11/30 11:01:51.4435] [SYS] Send message: "/rec-on #2d131126f7e3fdb813fa40ada9c5bd82" to 127.0.1.1:20000
[2024/11/30 11:01:51.4437] [SYS] Send message: "/pst-on #cf98d706f49c54776ff7b15942344114 0x000...[66092]" to 127.0.1.1:20000
[2024/11/30 11:01:51.4443] [SYS] Close the task (#2d131126f7e3fdb813fa40ada9c5bd82).
[2024/11/30 11:01:51.5765] [SYS] Receive replied task (#cf98d706f49c54776ff7b15942344114): "rec-on" from 127.0.1.1:20000
[2024/11/30 11:01:51.5770] [SYS] Close the task (#cf98d706f49c54776ff7b15942344114).
[2024/11/30 11:01:51.7903] [SYS] Receive new task (#5945765e115b7454ee9643502398af0d): "pst-on" from 127.0.1.1:20000
[2024/11/30 11:01:51.8041] [SYS] Decode ONN received data:
- Layer: 1 (Receive)
- Encrypted common key: 0x3ec71...[512]
- Encrypted content: 0x7bb...[65016]
- Decrypted common key: 0xa00f9bc...[32]
- Decrypted content: 0x000...[65000]
[2024/11/30 11:01:51.8164] [SYS] Decode ONN received data:
- Layer: 2 (Content)
- Encrypted common key: 0x9346c...[512]
- Encrypted message: 0xc97...[61387]
- Decrypted common key: 0xffee5a4...[32]
- Decrypted message: 0xf06...[61371]
- Noise: 0xc68d6...[3089]
[2024/11/30 11:01:51.8170] [SYS] Decode ONN received data:
- Layer: 3 (Message)
- Message ID: f063c055f4b4caf21e7bb63a95870bc1
- Message size: 65536
- Flag: DUM
- Type: ff
- Noise: 0x47e10...[2626]
- Data [0]: 0x00010000
- Data [1]: 0x03
- Data [2]: 0xff
- Data [3]: 0x59d...[58715]
[2024/11/30 11:01:51.8177] [SYS] Decode ONN received data:
- Layer: 4 (Data)
- Send user ID: 59dd0259250a238d96e1335bf5f29b58
- Send user's public key: 0x30820...[550]
- Encrypted common key: 0x6c2fd...[512]
- Encrypted message: 0xd5f...[57625]
[2024/11/30 11:01:51.8179] [MSG] Get ONN data ... ONN#f063c055f4b4caf21e7bb63a95870bc1 (65536 byte / 65536 byte)
[2024/11/30 11:01:51.8180] [MSG] Your job flag is ... DUM
[2024/11/30 11:01:51.8188] [SYS] Create ONN send data:
- Layer: 2 (Content)
- Next user's common key: 0x6c2fd...[512]
- Next user's message: 0xd5f...[57625]
- Noise: 0x06a1...[6851]
[2024/11/30 11:01:51.8212] [SYS] Create ONN send data:
- Layer: 1 (Root)
- Next user's public key: 0x30820...[550]
- New common key: 0x22ad2c9...[32]
- Encrypted common key: 0xb3c8b...[512]
- Target content: 0x000...[65000]
- Encrypted content: 0x778...[65016]
[2024/11/30 11:01:51.8214] [MSG] Send ONN data to ... User F (@59dd0259250a238d96e1335bf5f29b58)
[2024/11/30 11:01:51.8332] [SYS] Send message: "/rec-on #5945765e115b7454ee9643502398af0d" to 127.0.1.1:20000
[2024/11/30 11:01:51.8334] [SYS] Send message: "/pst-on #ba7b444a6ee10e076762ef93ed469c73 0x000...[66092]" to 127.0.1.1:20000
[2024/11/30 11:01:51.8338] [SYS] Close the task (#5945765e115b7454ee9643502398af0d).
[2024/11/30 11:01:51.9269] [SYS] Receive replied task (#ba7b444a6ee10e076762ef93ed469c73): "rec-on" from 127.0.1.1:20000
[2024/11/30 11:01:51.9275] [SYS] Close the task (#ba7b444a6ee10e076762ef93ed469c73).
[2024/11/30 11:01:52.1189] [SYS] Receive new task (#1bb9da87369f3e7901187880fc50b290): "pst-on" from 127.0.1.1:20000
[2024/11/30 11:01:52.1273] [SYS] Decode ONN received data:
- Layer: 1 (Receive)
- Encrypted common key: 0x571c4...[512]
- Encrypted content: 0x537...[65016]
- Decrypted common key: 0xf033265...[32]
- Decrypted content: 0x000...[65000]
[2024/11/30 11:01:52.1381] [SYS] Decode ONN received data:
- Layer: 2 (Content)
- Encrypted common key: 0xa0d19...[512]
- Encrypted message: 0x50d...[59898]
- Decrypted common key: 0x987a01c...[32]
- Decrypted message: 0xf06...[59882]
- Noise: 0x79e7f...[4578]
[2024/11/30 11:01:52.1384] [SYS] Decode ONN received data:
- Layer: 3 (Message)
- Message ID: f063c055f4b4caf21e7bb63a95870bc1
- Message size: 65536
- Flag: DUM
- Type: ff
- Noise: 0xbff23...[2846]
- Data [0]: 0x00010000
- Data [1]: 0x03
- Data [2]: 0xff
- Data [3]: 0x59d...[57006]
[2024/11/30 11:01:52.1386] [SYS] Decode ONN received data:
- Layer: 4 (Data)
- Send user ID: 59dd0259250a238d96e1335bf5f29b58
- Send user's public key: 0x30820...[550]
- Encrypted common key: 0x5f9de...[512]
- Encrypted message: 0xea2...[55916]
[2024/11/30 11:01:52.1387] [MSG] Get ONN data ... ONN#f063c055f4b4caf21e7bb63a95870bc1 (65536 byte / 65536 byte)
[2024/11/30 11:01:52.1387] [MSG] Your job flag is ... DUM
[2024/11/30 11:01:52.1393] [SYS] Create ONN send data:
- Layer: 2 (Content)
- Next user's common key: 0x5f9de...[512]
- Next user's message: 0xea2...[55916]
- Noise: 0x996d...[8560]
[2024/11/30 11:01:52.1411] [SYS] Create ONN send data:
- Layer: 1 (Root)
- Next user's public key: 0x30820...[550]
- New common key: 0xf625708...[32]
- Encrypted common key: 0x91990...[512]
- Target content: 0x000...[65000]
- Encrypted content: 0x598...[65016]
[2024/11/30 11:01:52.1413] [MSG] Send ONN data to ... User F (@59dd0259250a238d96e1335bf5f29b58)
[2024/11/30 11:01:52.1495] [SYS] Send message: "/rec-on #1bb9da87369f3e7901187880fc50b290" to 127.0.1.1:20000
[2024/11/30 11:01:52.1497] [SYS] Send message: "/pst-on #619892bef515b4017f5f2c123887d0f8 0x000...[66092]" to 127.0.1.1:20000
[2024/11/30 11:01:52.1502] [SYS] Close the task (#1bb9da87369f3e7901187880fc50b290).
[2024/11/30 11:01:52.2460] [SYS] Receive replied task (#619892bef515b4017f5f2c123887d0f8): "rec-on" from 127.0.1.1:20000
[2024/11/30 11:01:52.2465] [SYS] Close the task (#619892bef515b4017f5f2c123887d0f8).
[2024/11/30 11:01:52.5063] [SYS] Receive new task (#6ad42b989980640c1353c5e29ac04e5a): "pst-on" from 127.0.1.1:20000
[2024/11/30 11:01:52.5141] [SYS] Decode ONN received data:
- Layer: 1 (Receive)
- Encrypted common key: 0x1505e...[512]
- Encrypted content: 0xdc4...[65016]
- Decrypted common key: 0xee57e10...[32]
- Decrypted content: 0x000...[65000]
[2024/11/30 11:01:52.5214] [SYS] Decode ONN received data:
- Layer: 2 (Content)
- Encrypted common key: 0x67067...[512]
- Encrypted message: 0x7d4...[59955]
- Decrypted common key: 0xe5c759c...[32]
- Decrypted message: 0xf06...[59939]
- Noise: 0x330b8...[4521]
[2024/11/30 11:01:52.5217] [SYS] Decode ONN received data:
- Layer: 3 (Message)
- Message ID: f063c055f4b4caf21e7bb63a95870bc1
- Message size: 65536
- Flag: DUM
- Type: ff
- Noise: 0x50fbe...[3395]
- Data [0]: 0x00010000
- Data [1]: 0x03
- Data [2]: 0xff
- Data [3]: 0x59d...[56514]
[2024/11/30 11:01:52.5219] [SYS] Decode ONN received data:
- Layer: 4 (Data)
- Send user ID: 59dd0259250a238d96e1335bf5f29b58
- Send user's public key: 0x30820...[550]
- Encrypted common key: 0x59b0d...[512]
- Encrypted message: 0x7c9...[55424]
[2024/11/30 11:01:52.5219] [MSG] Get ONN data ... ONN#f063c055f4b4caf21e7bb63a95870bc1 (65536 byte / 65536 byte)
[2024/11/30 11:01:52.5220] [MSG] Your job flag is ... DUM
[2024/11/30 11:01:52.5224] [SYS] Create ONN send data:
- Layer: 2 (Content)
- Next user's common key: 0x59b0d...[512]
- Next user's message: 0x7c9...[55424]
- Noise: 0x95ef...[9052]
[2024/11/30 11:01:52.5237] [SYS] Create ONN send data:
- Layer: 1 (Root)
- Next user's public key: 0x30820...[550]
- New common key: 0xf619298...[32]
- Encrypted common key: 0xb6e86...[512]
- Target content: 0x000...[65000]
- Encrypted content: 0x78d...[65016]
[2024/11/30 11:01:52.5238] [MSG] Send ONN data to ... User F (@59dd0259250a238d96e1335bf5f29b58)
[2024/11/30 11:01:52.5315] [SYS] Send message: "/rec-on #6ad42b989980640c1353c5e29ac04e5a" to 127.0.1.1:20000
[2024/11/30 11:01:52.5319] [SYS] Send message: "/pst-on #b90506378182cdfa62766491f332d177 0x000...[66092]" to 127.0.1.1:20000
[2024/11/30 11:01:52.5327] [SYS] Close the task (#6ad42b989980640c1353c5e29ac04e5a).
[2024/11/30 11:01:52.6180] [SYS] Receive replied task (#b90506378182cdfa62766491f332d177): "rec-on" from 127.0.1.1:20000
[2024/11/30 11:01:52.6187] [SYS] Close the task (#b90506378182cdfa62766491f332d177).
[2024/11/30 11:01:52.8108] [SYS] Receive new task (#94a9a7f99e649bba7d89ee28a64d7662): "pst-on" from 127.0.1.1:20000
[2024/11/30 11:01:52.8207] [SYS] Decode ONN received data:
- Layer: 1 (Receive)
- Encrypted common key: 0x2a578...[512]
- Encrypted content: 0xd0b...[65016]
- Decrypted common key: 0x5dea73e...[32]
- Decrypted content: 0x000...[65000]
[2024/11/30 11:01:52.8297] [SYS] Decode ONN received data:
- Layer: 2 (Content)
- Encrypted common key: 0x6b2b9...[512]
- Encrypted message: 0x995...[60480]
- Decrypted common key: 0x80f9d51...[32]
- Decrypted message: 0xf06...[60464]
- Noise: 0x55f61...[3996]
[2024/11/30 11:01:52.8303] [SYS] Decode ONN received data:
- Layer: 3 (Message)
- Message ID: f063c055f4b4caf21e7bb63a95870bc1
- Message size: 65536
- Flag: DUM
- Type: ff
- Noise: 0x6ba94...[3361]
- Data [0]: 0x00010000
- Data [1]: 0x03
- Data [2]: 0xff
- Data [3]: 0x59d...[57073]
[2024/11/30 11:01:52.8307] [SYS] Decode ONN received data:
- Layer: 4 (Data)
- Send user ID: 59dd0259250a238d96e1335bf5f29b58
- Send user's public key: 0x30820...[550]
- Encrypted common key: 0x26add...[512]
- Encrypted message: 0x60f...[55983]
[2024/11/30 11:01:52.8309] [MSG] Get ONN data ... ONN#f063c055f4b4caf21e7bb63a95870bc1 (65536 byte / 65536 byte)
[2024/11/30 11:01:52.8309] [MSG] Your job flag is ... DUM
[2024/11/30 11:01:52.8318] [SYS] Create ONN send data:
- Layer: 2 (Content)
- Next user's common key: 0x26add...[512]
- Next user's message: 0x60f...[55983]
- Noise: 0x1902...[8493]
[2024/11/30 11:01:52.8335] [SYS] Create ONN send data:
- Layer: 1 (Root)
- Next user's public key: 0x30820...[550]
- New common key: 0xaacdc92...[32]
- Encrypted common key: 0x0f886...[512]
- Target content: 0x000...[65000]
- Encrypted content: 0xe9d...[65016]
[2024/11/30 11:01:52.8337] [MSG] Send ONN data to ... User F (@59dd0259250a238d96e1335bf5f29b58)
[2024/11/30 11:01:52.8418] [SYS] Send message: "/rec-on #94a9a7f99e649bba7d89ee28a64d7662" to 127.0.1.1:20000
[2024/11/30 11:01:52.8420] [SYS] Send message: "/pst-on #93f4a87f7e7baeec7f313f85daa575ac 0x000...[66092]" to 127.0.1.1:20000
[2024/11/30 11:01:52.8428] [SYS] Close the task (#94a9a7f99e649bba7d89ee28a64d7662).
[2024/11/30 11:01:52.9312] [SYS] Receive replied task (#93f4a87f7e7baeec7f313f85daa575ac): "rec-on" from 127.0.1.1:20000
[2024/11/30 11:01:52.9320] [SYS] Close the task (#93f4a87f7e7baeec7f313f85daa575ac).
[2024/11/30 11:01:53.1184] [SYS] Receive new task (#2fcf0ab1ad2db753768315598d24f775): "pst-on" from 127.0.1.1:20000
[2024/11/30 11:01:53.1261] [SYS] Decode ONN received data:
- Layer: 1 (Receive)
- Encrypted common key: 0x4c2d0...[512]
- Encrypted content: 0x749...[65016]
- Decrypted common key: 0xd6d3a21...[32]
- Decrypted content: 0x000...[65000]
[2024/11/30 11:01:53.1331] [SYS] Decode ONN received data:
- Layer: 2 (Content)
- Encrypted common key: 0x57f8b...[512]
- Encrypted message: 0x35f...[59556]
- Decrypted common key: 0xb0ef07d...[32]
- Decrypted message: 0xf06...[59540]
- Noise: 0x3e782...[4920]
[2024/11/30 11:01:53.1334] [SYS] Decode ONN received data:
- Layer: 3 (Message)
- Message ID: f063c055f4b4caf21e7bb63a95870bc1
- Message size: 65536
- Flag: DUM
- Type: ff
- Noise: 0x105fa...[3464]
- Data [0]: 0x00010000
- Data [1]: 0x03
- Data [2]: 0xff
- Data [3]: 0x59d...[56046]
[2024/11/30 11:01:53.1336] [SYS] Decode ONN received data:
- Layer: 4 (Data)
- Send user ID: 59dd0259250a238d96e1335bf5f29b58
- Send user's public key: 0x30820...[550]
- Encrypted common key: 0x748f9...[512]
- Encrypted message: 0xc9c...[54956]
[2024/11/30 11:01:53.1336] [MSG] Get ONN data ... ONN#f063c055f4b4caf21e7bb63a95870bc1 (65536 byte / 65536 byte)
[2024/11/30 11:01:53.1337] [MSG] Your job flag is ... DUM
[2024/11/30 11:01:53.1342] [SYS] Create ONN send data:
- Layer: 2 (Content)
- Next user's common key: 0x748f9...[512]
- Next user's message: 0xc9c...[54956]
- Noise: 0xc3ee...[9520]
[2024/11/30 11:01:53.1361] [SYS] Create ONN send data:
- Layer: 1 (Root)
- Next user's public key: 0x30820...[550]
- New common key: 0x4687b93...[32]
- Encrypted common key: 0x288e1...[512]
- Target content: 0x000...[65000]
- Encrypted content: 0x87d...[65016]
[2024/11/30 11:01:53.1362] [MSG] Send ONN data to ... User F (@59dd0259250a238d96e1335bf5f29b58)
[2024/11/30 11:01:53.1436] [SYS] Send message: "/rec-on #2fcf0ab1ad2db753768315598d24f775" to 127.0.1.1:20000
[2024/11/30 11:01:53.1438] [SYS] Send message: "/pst-on #8ced74b34c6ea285390f2d69d86b9a10 0x000...[66092]" to 127.0.1.1:20000
[2024/11/30 11:01:53.1444] [SYS] Close the task (#2fcf0ab1ad2db753768315598d24f775).
[2024/11/30 11:01:53.2307] [SYS] Receive replied task (#8ced74b34c6ea285390f2d69d86b9a10): "rec-on" from 127.0.1.1:20000
[2024/11/30 11:01:53.2310] [SYS] Close the task (#8ced74b34c6ea285390f2d69d86b9a10).
[2024/11/30 11:01:53.4098] [SYS] Receive new task (#26e321126b45886a28373aef9407246c): "pst-on" from 127.0.1.1:20000
[2024/11/30 11:01:53.4184] [SYS] Decode ONN received data:
- Layer: 1 (Receive)
- Encrypted common key: 0x38b21...[512]
- Encrypted content: 0x49d...[65016]
- Decrypted common key: 0x5a1749c...[32]
- Decrypted content: 0x000...[65000]
[2024/11/30 11:01:53.4263] [SYS] Decode ONN received data:
- Layer: 2 (Content)
- Encrypted common key: 0x8f7f7...[512]
- Encrypted message: 0x0b7...[60340]
- Decrypted common key: 0x61af6fb...[32]
- Decrypted message: 0xf06...[60324]
- Noise: 0xc85f7...[4136]
[2024/11/30 11:01:53.4267] [SYS] Decode ONN received data:
- Layer: 3 (Message)
- Message ID: f063c055f4b4caf21e7bb63a95870bc1
- Message size: 65536
- Flag: DUM
- Type: ff
- Noise: 0x3ab6e...[4882]
- Data [0]: 0x00010000
- Data [1]: 0x03
- Data [2]: 0xff
- Data [3]: 0x59d...[55412]
[2024/11/30 11:01:53.4269] [SYS] Decode ONN received data:
- Layer: 4 (Data)
- Send user ID: 59dd0259250a238d96e1335bf5f29b58
- Send user's public key: 0x30820...[550]
- Encrypted common key: 0x89893...[512]
- Encrypted message: 0x2c9...[54322]
[2024/11/30 11:01:53.4270] [MSG] Get ONN data ... ONN#f063c055f4b4caf21e7bb63a95870bc1 (65536 byte / 65536 byte)
[2024/11/30 11:01:53.4270] [MSG] Your job flag is ... DUM
[2024/11/30 11:01:53.4276] [SYS] Create ONN send data:
- Layer: 2 (Content)
- Next user's common key: 0x89893...[512]
- Next user's message: 0x2c9...[54322]
- Noise: 0xb094...[10154]
[2024/11/30 11:01:53.4294] [SYS] Create ONN send data:
- Layer: 1 (Root)
- Next user's public key: 0x30820...[550]
- New common key: 0x9561a3a...[32]
- Encrypted common key: 0x3202c...[512]
- Target content: 0x000...[65000]
- Encrypted content: 0xa51...[65016]
[2024/11/30 11:01:53.4296] [MSG] Send ONN data to ... User F (@59dd0259250a238d96e1335bf5f29b58)
[2024/11/30 11:01:53.4393] [SYS] Send message: "/pst-on #76a1044451cc22fd032aa971c3a02274 0x000...[66092]" to 127.0.1.1:20000
[2024/11/30 11:01:53.4395] [SYS] Send message: "/rec-on #26e321126b45886a28373aef9407246c" to 127.0.1.1:20000
[2024/11/30 11:01:53.4402] [SYS] Close the task (#26e321126b45886a28373aef9407246c).
[2024/11/30 11:01:53.5286] [SYS] Receive replied task (#76a1044451cc22fd032aa971c3a02274): "rec-on" from 127.0.1.1:20000
[2024/11/30 11:01:53.5291] [SYS] Close the task (#76a1044451cc22fd032aa971c3a02274).
[2024/11/30 11:01:53.7514] [SYS] Receive new task (#79b975719ab17dae7a4e924487cd6040): "pst-on" from 127.0.1.1:20000
[2024/11/30 11:01:53.7610] [SYS] Decode ONN received data:
- Layer: 1 (Receive)
- Encrypted common key: 0xddd3f...[512]
- Encrypted content: 0xf4c...[65016]
- Decrypted common key: 0x1c6d5c9...[32]
- Decrypted content: 0x000...[65000]
[2024/11/30 11:01:53.7711] [SYS] Decode ONN received data:
- Layer: 2 (Content)
- Encrypted common key: 0x1a935...[512]
- Encrypted message: 0xe43...[62679]
- Decrypted common key: 0xf9117ad...[32]
- Decrypted message: 0xf06...[62663]
- Noise: 0xd4643...[1797]
[2024/11/30 11:01:53.7717] [SYS] Decode ONN received data:
- Layer: 3 (Message)
- Message ID: f063c055f4b4caf21e7bb63a95870bc1
- Message size: 65536
- Flag: DUM
- Type: ff
- Noise: 0x56c6f...[4434]
- Data [0]: 0x00010000
- Data [1]: 0x03
- Data [2]: 0xff
- Data [3]: 0x59d...[58199]
[2024/11/30 11:01:53.7720] [SYS] Decode ONN received data:
- Layer: 4 (Data)
- Send user ID: 59dd0259250a238d96e1335bf5f29b58
- Send user's public key: 0x30820...[550]
- Encrypted common key: 0x050a9...[512]
- Encrypted message: 0x547...[57109]
[2024/11/30 11:01:53.7722] [MSG] Get ONN data ... ONN#f063c055f4b4caf21e7bb63a95870bc1 (65536 byte / 65536 byte)
[2024/11/30 11:01:53.7722] [MSG] Your job flag is ... DUM
[2024/11/30 11:01:53.7730] [SYS] Create ONN send data:
- Layer: 2 (Content)
- Next user's common key: 0x050a9...[512]
- Next user's message: 0x547...[57109]
- Noise: 0xa348...[7367]
[2024/11/30 11:01:53.7751] [SYS] Create ONN send data:
- Layer: 1 (Root)
- Next user's public key: 0x30820...[550]
- New common key: 0x7fe1009...[32]
- Encrypted common key: 0x56508...[512]
- Target content: 0x000...[65000]
- Encrypted content: 0x772...[65016]
[2024/11/30 11:01:53.7753] [MSG] Send ONN data to ... User F (@59dd0259250a238d96e1335bf5f29b58)
[2024/11/30 11:01:53.7826] [SYS] Send message: "/rec-on #79b975719ab17dae7a4e924487cd6040" to 127.0.1.1:20000
[2024/11/30 11:01:53.7831] [SYS] Send message: "/pst-on #8d2476f40ea81c75df9f28b5741c3d93 0x000...[66092]" to 127.0.1.1:20000
[2024/11/30 11:01:53.7838] [SYS] Close the task (#79b975719ab17dae7a4e924487cd6040).
[2024/11/30 11:01:53.8654] [SYS] Receive replied task (#8d2476f40ea81c75df9f28b5741c3d93): "rec-on" from 127.0.1.1:20000
[2024/11/30 11:01:53.8662] [SYS] Close the task (#8d2476f40ea81c75df9f28b5741c3d93).
[2024/11/30 11:01:54.0830] [SYS] Receive new task (#dc9b02de98bdedfb2d81d1aab1c2b477): "pst-on" from 127.0.1.1:20000
[2024/11/30 11:01:54.0950] [SYS] Decode ONN received data:
- Layer: 1 (Receive)
- Encrypted common key: 0xd1c29...[512]
- Encrypted content: 0xb06...[65016]
- Decrypted common key: 0x1524d9f...[32]
- Decrypted content: 0x000...[65000]
[2024/11/30 11:01:54.1028] [SYS] Decode ONN received data:
- Layer: 2 (Content)
- Encrypted common key: 0x99058...[512]
- Encrypted message: 0x4ae...[61147]
- Decrypted common key: 0xf63cf0a...[32]
- Decrypted message: 0xf06...[61131]
- Noise: 0x5e988...[3329]
[2024/11/30 11:01:54.1032] [SYS] Decode ONN received data:
- Layer: 3 (Message)
- Message ID: f063c055f4b4caf21e7bb63a95870bc1
- Message size: 65536
- Flag: DUM
- Type: ff
- Noise: 0xf603b...[4354]
- Data [0]: 0x00010000
- Data [1]: 0x03
- Data [2]: 0xff
- Data [3]: 0x59d...[56747]
[2024/11/30 11:01:54.1034] [SYS] Decode ONN received data:
- Layer: 4 (Data)
- Send user ID: 59dd0259250a238d96e1335bf5f29b58
- Send user's public key: 0x30820...[550]
- Encrypted common key: 0x4dde7...[512]
- Encrypted message: 0x546...[55657]
[2024/11/30 11:01:54.1035] [MSG] Get ONN data ... ONN#f063c055f4b4caf21e7bb63a95870bc1 (65536 byte / 65536 byte)
[2024/11/30 11:01:54.1036] [MSG] Your job flag is ... DUM
[2024/11/30 11:01:54.1041] [SYS] Create ONN send data:
- Layer: 2 (Content)
- Next user's common key: 0x4dde7...[512]
- Next user's message: 0x546...[55657]
- Noise: 0x0fec...[8819]
[2024/11/30 11:01:54.1055] [SYS] Create ONN send data:
- Layer: 1 (Root)
- Next user's public key: 0x30820...[550]
- New common key: 0x5911f1e...[32]
- Encrypted common key: 0x7cbd4...[512]
- Target content: 0x000...[65000]
- Encrypted content: 0x4dd...[65016]
[2024/11/30 11:01:54.1056] [MSG] Send ONN data to ... User F (@59dd0259250a238d96e1335bf5f29b58)
[2024/11/30 11:01:54.1132] [SYS] Send message: "/rec-on #dc9b02de98bdedfb2d81d1aab1c2b477" to 127.0.1.1:20000
[2024/11/30 11:01:54.1134] [SYS] Send message: "/pst-on #6fb57dc016dbdb2706e8f593143ab5f1 0x000...[66092]" to 127.0.1.1:20000
[2024/11/30 11:01:54.1142] [SYS] Close the task (#dc9b02de98bdedfb2d81d1aab1c2b477).
[2024/11/30 11:01:54.2415] [SYS] Receive replied task (#6fb57dc016dbdb2706e8f593143ab5f1): "rec-on" from 127.0.1.1:20000
[2024/11/30 11:01:54.2419] [SYS] Close the task (#6fb57dc016dbdb2706e8f593143ab5f1).
[2024/11/30 11:01:54.4527] [SYS] Receive new task (#7b41fa1da7e1ab9ca1b15f30b23cdad2): "pst-on" from 127.0.1.1:20000
[2024/11/30 11:01:54.4701] [SYS] Decode ONN received data:
- Layer: 1 (Receive)
- Encrypted common key: 0x6d900...[512]
- Encrypted content: 0x28f...[65016]
- Decrypted common key: 0x67c0c18...[32]
- Decrypted content: 0x000...[65000]
[2024/11/30 11:01:54.4772] [SYS] Decode ONN received data:
- Layer: 2 (Content)
- Encrypted common key: 0x1feed...[512]
- Encrypted message: 0x9e1...[60190]
- Decrypted common key: 0x8ffa7cc...[32]
- Decrypted message: 0xf06...[60174]
- Noise: 0x841a2...[4286]
[2024/11/30 11:01:54.4775] [SYS] Decode ONN received data:
- Layer: 3 (Message)
- Message ID: f063c055f4b4caf21e7bb63a95870bc1
- Message size: 65536
- Flag: DUM
- Type: ff
- Noise: 0x185a9...[2949]
- Data [0]: 0x00010000
- Data [1]: 0x03
- Data [2]: 0xff
- Data [3]: 0x59d...[57195]
[2024/11/30 11:01:54.4778] [SYS] Decode ONN received data:
- Layer: 4 (Data)
- Send user ID: 59dd0259250a238d96e1335bf5f29b58
- Send user's public key: 0x30820...[550]
- Encrypted common key: 0x169e3...[512]
- Encrypted message: 0xbcb...[56105]
[2024/11/30 11:01:54.4779] [MSG] Get ONN data ... ONN#f063c055f4b4caf21e7bb63a95870bc1 (65536 byte / 65536 byte)
[2024/11/30 11:01:54.4780] [MSG] Your job flag is ... DUM
[2024/11/30 11:01:54.4787] [SYS] Create ONN send data:
- Layer: 2 (Content)
- Next user's common key: 0x169e3...[512]
- Next user's message: 0xbcb...[56105]
- Noise: 0x6f7b...[8371]
[2024/11/30 11:01:54.4806] [SYS] Create ONN send data:
- Layer: 1 (Root)
- Next user's public key: 0x30820...[550]
- New common key: 0xa0a10eb...[32]
- Encrypted common key: 0x208c1...[512]
- Target content: 0x000...[65000]
- Encrypted content: 0xedf...[65016]
[2024/11/30 11:01:54.4808] [MSG] Send ONN data to ... User F (@59dd0259250a238d96e1335bf5f29b58)
[2024/11/30 11:01:54.4913] [SYS] Send message: "/rec-on #7b41fa1da7e1ab9ca1b15f30b23cdad2" to 127.0.1.1:20000
[2024/11/30 11:01:54.4915] [SYS] Send message: "/pst-on #7316e21a285655015cd0cc7baf5ee5ad 0x000...[66092]" to 127.0.1.1:20000
[2024/11/30 11:01:54.4927] [SYS] Close the task (#7b41fa1da7e1ab9ca1b15f30b23cdad2).
[2024/11/30 11:01:54.5299] [SYS] Receive replied task (#7316e21a285655015cd0cc7baf5ee5ad): "rec-on" from 127.0.1.1:20000
[2024/11/30 11:01:54.5301] [SYS] Close the task (#7316e21a285655015cd0cc7baf5ee5ad).
[2024/11/30 11:01:54.7775] [SYS] Receive new task (#ddaf2e24853fe030cd80730d133daa4b): "pst-on" from 127.0.1.1:20000
[2024/11/30 11:01:54.7856] [SYS] Decode ONN received data:
- Layer: 1 (Receive)
- Encrypted common key: 0x90a1e...[512]
- Encrypted content: 0xd9e...[65016]
- Decrypted common key: 0x6dad30c...[32]
- Decrypted content: 0x000...[65000]
[2024/11/30 11:01:54.7938] [SYS] Decode ONN received data:
- Layer: 2 (Content)
- Encrypted common key: 0xb7abe...[512]
- Encrypted message: 0xf19...[61173]
- Decrypted common key: 0xe0e28b8...[32]
- Decrypted message: 0xf06...[61157]
- Noise: 0x124a9...[3303]
[2024/11/30 11:01:54.7940] [SYS] Decode ONN received data:
- Layer: 3 (Message)
- Message ID: f063c055f4b4caf21e7bb63a95870bc1
- Message size: 65536
- Flag: DUM
- Type: ff
- Noise: 0x2ca05...[3607]
- Data [0]: 0x00010000
- Data [1]: 0x03
- Data [2]: 0xff
- Data [3]: 0x59d...[57520]
[2024/11/30 11:01:54.7941] [SYS] Decode ONN received data:
- Layer: 4 (Data)
- Send user ID: 59dd0259250a238d96e1335bf5f29b58
- Send user's public key: 0x30820...[550]
- Encrypted common key: 0x5f9a5...[512]
- Encrypted message: 0xc77...[56430]
[2024/11/30 11:01:54.7941] [MSG] Get ONN data ... ONN#f063c055f4b4caf21e7bb63a95870bc1 (65536 byte / 65536 byte)
[2024/11/30 11:01:54.7942] [MSG] Your job flag is ... DUM
[2024/11/30 11:01:54.7948] [SYS] Create ONN send data:
- Layer: 2 (Content)
- Next user's common key: 0x5f9a5...[512]
- Next user's message: 0xc77...[56430]
- Noise: 0xf596...[8046]
[2024/11/30 11:01:54.7962] [SYS] Create ONN send data:
- Layer: 1 (Root)
- Next user's public key: 0x30820...[550]
- New common key: 0x8113ef6...[32]
- Encrypted common key: 0x9b93c...[512]
- Target content: 0x000...[65000]
- Encrypted content: 0x838...[65016]
[2024/11/30 11:01:54.7963] [MSG] Send ONN data to ... User F (@59dd0259250a238d96e1335bf5f29b58)
[2024/11/30 11:01:54.8033] [SYS] Send message: "/rec-on #ddaf2e24853fe030cd80730d133daa4b" to 127.0.1.1:20000
[2024/11/30 11:01:54.8035] [SYS] Send message: "/pst-on #dbe7ae6f7339a730e26dccc2aef7ce85 0x000...[66092]" to 127.0.1.1:20000
[2024/11/30 11:01:54.8039] [SYS] Close the task (#ddaf2e24853fe030cd80730d133daa4b).
[2024/11/30 11:01:54.9277] [SYS] Receive replied task (#dbe7ae6f7339a730e26dccc2aef7ce85): "rec-on" from 127.0.1.1:20000
[2024/11/30 11:01:54.9280] [SYS] Close the task (#dbe7ae6f7339a730e26dccc2aef7ce85).
[2024/11/30 11:01:55.1742] [SYS] Receive new task (#d06ddf448b61e976eacf39dc20d2eaef): "pst-on" from 127.0.1.1:20000
[2024/11/30 11:01:55.1815] [SYS] Decode ONN received data:
- Layer: 1 (Receive)
- Encrypted common key: 0xceb01...[512]
- Encrypted content: 0x09e...[65016]
- Decrypted common key: 0xd0a8378...[32]
- Decrypted content: 0x000...[65000]
[2024/11/30 11:01:55.1896] [SYS] Decode ONN received data:
- Layer: 2 (Content)
- Encrypted common key: 0x23dc9...[512]
- Encrypted message: 0x0ed...[62231]
- Decrypted common key: 0x7274f2c...[32]
- Decrypted message: 0xf06...[62215]
- Noise: 0x22897...[2245]
[2024/11/30 11:01:55.1898] [SYS] Decode ONN received data:
- Layer: 3 (Message)
- Message ID: f063c055f4b4caf21e7bb63a95870bc1
- Message size: 65536
- Flag: DUM
- Type: ff
- Noise: 0x460f2...[3960]
- Data [0]: 0x00010000
- Data [1]: 0x03
- Data [2]: 0xff
- Data [3]: 0x59d...[58225]
[2024/11/30 11:01:55.1899] [SYS] Decode ONN received data:
- Layer: 4 (Data)
- Send user ID: 59dd0259250a238d96e1335bf5f29b58
- Send user's public key: 0x30820...[550]
- Encrypted common key: 0xa0e07...[512]
- Encrypted message: 0x0aa...[57135]
[2024/11/30 11:01:55.1900] [MSG] Get ONN data ... ONN#f063c055f4b4caf21e7bb63a95870bc1 (65536 byte / 65536 byte)
[2024/11/30 11:01:55.1900] [MSG] Your job flag is ... DUM
[2024/11/30 11:01:55.1904] [SYS] Create ONN send data:
- Layer: 2 (Content)
- Next user's common key: 0xa0e07...[512]
- Next user's message: 0x0aa...[57135]
- Noise: 0x34e8...[7341]
[2024/11/30 11:01:55.1917] [SYS] Create ONN send data:
- Layer: 1 (Root)
- Next user's public key: 0x30820...[550]
- New common key: 0x3a93e0f...[32]
- Encrypted common key: 0x0fd84...[512]
- Target content: 0x000...[65000]
- Encrypted content: 0xc44...[65016]
[2024/11/30 11:01:55.1918] [MSG] Send ONN data to ... User F (@59dd0259250a238d96e1335bf5f29b58)
[2024/11/30 11:01:55.1986] [SYS] Send message: "/pst-on #84b12bf2e99d118b9df823999ec0b51c 0x000...[66092]" to 127.0.1.1:20000
[2024/11/30 11:01:55.1988] [SYS] Send message: "/rec-on #d06ddf448b61e976eacf39dc20d2eaef" to 127.0.1.1:20000
[2024/11/30 11:01:55.2000] [SYS] Close the task (#d06ddf448b61e976eacf39dc20d2eaef).
[2024/11/30 11:01:55.3165] [SYS] Receive replied task (#84b12bf2e99d118b9df823999ec0b51c): "rec-on" from 127.0.1.1:20000
[2024/11/30 11:01:55.3171] [SYS] Close the task (#84b12bf2e99d118b9df823999ec0b51c).
[2024/11/30 11:01:55.5561] [SYS] Receive new task (#52f7db208d4de55cf8361ad844d56644): "pst-on" from 127.0.1.1:20000
[2024/11/30 11:01:55.5641] [SYS] Decode ONN received data:
- Layer: 1 (Receive)
- Encrypted common key: 0x5ef8f...[512]
- Encrypted content: 0xe05...[65016]
- Decrypted common key: 0x680fbce...[32]
- Decrypted content: 0x000...[65000]
[2024/11/30 11:01:55.5715] [SYS] Decode ONN received data:
- Layer: 2 (Content)
- Encrypted common key: 0xabc2b...[512]
- Encrypted message: 0x448...[60420]
- Decrypted common key: 0x4816c90...[32]
- Decrypted message: 0xf06...[60404]
- Noise: 0xc5fb4...[4056]
[2024/11/30 11:01:55.5718] [SYS] Decode ONN received data:
- Layer: 3 (Message)
- Message ID: f063c055f4b4caf21e7bb63a95870bc1
- Message size: 65536
- Flag: DUM
- Type: ff
- Noise: 0x1bb93...[2414]
- Data [0]: 0x00010000
- Data [1]: 0x03
- Data [2]: 0xff
- Data [3]: 0x59d...[57960]
[2024/11/30 11:01:55.5719] [SYS] Decode ONN received data:
- Layer: 4 (Data)
- Send user ID: 59dd0259250a238d96e1335bf5f29b58
- Send user's public key: 0x30820...[550]
- Encrypted common key: 0x49795...[512]
- Encrypted message: 0xf5b...[56870]
[2024/11/30 11:01:55.5719] [MSG] Get ONN data ... ONN#f063c055f4b4caf21e7bb63a95870bc1 (65536 byte / 65536 byte)
[2024/11/30 11:01:55.5720] [MSG] Your job flag is ... DUM
[2024/11/30 11:01:55.5723] [SYS] Create ONN send data:
- Layer: 2 (Content)
- Next user's common key: 0x49795...[512]
- Next user's message: 0xf5b...[56870]
- Noise: 0xa334...[7606]
[2024/11/30 11:01:55.5736] [SYS] Create ONN send data:
- Layer: 1 (Root)
- Next user's public key: 0x30820...[550]
- New common key: 0xe9c66ef...[32]
- Encrypted common key: 0x97053...[512]
- Target content: 0x000...[65000]
- Encrypted content: 0x812...[65016]
[2024/11/30 11:01:55.5737] [MSG] Send ONN data to ... User F (@59dd0259250a238d96e1335bf5f29b58)
[2024/11/30 11:01:55.5806] [SYS] Send message: "/pst-on #82020c3b56029eb215b13ba12187fe07 0x000...[66092]" to 127.0.1.1:20000
[2024/11/30 11:01:55.5807] [SYS] Send message: "/rec-on #52f7db208d4de55cf8361ad844d56644" to 127.0.1.1:20000
[2024/11/30 11:01:55.5814] [SYS] Close the task (#52f7db208d4de55cf8361ad844d56644).
[2024/11/30 11:01:55.7007] [SYS] Receive replied task (#82020c3b56029eb215b13ba12187fe07): "rec-on" from 127.0.1.1:20000
[2024/11/30 11:01:55.7014] [SYS] Close the task (#82020c3b56029eb215b13ba12187fe07).
[2024/11/30 11:01:55.9159] [SYS] Receive new task (#d609b3db29794a3393c328c0c857fc4f): "pst-on" from 127.0.1.1:20000
[2024/11/30 11:01:55.9250] [SYS] Decode ONN received data:
- Layer: 1 (Receive)
- Encrypted common key: 0x0eff9...[512]
- Encrypted content: 0xf92...[65016]
- Decrypted common key: 0x0b9c0d7...[32]
- Decrypted content: 0x000...[65000]
[2024/11/30 11:01:55.9327] [SYS] Decode ONN received data:
- Layer: 2 (Content)
- Encrypted common key: 0x74785...[512]
- Encrypted message: 0xe6e...[60437]
- Decrypted common key: 0xf73f91d...[32]
- Decrypted message: 0xf06...[60421]
- Noise: 0x605e9...[4039]
[2024/11/30 11:01:55.9330] [SYS] Decode ONN received data:
- Layer: 3 (Message)
- Message ID: f063c055f4b4caf21e7bb63a95870bc1
- Message size: 65536
- Flag: DUM
- Type: ff
- Noise: 0xdd245...[3789]
- Data [0]: 0x00010000
- Data [1]: 0x03
- Data [2]: 0xff
- Data [3]: 0x59d...[56602]
[2024/11/30 11:01:55.9331] [SYS] Decode ONN received data:
- Layer: 4 (Data)
- Send user ID: 59dd0259250a238d96e1335bf5f29b58
- Send user's public key: 0x30820...[550]
- Encrypted common key: 0x87742...[512]
- Encrypted message: 0x402...[55512]
[2024/11/30 11:01:55.9332] [MSG] Get ONN data ... ONN#f063c055f4b4caf21e7bb63a95870bc1 (65536 byte / 65536 byte)
[2024/11/30 11:01:55.9332] [MSG] Your job flag is ... DUM
[2024/11/30 11:01:55.9337] [SYS] Create ONN send data:
- Layer: 2 (Content)
- Next user's common key: 0x87742...[512]
- Next user's message: 0x402...[55512]
- Noise: 0x6257...[8964]
[2024/11/30 11:01:55.9351] [SYS] Create ONN send data:
- Layer: 1 (Root)
- Next user's public key: 0x30820...[550]
- New common key: 0xea39e75...[32]
- Encrypted common key: 0x8d46e...[512]
- Target content: 0x000...[65000]
- Encrypted content: 0x306...[65016]
[2024/11/30 11:01:55.9352] [MSG] Send ONN data to ... User F (@59dd0259250a238d96e1335bf5f29b58)
[2024/11/30 11:01:55.9421] [SYS] Send message: "/rec-on #d609b3db29794a3393c328c0c857fc4f" to 127.0.1.1:20000
[2024/11/30 11:01:55.9423] [SYS] Send message: "/pst-on #b1e500befe10b6ce58dfbc1f0019b8a6 0x000...[66092]" to 127.0.1.1:20000
[2024/11/30 11:01:55.9435] [SYS] Close the task (#d609b3db29794a3393c328c0c857fc4f).
[2024/11/30 11:01:56.0656] [SYS] Receive replied task (#b1e500befe10b6ce58dfbc1f0019b8a6): "rec-on" from 127.0.1.1:20000
[2024/11/30 11:01:56.0661] [SYS] Close the task (#b1e500befe10b6ce58dfbc1f0019b8a6).
[2024/11/30 11:01:56.3133] [SYS] Receive new task (#ae93f9f600770cbc2920cc0708a68eda): "pst-on" from 127.0.1.1:20000
[2024/11/30 11:01:56.3206] [SYS] Decode ONN received data:
- Layer: 1 (Receive)
- Encrypted common key: 0x48d1b...[512]
- Encrypted content: 0x13c...[65016]
- Decrypted common key: 0x2ea7d6e...[32]
- Decrypted content: 0x000...[65000]
[2024/11/30 11:01:56.3275] [SYS] Decode ONN received data:
- Layer: 2 (Content)
- Encrypted common key: 0x8c0db...[512]
- Encrypted message: 0x97b...[61462]
- Decrypted common key: 0x02ac961...[32]
- Decrypted message: 0xf06...[61446]
- Noise: 0x20f21...[3014]
[2024/11/30 11:01:56.3277] [SYS] Decode ONN received data:
- Layer: 3 (Message)
- Message ID: f063c055f4b4caf21e7bb63a95870bc1
- Message size: 65536
- Flag: DUM
- Type: ff
- Noise: 0x0f6f9...[4965]
- Data [0]: 0x00010000
- Data [1]: 0x03
- Data [2]: 0xff
- Data [3]: 0x59d...[56451]
[2024/11/30 11:01:56.3278] [SYS] Decode ONN received data:
- Layer: 4 (Data)
- Send user ID: 59dd0259250a238d96e1335bf5f29b58
- Send user's public key: 0x30820...[550]
- Encrypted common key: 0x5bb96...[512]
- Encrypted message: 0x6ef...[55361]
[2024/11/30 11:01:56.3278] [MSG] Get ONN data ... ONN#f063c055f4b4caf21e7bb63a95870bc1 (65536 byte / 65536 byte)
[2024/11/30 11:01:56.3279] [MSG] Your job flag is ... DUM
[2024/11/30 11:01:56.3282] [SYS] Create ONN send data:
- Layer: 2 (Content)
- Next user's common key: 0x5bb96...[512]
- Next user's message: 0x6ef...[55361]
- Noise: 0x8241...[9115]
[2024/11/30 11:01:56.3294] [SYS] Create ONN send data:
- Layer: 1 (Root)
- Next user's public key: 0x30820...[550]
- New common key: 0x3c84e2d...[32]
- Encrypted common key: 0x2300e...[512]
- Target content: 0x000...[65000]
- Encrypted content: 0x847...[65016]
[2024/11/30 11:01:56.3295] [MSG] Send ONN data to ... User F (@59dd0259250a238d96e1335bf5f29b58)
[2024/11/30 11:01:56.3365] [SYS] Send message: "/rec-on #ae93f9f600770cbc2920cc0708a68eda" to 127.0.1.1:20000
[2024/11/30 11:01:56.3366] [SYS] Send message: "/pst-on #1bf6db6d432c287f12c3e677994ea40b 0x000...[66092]" to 127.0.1.1:20000
[2024/11/30 11:01:56.3371] [SYS] Close the task (#ae93f9f600770cbc2920cc0708a68eda).
[2024/11/30 11:01:56.4614] [SYS] Receive replied task (#1bf6db6d432c287f12c3e677994ea40b): "rec-on" from 127.0.1.1:20000
[2024/11/30 11:01:56.4618] [SYS] Close the task (#1bf6db6d432c287f12c3e677994ea40b).
[2024/11/30 11:01:56.7110] [SYS] Receive new task (#89fcef1c463cf1371385d7554a336b70): "pst-on" from 127.0.1.1:20000
[2024/11/30 11:01:56.7184] [SYS] Decode ONN received data:
- Layer: 1 (Receive)
- Encrypted common key: 0xa7ae6...[512]
- Encrypted content: 0x75d...[65016]
- Decrypted common key: 0xf4c2461...[32]
- Decrypted content: 0x000...[65000]
[2024/11/30 11:01:56.7252] [SYS] Decode ONN received data:
- Layer: 2 (Content)
- Encrypted common key: 0x80814...[512]
- Encrypted message: 0xb79...[61641]
- Decrypted common key: 0x3a9a65f...[32]
- Decrypted message: 0xf06...[61625]
- Noise: 0x0718b...[2835]
[2024/11/30 11:01:56.7253] [SYS] Decode ONN received data:
- Layer: 3 (Message)
- Message ID: f063c055f4b4caf21e7bb63a95870bc1
- Message size: 65536
- Flag: DUM
- Type: ff
- Noise: 0x08d01...[3914]
- Data [0]: 0x00010000
- Data [1]: 0x03
- Data [2]: 0xff
- Data [3]: 0x59d...[57681]
[2024/11/30 11:01:56.7254] [SYS] Decode ONN received data:
- Layer: 4 (Data)
- Send user ID: 59dd0259250a238d96e1335bf5f29b58
- Send user's public key: 0x30820...[550]
- Encrypted common key: 0x41d2b...[512]
- Encrypted message: 0xb00...[56591]
[2024/11/30 11:01:56.7254] [MSG] Get ONN data ... ONN#f063c055f4b4caf21e7bb63a95870bc1 (65536 byte / 65536 byte)
[2024/11/30 11:01:56.7254] [MSG] Your job flag is ... DUM
[2024/11/30 11:01:56.7258] [SYS] Create ONN send data:
- Layer: 2 (Content)
- Next user's common key: 0x41d2b...[512]
- Next user's message: 0xb00...[56591]
- Noise: 0xa522...[7885]
[2024/11/30 11:01:56.7269] [SYS] Create ONN send data:
- Layer: 1 (Root)
- Next user's public key: 0x30820...[550]
- New common key: 0xe3ee8c4...[32]
- Encrypted common key: 0x70859...[512]
- Target content: 0x000...[65000]
- Encrypted content: 0x7bb...[65016]
[2024/11/30 11:01:56.7270] [MSG] Send ONN data to ... User F (@59dd0259250a238d96e1335bf5f29b58)
[2024/11/30 11:01:56.7339] [SYS] Send message: "/rec-on #89fcef1c463cf1371385d7554a336b70" to 127.0.1.1:20000
[2024/11/30 11:01:56.7342] [SYS] Send message: "/pst-on #d572a46d0dc3c4c2316cba443ba74776 0x000...[66092]" to 127.0.1.1:20000
[2024/11/30 11:01:56.7351] [SYS] Close the task (#89fcef1c463cf1371385d7554a336b70).
[2024/11/30 11:01:56.8124] [SYS] Receive replied task (#d572a46d0dc3c4c2316cba443ba74776): "rec-on" from 127.0.1.1:20000
[2024/11/30 11:01:56.8131] [SYS] Close the task (#d572a46d0dc3c4c2316cba443ba74776).
[2024/11/30 11:01:57.0614] [SYS] Receive new task (#4f21a1e7fa52e6978b23d18475938358): "pst-on" from 127.0.1.1:20000
[2024/11/30 11:01:57.0689] [SYS] Decode ONN received data:
- Layer: 1 (Receive)
- Encrypted common key: 0x3f695...[512]
- Encrypted content: 0x965...[65016]
- Decrypted common key: 0x33c449e...[32]
- Decrypted content: 0x000...[65000]
[2024/11/30 11:01:57.0777] [SYS] Decode ONN received data:
- Layer: 2 (Content)
- Encrypted common key: 0xb6c30...[512]
- Encrypted message: 0x9d7...[60355]
- Decrypted common key: 0xb71a813...[32]
- Decrypted message: 0xf06...[60339]
- Noise: 0x39692...[4121]
[2024/11/30 11:01:57.0782] [SYS] Decode ONN received data:
- Layer: 3 (Message)
- Message ID: f063c055f4b4caf21e7bb63a95870bc1
- Message size: 65536
- Flag: DUM
- Type: ff
- Noise: 0x18e87...[3528]
- Data [0]: 0x00010000
- Data [1]: 0x03
- Data [2]: 0xff
- Data [3]: 0x59d...[56781]
[2024/11/30 11:01:57.0784] [SYS] Decode ONN received data:
- Layer: 4 (Data)
- Send user ID: 59dd0259250a238d96e1335bf5f29b58
- Send user's public key: 0x30820...[550]
- Encrypted common key: 0x06b52...[512]
- Encrypted message: 0x7cb...[55691]
[2024/11/30 11:01:57.0785] [MSG] Get ONN data ... ONN#f063c055f4b4caf21e7bb63a95870bc1 (65536 byte / 65536 byte)
[2024/11/30 11:01:57.0785] [MSG] Your job flag is ... DUM
[2024/11/30 11:01:57.0790] [SYS] Create ONN send data:
- Layer: 2 (Content)
- Next user's common key: 0x06b52...[512]
- Next user's message: 0x7cb...[55691]
- Noise: 0x48a2...[8785]
[2024/11/30 11:01:57.0803] [SYS] Create ONN send data:
- Layer: 1 (Root)
- Next user's public key: 0x30820...[550]
- New common key: 0xf380f0f...[32]
- Encrypted common key: 0x7f6f9...[512]
- Target content: 0x000...[65000]
- Encrypted content: 0x28c...[65016]
[2024/11/30 11:01:57.0807] [MSG] Send ONN data to ... User F (@59dd0259250a238d96e1335bf5f29b58)
[2024/11/30 11:01:57.0879] [SYS] Send message: "/rec-on #4f21a1e7fa52e6978b23d18475938358" to 127.0.1.1:20000
[2024/11/30 11:01:57.0883] [SYS] Send message: "/pst-on #4bbab807a1546d8bc9458932d921e1c5 0x000...[66092]" to 127.0.1.1:20000
[2024/11/30 11:01:57.0892] [SYS] Close the task (#4f21a1e7fa52e6978b23d18475938358).
[2024/11/30 11:01:57.2102] [SYS] Receive replied task (#4bbab807a1546d8bc9458932d921e1c5): "rec-on" from 127.0.1.1:20000
[2024/11/30 11:01:57.2106] [SYS] Close the task (#4bbab807a1546d8bc9458932d921e1c5).
[2024/11/30 11:01:57.3364] [SYS] Receive new task (#1de20ef5bb4bdc4d97a4f5a4393f8847): "pst-on" from 127.0.1.1:20000
[2024/11/30 11:01:57.3445] [SYS] Decode ONN received data:
- Layer: 1 (Receive)
- Encrypted common key: 0x8bad3...[512]
- Encrypted content: 0x01a...[65016]
- Decrypted common key: 0x2598b5b...[32]
- Decrypted content: 0x000...[65000]
[2024/11/30 11:01:57.3525] [SYS] Decode ONN received data:
- Layer: 2 (Content)
- Encrypted common key: 0xdafdf...[512]
- Encrypted message: 0xcd4...[60629]
- Decrypted common key: 0x7e96c8c...[32]
- Decrypted message: 0xf06...[60613]
- Noise: 0xcf740...[3847]
[2024/11/30 11:01:57.3528] [SYS] Decode ONN received data:
- Layer: 3 (Message)
- Message ID: f063c055f4b4caf21e7bb63a95870bc1
- Message size: 65536
- Flag: DUM
- Type: ff
- Noise: 0xa327b...[2689]
- Data [0]: 0x00010000
- Data [1]: 0x03
- Data [2]: 0xff
- Data [3]: 0x59d...[57894]
[2024/11/30 11:01:57.3529] [SYS] Decode ONN received data:
- Layer: 4 (Data)
- Send user ID: 59dd0259250a238d96e1335bf5f29b58
- Send user's public key: 0x30820...[550]
- Encrypted common key: 0x77e28...[512]
- Encrypted message: 0xd7c...[56804]
[2024/11/30 11:01:57.3530] [MSG] Get ONN data ... ONN#f063c055f4b4caf21e7bb63a95870bc1 (65536 byte / 65536 byte)
[2024/11/30 11:01:57.3530] [MSG] Your job flag is ... DUM
[2024/11/30 11:01:57.3537] [SYS] Create ONN send data:
- Layer: 2 (Content)
- Next user's common key: 0x77e28...[512]
- Next user's message: 0xd7c...[56804]
- Noise: 0xdc24...[7672]
[2024/11/30 11:01:57.3550] [SYS] Create ONN send data:
- Layer: 1 (Root)
- Next user's public key: 0x30820...[550]
- New common key: 0xec33139...[32]
- Encrypted common key: 0x56356...[512]
- Target content: 0x000...[65000]
- Encrypted content: 0x6ec...[65016]
[2024/11/30 11:01:57.3551] [MSG] Send ONN data to ... User F (@59dd0259250a238d96e1335bf5f29b58)
[2024/11/30 11:01:57.3625] [SYS] Send message: "/rec-on #1de20ef5bb4bdc4d97a4f5a4393f8847" to 127.0.1.1:20000
[2024/11/30 11:01:57.3627] [SYS] Send message: "/pst-on #336eb2ed28c0508810c98766e9541455 0x000...[66092]" to 127.0.1.1:20000
[2024/11/30 11:01:57.3638] [SYS] Close the task (#1de20ef5bb4bdc4d97a4f5a4393f8847).
[2024/11/30 11:01:57.4812] [SYS] Receive replied task (#336eb2ed28c0508810c98766e9541455): "rec-on" from 127.0.1.1:20000
[2024/11/30 11:01:57.4818] [SYS] Close the task (#336eb2ed28c0508810c98766e9541455).
[2024/11/30 11:01:57.7320] [SYS] Receive new task (#a20130ba1bc8e9f3807d06c4633af900): "pst-on" from 127.0.1.1:20000
[2024/11/30 11:01:57.7393] [SYS] Decode ONN received data:
- Layer: 1 (Receive)
- Encrypted common key: 0x81232...[512]
- Encrypted content: 0x356...[65016]
- Decrypted common key: 0xf2463e4...[32]
- Decrypted content: 0x000...[65000]
[2024/11/30 11:01:57.7466] [SYS] Decode ONN received data:
- Layer: 2 (Content)
- Encrypted common key: 0x9c2a5...[512]
- Encrypted message: 0x74d...[60365]
- Decrypted common key: 0xd80e442...[32]
- Decrypted message: 0xf06...[60349]
- Noise: 0xd18c5...[4111]
[2024/11/30 11:01:57.7472] [SYS] Decode ONN received data:
- Layer: 3 (Message)
- Message ID: f063c055f4b4caf21e7bb63a95870bc1
- Message size: 65536
- Flag: DUM
- Type: ff
- Noise: 0x6a6b6...[3999]
- Data [0]: 0x00010000
- Data [1]: 0x03
- Data [2]: 0xff
- Data [3]: 0x59d...[56320]
[2024/11/30 11:01:57.7474] [SYS] Decode ONN received data:
- Layer: 4 (Data)
- Send user ID: 59dd0259250a238d96e1335bf5f29b58
- Send user's public key: 0x30820...[550]
- Encrypted common key: 0x9fef8...[512]
- Encrypted message: 0x289...[55230]
[2024/11/30 11:01:57.7474] [MSG] Get ONN data ... ONN#f063c055f4b4caf21e7bb63a95870bc1 (65536 byte / 65536 byte)
[2024/11/30 11:01:57.7475] [MSG] Your job flag is ... DUM
[2024/11/30 11:01:57.7484] [SYS] Create ONN send data:
- Layer: 2 (Content)
- Next user's common key: 0x9fef8...[512]
- Next user's message: 0x289...[55230]
- Noise: 0xb736...[9246]
[2024/11/30 11:01:57.7492] [SYS] Create ONN send data:
- Layer: 1 (Root)
- Next user's public key: 0x30820...[550]
- New common key: 0x5f1411b...[32]
- Encrypted common key: 0x01d64...[512]
- Target content: 0x000...[65000]
- Encrypted content: 0x939...[65016]
[2024/11/30 11:01:57.7493] [MSG] Send ONN data to ... User F (@59dd0259250a238d96e1335bf5f29b58)
[2024/11/30 11:01:57.7563] [SYS] Send message: "/pst-on #c1e07625b6d671c3bd1cb4dc5be3fb64 0x000...[66092]" to 127.0.1.1:20000
[2024/11/30 11:01:57.7564] [SYS] Send message: "/rec-on #a20130ba1bc8e9f3807d06c4633af900" to 127.0.1.1:20000
[2024/11/30 11:01:57.7570] [SYS] Close the task (#a20130ba1bc8e9f3807d06c4633af900).
[2024/11/30 11:01:57.8790] [SYS] Receive replied task (#c1e07625b6d671c3bd1cb4dc5be3fb64): "rec-on" from 127.0.1.1:20000
[2024/11/30 11:01:57.8792] [SYS] Close the task (#c1e07625b6d671c3bd1cb4dc5be3fb64).
[2024/11/30 11:01:58.0913] [SYS] Receive new task (#f87632531584853dcd7c205df2402199): "pst-on" from 127.0.1.1:20000
[2024/11/30 11:01:58.0993] [SYS] Decode ONN received data:
- Layer: 1 (Receive)
- Encrypted common key: 0x7af44...[512]
- Encrypted content: 0x00e...[65016]
- Decrypted common key: 0xe46f1e7...[32]
- Decrypted content: 0x000...[65000]
[2024/11/30 11:01:58.1064] [SYS] Decode ONN received data:
- Layer: 2 (Content)
- Encrypted common key: 0x4bc08...[512]
- Encrypted message: 0xe2e...[61528]
- Decrypted common key: 0x881b036...[32]
- Decrypted message: 0xf06...[61512]
- Noise: 0xefcb4...[2948]
[2024/11/30 11:01:58.1065] [SYS] Decode ONN received data:
- Layer: 3 (Message)
- Message ID: f063c055f4b4caf21e7bb63a95870bc1
- Message size: 65536
- Flag: DUM
- Type: ff
- Noise: 0x328d2...[4795]
- Data [0]: 0x00010000
- Data [1]: 0x03
- Data [2]: 0xff
- Data [3]: 0x59d...[56687]
[2024/11/30 11:01:58.1067] [SYS] Decode ONN received data:
- Layer: 4 (Data)
- Send user ID: 59dd0259250a238d96e1335bf5f29b58
- Send user's public key: 0x30820...[550]
- Encrypted common key: 0x3ef0f...[512]
- Encrypted message: 0x9a3...[55597]
[2024/11/30 11:01:58.1067] [MSG] Get ONN data ... ONN#f063c055f4b4caf21e7bb63a95870bc1 (65536 byte / 65536 byte)
[2024/11/30 11:01:58.1067] [MSG] Your job flag is ... DUM
[2024/11/30 11:01:58.1073] [SYS] Create ONN send data:
- Layer: 2 (Content)
- Next user's common key: 0x3ef0f...[512]
- Next user's message: 0x9a3...[55597]
- Noise: 0x4421...[8879]
[2024/11/30 11:01:58.1081] [SYS] Create ONN send data:
- Layer: 1 (Root)
- Next user's public key: 0x30820...[550]
- New common key: 0x0c3fe2e...[32]
- Encrypted common key: 0x845d6...[512]
- Target content: 0x000...[65000]
- Encrypted content: 0x0ed...[65016]
[2024/11/30 11:01:58.1081] [MSG] Send ONN data to ... User F (@59dd0259250a238d96e1335bf5f29b58)
[2024/11/30 11:01:58.1156] [SYS] Send message: "/pst-on #4e308cfb6681ca6a26e3f2bd15827f62 0x000...[66092]" to 127.0.1.1:20000
[2024/11/30 11:01:58.1159] [SYS] Send message: "/rec-on #f87632531584853dcd7c205df2402199" to 127.0.1.1:20000
[2024/11/30 11:01:58.1167] [SYS] Close the task (#f87632531584853dcd7c205df2402199).
[2024/11/30 11:01:58.2505] [SYS] Receive replied task (#4e308cfb6681ca6a26e3f2bd15827f62): "rec-on" from 127.0.1.1:20000
[2024/11/30 11:01:58.2510] [SYS] Close the task (#4e308cfb6681ca6a26e3f2bd15827f62).
[2024/11/30 11:01:58.4630] [SYS] Receive new task (#92f9d73488a587056be25b9e527c0a6e): "pst-on" from 127.0.1.1:20000
[2024/11/30 11:01:58.4698] [SYS] Decode ONN received data:
- Layer: 1 (Receive)
- Encrypted common key: 0x54ed2...[512]
- Encrypted content: 0x181...[65016]
- Decrypted common key: 0x716b6fd...[32]
- Decrypted content: 0x000...[65000]
[2024/11/30 11:01:58.4770] [SYS] Decode ONN received data:
- Layer: 2 (Content)
- Encrypted common key: 0x28cd5...[512]
- Encrypted message: 0x89f2...[47010]
- Decrypted common key: 0x0cfeecd...[32]
- Decrypted message: 0xf063...[46994]
- Noise: 0x09c5...[17466]
[2024/11/30 11:01:58.4772] [SYS] Decode ONN received data:
- Layer: 3 (Message)
- Message ID: f063c055f4b4caf21e7bb63a95870bc1
- Message size: 65536
- Flag: DUM
- Type: ff
- Noise: 0x984e...[10103]
- Data [0]: 0x00010000
- Data [1]: 0x03
- Data [2]: 0xff
- Data [3]: 0x59dd...[36861]
[2024/11/30 11:01:58.4773] [SYS] Decode ONN received data:
- Layer: 4 (Data)
- Send user ID: 59dd0259250a238d96e1335bf5f29b58
- Send user's public key: 0x30820...[550]
- Encrypted common key: 0xa827e...[512]
- Encrypted message: 0xd934...[35771]
[2024/11/30 11:01:58.4774] [MSG] Get ONN data ... ONN#f063c055f4b4caf21e7bb63a95870bc1 (65536 byte / 65536 byte)
[2024/11/30 11:01:58.4774] [MSG] Your job flag is ... DUM
[2024/11/30 11:01:58.4781] [SYS] Create ONN send data:
- Layer: 2 (Content)
- Next user's common key: 0xa827e...[512]
- Next user's message: 0xd934...[35771]
- Noise: 0xc1de...[28705]
[2024/11/30 11:01:58.4789] [SYS] Create ONN send data:
- Layer: 1 (Root)
- Next user's public key: 0x30820...[550]
- New common key: 0x60827f0...[32]
- Encrypted common key: 0xb1e9d...[512]
- Target content: 0x000...[65000]
- Encrypted content: 0x21b...[65016]
[2024/11/30 11:01:58.4790] [MSG] Send ONN data to ... User F (@59dd0259250a238d96e1335bf5f29b58)
[2024/11/30 11:01:58.4854] [SYS] Send message: "/rec-on #92f9d73488a587056be25b9e527c0a6e" to 127.0.1.1:20000
[2024/11/30 11:01:58.4855] [SYS] Send message: "/pst-on #3c2732c9b04ac4dbaababe4a9c09501b 0x000...[66092]" to 127.0.1.1:20000
[2024/11/30 11:01:58.4859] [SYS] Close the task (#92f9d73488a587056be25b9e527c0a6e).
[2024/11/30 11:01:58.5642] [SYS] Receive replied task (#3c2732c9b04ac4dbaababe4a9c09501b): "rec-on" from 127.0.1.1:20000
[2024/11/30 11:01:58.5647] [SYS] Close the task (#3c2732c9b04ac4dbaababe4a9c09501b).
[2024/11/30 11:01:58.7309] [SYS] Receive new task (#e17b2f720d41197e1b2da35952d50c61): "pst-on" from 127.0.1.1:20000
[2024/11/30 11:01:58.7384] [SYS] Decode ONN received data:
- Layer: 1 (Receive)
- Encrypted common key: 0xb6cd2...[512]
- Encrypted content: 0xb7c...[65016]
- Decrypted common key: 0xbde2b2e...[32]
- Decrypted content: 0x000...[65000]
[2024/11/30 11:01:58.7448] [SYS] Decode ONN received data:
- Layer: 2 (Content)
- Encrypted common key: 0x526d8...[512]
- Encrypted message: 0x0ea...[51331]
- Decrypted common key: 0xd85288d...[32]
- Decrypted message: 0xf06...[51315]
- Noise: 0x247b...[13145]
[2024/11/30 11:01:58.7452] [SYS] Decode ONN received data:
- Layer: 3 (Message)
- Message ID: f063c055f4b4caf21e7bb63a95870bc1
- Message size: 65536
- Flag: DUM
- Type: ff
- Noise: 0xdc76...[7291]
- Data [0]: 0x00010000
- Data [1]: 0x03
- Data [2]: 0xff
- Data [3]: 0x59dd...[43994]
[2024/11/30 11:01:58.7453] [SYS] Decode ONN received data:
- Layer: 4 (Data)
- Send user ID: 59dd0259250a238d96e1335bf5f29b58
- Send user's public key: 0x30820...[550]
- Encrypted common key: 0x11a5a...[512]
- Encrypted message: 0x2681...[42904]
[2024/11/30 11:01:58.7453] [MSG] Get ONN data ... ONN#f063c055f4b4caf21e7bb63a95870bc1 (65536 byte / 65536 byte)
[2024/11/30 11:01:58.7453] [MSG] Your job flag is ... DUM
[2024/11/30 11:01:58.7460] [SYS] Create ONN send data:
- Layer: 2 (Content)
- Next user's common key: 0x11a5a...[512]
- Next user's message: 0x2681...[42904]
- Noise: 0x9f25...[21572]
[2024/11/30 11:01:58.7467] [SYS] Create ONN send data:
- Layer: 1 (Root)
- Next user's public key: 0x30820...[550]
- New common key: 0x8aa1e0a...[32]
- Encrypted common key: 0xa9b6b...[512]
- Target content: 0x000...[65000]
- Encrypted content: 0x2c3...[65016]
[2024/11/30 11:01:58.7468] [MSG] Send ONN data to ... User F (@59dd0259250a238d96e1335bf5f29b58)
[2024/11/30 11:01:58.7544] [SYS] Send message: "/rec-on #e17b2f720d41197e1b2da35952d50c61" to 127.0.1.1:20000
[2024/11/30 11:01:58.7547] [SYS] Send message: "/pst-on #95989b16ff2cbfca43891f958a3e621f 0x000...[66092]" to 127.0.1.1:20000
[2024/11/30 11:01:58.7553] [SYS] Close the task (#e17b2f720d41197e1b2da35952d50c61).
[2024/11/30 11:01:58.8734] [SYS] Receive replied task (#95989b16ff2cbfca43891f958a3e621f): "rec-on" from 127.0.1.1:20000
[2024/11/30 11:01:58.8737] [SYS] Close the task (#95989b16ff2cbfca43891f958a3e621f).
