[2024/11/30 11:00:26.6455] [MSG] Welcome to Easy Pear to Pear Chat System (E=CS)
- Set your name with /name <YOUR NAME>
- Create a network with /create <LISTENING PORT>
- Join the network with /join <ADDRESS>:<PORT> <LISTENING PORT>
- Leave the network with /leave
[2024/11/30 11:00:26.8042] [MSG] ▶ /join 0.0.0.0:20000 20004
[2024/11/30 11:00:26.9127] [SYS] Try to join the network...
[2024/11/30 11:00:26.9189] [MSG] Join the secure network: 127.0.1.1:20000
[2024/11/30 11:00:27.1109] [MSG] Connect to new node: 127.0.1.1:20000
[2024/11/30 11:00:27.1114] [SYS] Start a node stream...
[2024/11/30 11:00:27.1159] [SYS] Send message: "/alg #6a9643b06508bf62ae134d7a03c49982 @97d9294...(779)" to 127.0.1.1:20000
[2024/11/30 11:00:27.1227] [MSG] You have joined the network.
[2024/11/30 11:00:27.1231] [SYS] 11:00:27 | You have joined the network.
[2024/11/30 11:00:27.1240] [SYS] Start listening to new node.
[2024/11/30 11:00:27.1300] [MSG] Listening: 172.16.30.185:20004
[2024/11/30 11:00:27.1304] [SYS] Waiting for new node connection...
[2024/11/30 11:00:27.1343] [SYS] Receive new task (#2fa9ecd2fe3cef649dceb42f4509ebfc): "alg" from 127.0.1.1:20000
[2024/11/30 11:00:27.1358] [MSG] Add user profile: User A (@8f261f3f396e49d78060f6b50dc63371)
[2024/11/30 11:00:27.1364] [SYS] Close the task (#2fa9ecd2fe3cef649dceb42f4509ebfc).
[2024/11/30 11:00:27.1436] [SYS] Request user list...
[2024/11/30 11:00:27.1468] [SYS] Send message: "/req-ul #1f75ff01a1d05006a7b42d850c929b78 4990 MIICIjAN...(736)" to 127.0.1.1:20000
[2024/11/30 11:00:27.2644] [SYS] Receive replied task (#1f75ff01a1d05006a7b42d850c929b78): "ret-ul" from 127.0.1.1:20000
[2024/11/30 11:00:27.2872] [MSG] Update user profile: User A (@8f261f3f396e49d78060f6b50dc63371)
[2024/11/30 11:00:27.2993] [MSG] Add user profile: User B (@50ab0ac0a1e736f21b6ab56dd9c8a4a9)
[2024/11/30 11:00:27.3125] [MSG] Add user profile: User C (@07325582b68490506259de2d47ffaa54)
[2024/11/30 11:00:27.3248] [MSG] Add user profile: User D (@fe48fe6fc8424a719bebbada2f785994)
[2024/11/30 11:00:27.3263] [SYS] Close the task (#1f75ff01a1d05006a7b42d850c929b78).
[2024/11/30 11:00:27.3291] [SYS] Send message: "/pst-up #3b1e8a736b668104e061191fe652597a 4990 @97d9294b...(33) @97d9294...(779) @8f261f3f...(33) BgZy0D5I...(684)" to 127.0.1.1:20000
[2024/11/30 11:00:27.3304] [SYS] Send message: "/pst-up #48037cc435b2c31f8f3a23f2c268e701 4990 @97d9294b...(33) @97d9294...(779) @50ab0ac0...(33) IgYmuYtP...(684)" to 127.0.1.1:20000
[2024/11/30 11:00:27.3314] [SYS] Send message: "/pst-up #685fd812e4100d0c3a94d71109ed6543 4990 @97d9294b...(33) @97d9294...(779) @07325582...(33) ba9o7P9u...(684)" to 127.0.1.1:20000
[2024/11/30 11:00:27.3323] [SYS] Send message: "/pst-up #c2d97a8515dcc07c8fe289f714319a0b 4990 @97d9294b...(33) @97d9294...(779) @fe48fe6f...(33) iRyhypP1...(684)" to 127.0.1.1:20000
[2024/11/30 11:00:27.3477] [SYS] Receive replied task (#3b1e8a736b668104e061191fe652597a): "rec-up" from 127.0.1.1:20000
[2024/11/30 11:00:27.3482] [SYS] Close the task (#3b1e8a736b668104e061191fe652597a).
[2024/11/30 11:00:27.4096] [SYS] Receive replied task (#c2d97a8515dcc07c8fe289f714319a0b): "rec-up" from 127.0.1.1:20000
[2024/11/30 11:00:27.4101] [SYS] Close the task (#c2d97a8515dcc07c8fe289f714319a0b).
[2024/11/30 11:00:27.4132] [SYS] Receive replied task (#685fd812e4100d0c3a94d71109ed6543): "rec-up" from 127.0.1.1:20000
[2024/11/30 11:00:27.4138] [SYS] Close the task (#685fd812e4100d0c3a94d71109ed6543).
[2024/11/30 11:00:27.4155] [SYS] Receive replied task (#48037cc435b2c31f8f3a23f2c268e701): "rec-up" from 127.0.1.1:20000
[2024/11/30 11:00:27.4208] [SYS] Close the task (#48037cc435b2c31f8f3a23f2c268e701).
[2024/11/30 11:00:29.0381] [SYS] Receive new task (#4a3569f2f3c673fd9acca77d8dac59c0): "req-ul" from 127.0.1.1:20000
[2024/11/30 11:00:29.0402] [SYS] Send message: "/ret-ul #4a3569f2f3c673fd9acca77d8dac59c0 NUL Ly8OQnf...(1060) XG7aowXR...(684)" to 127.0.1.1:20000
[2024/11/30 11:00:29.0413] [SYS] Close the task (#4a3569f2f3c673fd9acca77d8dac59c0).
[2024/11/30 11:00:29.2485] [SYS] Receive new task (#b9d8e7c4bfd4386f1c17723ec5e58e76): "pst-up" from 127.0.1.1:20000
[2024/11/30 11:00:29.2600] [MSG] Add user profile: User F (@59dd0259250a238d96e1335bf5f29b58)
[2024/11/30 11:00:29.2614] [SYS] 11:00:29 | User F (@59dd0259250a238d96e1335bf5f29b58) has joined the network.
[2024/11/30 11:00:29.2622] [SYS] Send message: "/rec-up #b9d8e7c4bfd4386f1c17723ec5e58e76" to 127.0.1.1:20000
[2024/11/30 11:00:29.2635] [SYS] Close the task (#b9d8e7c4bfd4386f1c17723ec5e58e76).
[2024/11/30 11:00:35.2916] [SYS] Receive new task (#ab3edcf6977058fc6599067a8eaf44f7): "pst-cm" from 127.0.1.1:20000
[2024/11/30 11:00:35.2950] [MSG] 11:00:35 | User A (@8f261f3f396e49d78060f6b50dc63371):
Hi
[2024/11/30 11:00:35.2981] [SYS] Send message: "/rec-cm #ab3edcf6977058fc6599067a8eaf44f7" to 127.0.1.1:20000
[2024/11/30 11:00:35.2997] [SYS] Close the task (#ab3edcf6977058fc6599067a8eaf44f7).
[2024/11/30 11:00:40.0725] [SYS] Receive new task (#d4e87adda67f6a73225690f31c47c26b): "pst-cm" from 127.0.1.1:20000
[2024/11/30 11:00:40.0740] [MSG] 11:00:40 | User B (@50ab0ac0a1e736f21b6ab56dd9c8a4a9):
Hi
[2024/11/30 11:00:40.0746] [SYS] Send message: "/rec-cm #d4e87adda67f6a73225690f31c47c26b" to 127.0.1.1:20000
[2024/11/30 11:00:40.0759] [SYS] Close the task (#d4e87adda67f6a73225690f31c47c26b).
[2024/11/30 11:00:50.5628] [SYS] Receive new task (#49493a34a25689307eff012d7e2b3c1b): "pst-cf" from 127.0.1.1:20000
[2024/11/30 11:00:50.5665] [MSG] The file (Test File Data (1.1 MiB).jpg) was stocked as #a504536f32d728fb5f87f1eef9b6b1f6 by @8f261f3f396e49d78060f6b50dc63371.
[2024/11/30 11:00:50.5686] [MSG] 11:00:50 | User A (@8f261f3f396e49d78060f6b50dc63371):
[Test File Data (1.1 MiB).jpg](/fr @8f261f3f396e49d78060f6b50dc63371 #a504536f32d728fb5f87f1eef9b6b1f6) (Click to set a command to download the file!)
[2024/11/30 11:00:50.5702] [SYS] Send message: "/rec-cf #49493a34a25689307eff012d7e2b3c1b" to 127.0.1.1:20000
[2024/11/30 11:00:50.5725] [SYS] Close the task (#49493a34a25689307eff012d7e2b3c1b).
[2024/11/30 11:01:19.2456] [SYS] Receive new task (#60fb1d74d40d2a7781c9e77dc7dfd553): "pst-on" from 127.0.1.1:20000
[2024/11/30 11:01:19.2575] [SYS] Decode ONN received data:
- Layer: 1 (Receive)
- Encrypted common key: 0x6b537...[512]
- Encrypted content: 0x4c2...[65016]
- Decrypted common key: 0x1cd9e96...[32]
- Decrypted content: 0x000...[65000]
[2024/11/30 11:01:19.2697] [SYS] Decode ONN received data:
- Layer: 2 (Content)
- Encrypted common key: 0x5dd02...[512]
- Encrypted message: 0x27ff...[47493]
- Decrypted common key: 0xc6702a5...[32]
- Decrypted message: 0x8dff...[47477]
- Noise: 0x95c6...[16983]
[2024/11/30 11:01:19.2716] [SYS] Decode ONN received data:
- Layer: 3 (Message)
- Message ID: 8dff9617e9d493b0396a6686fdd15fa8
- Message size: 65536
- Flag: DUM
- Type: ff
- Noise: 0x12fa...[7089]
- Data [0]: 0x00010000
- Data [1]: 0x03
- Data [2]: 0xff
- Data [3]: 0x8f26...[40358]
[2024/11/30 11:01:19.2719] [SYS] Decode ONN received data:
- Layer: 4 (Data)
- Send user ID: 8f261f3f396e49d78060f6b50dc63371
- Send user's public key: 0x30820...[550]
- Encrypted common key: 0xcf9c9...[512]
- Encrypted message: 0x07df...[39268]
[2024/11/30 11:01:19.2722] [MSG] Get ONN data ... ONN#8dff9617e9d493b0396a6686fdd15fa8 (65536 byte / 65536 byte)
[2024/11/30 11:01:19.2723] [MSG] Your job flag is ... DUM
[2024/11/30 11:01:19.2739] [SYS] Create ONN send data:
- Layer: 2 (Content)
- Next user's common key: 0xcf9c9...[512]
- Next user's message: 0x07df...[39268]
- Noise: 0x9305...[25208]
[2024/11/30 11:01:19.2759] [SYS] Create ONN send data:
- Layer: 1 (Root)
- Next user's public key: 0x30820...[550]
- New common key: 0x84359ef...[32]
- Encrypted common key: 0x3380f...[512]
- Target content: 0x000...[65000]
- Encrypted content: 0xb89...[65016]
[2024/11/30 11:01:19.2762] [MSG] Send ONN data to ... User A (@8f261f3f396e49d78060f6b50dc63371)
[2024/11/30 11:01:19.2856] [SYS] Send message: "/rec-on #60fb1d74d40d2a7781c9e77dc7dfd553" to 127.0.1.1:20000
[2024/11/30 11:01:19.2863] [SYS] Send message: "/pst-on #c08d969fcdf38c49083797ecf56f2097 0x000...[66092]" to 127.0.1.1:20000
[2024/11/30 11:01:19.2875] [SYS] Close the task (#60fb1d74d40d2a7781c9e77dc7dfd553).
[2024/11/30 11:01:19.3234] [SYS] Receive replied task (#c08d969fcdf38c49083797ecf56f2097): "rec-on" from 127.0.1.1:20000
[2024/11/30 11:01:19.3239] [SYS] Close the task (#c08d969fcdf38c49083797ecf56f2097).
[2024/11/30 11:01:19.5295] [SYS] Receive new task (#685bec465b556ab811356715b5e78d26): "pst-on" from 127.0.1.1:20000
[2024/11/30 11:01:19.5410] [SYS] Decode ONN received data:
- Layer: 1 (Receive)
- Encrypted common key: 0x139bc...[512]
- Encrypted content: 0xb1e...[65016]
- Decrypted common key: 0xa516c58...[32]
- Decrypted content: 0x000...[65000]
[2024/11/30 11:01:19.5503] [SYS] Decode ONN received data:
- Layer: 2 (Content)
- Encrypted common key: 0x76c85...[512]
- Encrypted message: 0x3c7d...[10777]
- Decrypted common key: 0x970921e...[32]
- Decrypted message: 0x8dff...[10761]
- Noise: 0xdce...[53699]
[2024/11/30 11:01:19.5508] [SYS] Decode ONN received data:
- Layer: 3 (Message)
- Message ID: 8dff9617e9d493b0396a6686fdd15fa8
- Message size: 65536
- Flag: DUM
- Type: ff
- Noise: 0x4fd3b...[2624]
- Data [0]: 0x00010000
- Data [1]: 0x03
- Data [2]: 0xff
- Data [3]: 0x8f26...[8107]
[2024/11/30 11:01:19.5510] [SYS] Decode ONN received data:
- Layer: 4 (Data)
- Send user ID: 8f261f3f396e49d78060f6b50dc63371
- Send user's public key: 0x30820...[550]
- Encrypted common key: 0x569cf...[512]
- Encrypted message: 0x2c6d...[7017]
[2024/11/30 11:01:19.5511] [MSG] Get ONN data ... ONN#8dff9617e9d493b0396a6686fdd15fa8 (65536 byte / 65536 byte)
[2024/11/30 11:01:19.5512] [MSG] Your job flag is ... DUM
[2024/11/30 11:01:19.5548] [SYS] Create ONN send data:
- Layer: 2 (Content)
- Next user's common key: 0x569cf...[512]
- Next user's message: 0x2c6d...[7017]
- Noise: 0x520...[57459]
[2024/11/30 11:01:19.5581] [SYS] Create ONN send data:
- Layer: 1 (Root)
- Next user's public key: 0x30820...[550]
- New common key: 0x2986c57...[32]
- Encrypted common key: 0x110fc...[512]
- Target content: 0x000...[65000]
- Encrypted content: 0xa14...[65016]
[2024/11/30 11:01:19.5588] [MSG] Send ONN data to ... User A (@8f261f3f396e49d78060f6b50dc63371)
[2024/11/30 11:01:19.5710] [SYS] Send message: "/rec-on #685bec465b556ab811356715b5e78d26" to 127.0.1.1:20000
[2024/11/30 11:01:19.5713] [SYS] Send message: "/pst-on #0749187430b4de8663e251b5c4988166 0x000...[66092]" to 127.0.1.1:20000
[2024/11/30 11:01:19.5726] [SYS] Close the task (#685bec465b556ab811356715b5e78d26).
[2024/11/30 11:01:19.6047] [SYS] Receive replied task (#0749187430b4de8663e251b5c4988166): "rec-on" from 127.0.1.1:20000
[2024/11/30 11:01:19.6051] [SYS] Close the task (#0749187430b4de8663e251b5c4988166).
[2024/11/30 11:01:32.3300] [SYS] Receive new task (#7b8646335b885320dc379cc24060ff28): "pst-on" from 127.0.1.1:20000
[2024/11/30 11:01:32.3424] [SYS] Decode ONN received data:
- Layer: 1 (Receive)
- Encrypted common key: 0x8287a...[512]
- Encrypted content: 0x439...[65016]
- Decrypted common key: 0xde8e481...[32]
- Decrypted content: 0x000...[65000]
[2024/11/30 11:01:32.3498] [SYS] Decode ONN received data:
- Layer: 2 (Content)
- Encrypted common key: 0x60b8a...[512]
- Encrypted message: 0x5909...[29349]
- Decrypted common key: 0x3060198...[32]
- Decrypted message: 0x091c...[29333]
- Noise: 0x94b8...[35127]
[2024/11/30 11:01:32.3504] [SYS] Decode ONN received data:
- Layer: 3 (Message)
- Message ID: 091c076e76c678802d12e323050cb1e2
- Message size: 65536
- Flag: DUM
- Type: ff
- Noise: 0xfc2d...[13983]
- Data [0]: 0x00010000
- Data [1]: 0x03
- Data [2]: 0xff
- Data [3]: 0x8f26...[15320]
[2024/11/30 11:01:32.3506] [SYS] Decode ONN received data:
- Layer: 4 (Data)
- Send user ID: 8f261f3f396e49d78060f6b50dc63371
- Send user's public key: 0x30820...[550]
- Encrypted common key: 0x90fbe...[512]
- Encrypted message: 0xbff9...[14230]
[2024/11/30 11:01:32.3507] [MSG] Get ONN data ... ONN#091c076e76c678802d12e323050cb1e2 (65536 byte / 65536 byte)
[2024/11/30 11:01:32.3507] [MSG] Your job flag is ... DUM
[2024/11/30 11:01:32.3522] [SYS] Create ONN send data:
- Layer: 2 (Content)
- Next user's common key: 0x90fbe...[512]
- Next user's message: 0xbff9...[14230]
- Noise: 0x086...[50246]
[2024/11/30 11:01:32.3537] [SYS] Create ONN send data:
- Layer: 1 (Root)
- Next user's public key: 0x30820...[550]
- New common key: 0xb99ce68...[32]
- Encrypted common key: 0x411c0...[512]
- Target content: 0x000...[65000]
- Encrypted content: 0xcec...[65016]
[2024/11/30 11:01:32.3539] [MSG] Send ONN data to ... User A (@8f261f3f396e49d78060f6b50dc63371)
[2024/11/30 11:01:32.3613] [SYS] Send message: "/rec-on #7b8646335b885320dc379cc24060ff28" to 127.0.1.1:20000
[2024/11/30 11:01:32.3616] [SYS] Send message: "/pst-on #6a61453583d8cf40b2c882cb0557418d 0x000...[66092]" to 127.0.1.1:20000
[2024/11/30 11:01:32.3623] [SYS] Close the task (#7b8646335b885320dc379cc24060ff28).
[2024/11/30 11:01:32.4822] [SYS] Receive replied task (#6a61453583d8cf40b2c882cb0557418d): "rec-on" from 127.0.1.1:20000
[2024/11/30 11:01:32.4827] [SYS] Close the task (#6a61453583d8cf40b2c882cb0557418d).
[2024/11/30 11:01:32.7086] [SYS] Receive new task (#a8215d5633ab1a5bc0d5515ea4bd21aa): "pst-on" from 127.0.1.1:20000
[2024/11/30 11:01:32.7203] [SYS] Decode ONN received data:
- Layer: 1 (Receive)
- Encrypted common key: 0x17783...[512]
- Encrypted content: 0xef5...[65016]
- Decrypted common key: 0x7274c83...[32]
- Decrypted content: 0x000...[65000]
[2024/11/30 11:01:32.7310] [SYS] Decode ONN received data:
- Layer: 2 (Content)
- Encrypted common key: 0x841d6...[512]
- Encrypted message: 0x221a...[20793]
- Decrypted common key: 0x223ce80...[32]
- Decrypted message: 0x091c...[20777]
- Noise: 0x78d4...[43683]
[2024/11/30 11:01:32.7315] [SYS] Decode ONN received data:
- Layer: 3 (Message)
- Message ID: 091c076e76c678802d12e323050cb1e2
- Message size: 65536
- Flag: DUM
- Type: ff
- Noise: 0x8c65...[7769]
- Data [0]: 0x00010000
- Data [1]: 0x03
- Data [2]: 0xff
- Data [3]: 0x8f26...[12978]
[2024/11/30 11:01:32.7317] [SYS] Decode ONN received data:
- Layer: 4 (Data)
- Send user ID: 8f261f3f396e49d78060f6b50dc63371
- Send user's public key: 0x30820...[550]
- Encrypted common key: 0x41cc7...[512]
- Encrypted message: 0x08cb...[11888]
[2024/11/30 11:01:32.7319] [MSG] Get ONN data ... ONN#091c076e76c678802d12e323050cb1e2 (65536 byte / 65536 byte)
[2024/11/30 11:01:32.7319] [MSG] Your job flag is ... DUM
[2024/11/30 11:01:32.7333] [SYS] Create ONN send data:
- Layer: 2 (Content)
- Next user's common key: 0x41cc7...[512]
- Next user's message: 0x08cb...[11888]
- Noise: 0xc38...[52588]
[2024/11/30 11:01:32.7356] [SYS] Create ONN send data:
- Layer: 1 (Root)
- Next user's public key: 0x30820...[550]
- New common key: 0x0707aee...[32]
- Encrypted common key: 0x2203d...[512]
- Target content: 0x000...[65000]
- Encrypted content: 0xa54...[65016]
[2024/11/30 11:01:32.7359] [MSG] Send ONN data to ... User A (@8f261f3f396e49d78060f6b50dc63371)
[2024/11/30 11:01:32.7478] [SYS] Send message: "/pst-on #addba799de0ac04d7fd2780615ec8049 0x000...[66092]" to 127.0.1.1:20000
[2024/11/30 11:01:32.7482] [SYS] Send message: "/rec-on #a8215d5633ab1a5bc0d5515ea4bd21aa" to 127.0.1.1:20000
[2024/11/30 11:01:32.7494] [SYS] Close the task (#a8215d5633ab1a5bc0d5515ea4bd21aa).
[2024/11/30 11:01:32.8135] [SYS] Receive replied task (#addba799de0ac04d7fd2780615ec8049): "rec-on" from 127.0.1.1:20000
[2024/11/30 11:01:32.8139] [SYS] Close the task (#addba799de0ac04d7fd2780615ec8049).
[2024/11/30 11:01:50.8983] [SYS] Receive new task (#441abd7ee81cf14a171441ff4e132789): "pst-on" from 127.0.1.1:20000
[2024/11/30 11:01:50.9061] [SYS] Decode ONN received data:
- Layer: 1 (Receive)
- Encrypted common key: 0x4c270...[512]
- Encrypted content: 0xa8d...[65016]
- Decrypted common key: 0xf70496a...[32]
- Decrypted content: 0x000...[65000]
[2024/11/30 11:01:50.9126] [SYS] Decode ONN received data:
- Layer: 2 (Content)
- Encrypted common key: 0x3d653...[512]
- Encrypted message: 0xb798...[26224]
- Decrypted common key: 0x325a0ea...[32]
- Decrypted message: 0xf063...[26208]
- Noise: 0xe408...[38252]
[2024/11/30 11:01:50.9130] [SYS] Decode ONN received data:
- Layer: 3 (Message)
- Message ID: f063c055f4b4caf21e7bb63a95870bc1
- Message size: 65536
- Flag: DUM
- Type: ff
- Noise: 0x95b5...[15396]
- Data [0]: 0x00010000
- Data [1]: 0x03
- Data [2]: 0xff
- Data [3]: 0x8f26...[10782]
[2024/11/30 11:01:50.9132] [SYS] Decode ONN received data:
- Layer: 4 (Data)
- Send user ID: 8f261f3f396e49d78060f6b50dc63371
- Send user's public key: 0x30820...[550]
- Encrypted common key: 0x4b0e6...[512]
- Encrypted message: 0xff84...[9692]
[2024/11/30 11:01:50.9133] [MSG] Get ONN data ... ONN#f063c055f4b4caf21e7bb63a95870bc1 (65536 byte / 65536 byte)
[2024/11/30 11:01:50.9133] [MSG] Your job flag is ... DUM
[2024/11/30 11:01:50.9145] [SYS] Create ONN send data:
- Layer: 2 (Content)
- Next user's common key: 0x4b0e6...[512]
- Next user's message: 0xff84...[9692]
- Noise: 0x831...[54784]
[2024/11/30 11:01:50.9165] [SYS] Create ONN send data:
- Layer: 1 (Root)
- Next user's public key: 0x30820...[550]
- New common key: 0xf633552...[32]
- Encrypted common key: 0x496db...[512]
- Target content: 0x000...[65000]
- Encrypted content: 0x241...[65016]
[2024/11/30 11:01:50.9168] [MSG] Send ONN data to ... User A (@8f261f3f396e49d78060f6b50dc63371)
[2024/11/30 11:01:50.9240] [SYS] Send message: "/rec-on #441abd7ee81cf14a171441ff4e132789" to 127.0.1.1:20000
[2024/11/30 11:01:50.9242] [SYS] Send message: "/pst-on #327a78d7f2a3942d2055a4b7dcd254a0 0x000...[66092]" to 127.0.1.1:20000
[2024/11/30 11:01:50.9250] [SYS] Close the task (#441abd7ee81cf14a171441ff4e132789).
[2024/11/30 11:01:51.0395] [SYS] Receive replied task (#327a78d7f2a3942d2055a4b7dcd254a0): "rec-on" from 127.0.1.1:20000
[2024/11/30 11:01:51.0400] [SYS] Close the task (#327a78d7f2a3942d2055a4b7dcd254a0).
[2024/11/30 11:01:51.3168] [SYS] Receive new task (#3a662ae29a8f863d1b0c521c8c35f681): "pst-on" from 127.0.1.1:20000
[2024/11/30 11:01:51.3250] [SYS] Decode ONN received data:
- Layer: 1 (Receive)
- Encrypted common key: 0x895c4...[512]
- Encrypted content: 0xfcf...[65016]
- Decrypted common key: 0x7a59544...[32]
- Decrypted content: 0x000...[65000]
[2024/11/30 11:01:51.3320] [SYS] Decode ONN received data:
- Layer: 2 (Content)
- Encrypted common key: 0x7ba06...[512]
- Encrypted message: 0x69e5...[23606]
- Decrypted common key: 0xa0eb3f4...[32]
- Decrypted message: 0xf063...[23590]
- Noise: 0xb95e...[40870]
[2024/11/30 11:01:51.3329] [SYS] Decode ONN received data:
- Layer: 3 (Message)
- Message ID: f063c055f4b4caf21e7bb63a95870bc1
- Message size: 65536
- Flag: DUM
- Type: ff
- Noise: 0x38b6...[13121]
- Data [0]: 0x00010000
- Data [1]: 0x03
- Data [2]: 0xff
- Data [3]: 0x8f26...[10439]
[2024/11/30 11:01:51.3332] [SYS] Decode ONN received data:
- Layer: 4 (Data)
- Send user ID: 8f261f3f396e49d78060f6b50dc63371
- Send user's public key: 0x30820...[550]
- Encrypted common key: 0x2c1f4...[512]
- Encrypted message: 0x1540...[9349]
[2024/11/30 11:01:51.3333] [MSG] Get ONN data ... ONN#f063c055f4b4caf21e7bb63a95870bc1 (65536 byte / 65536 byte)
[2024/11/30 11:01:51.3333] [MSG] Your job flag is ... DUM
[2024/11/30 11:01:51.3345] [SYS] Create ONN send data:
- Layer: 2 (Content)
- Next user's common key: 0x2c1f4...[512]
- Next user's message: 0x1540...[9349]
- Noise: 0x534...[55127]
[2024/11/30 11:01:51.3360] [SYS] Create ONN send data:
- Layer: 1 (Root)
- Next user's public key: 0x30820...[550]
- New common key: 0x683b2fa...[32]
- Encrypted common key: 0x4be49...[512]
- Target content: 0x000...[65000]
- Encrypted content: 0xc33...[65016]
[2024/11/30 11:01:51.3362] [MSG] Send ONN data to ... User A (@8f261f3f396e49d78060f6b50dc63371)
[2024/11/30 11:01:51.3432] [SYS] Send message: "/rec-on #3a662ae29a8f863d1b0c521c8c35f681" to 127.0.1.1:20000
[2024/11/30 11:01:51.3436] [SYS] Send message: "/pst-on #ddb3ff08b7537b0848f959dd6a3d601c 0x000...[66092]" to 127.0.1.1:20000
[2024/11/30 11:01:51.3442] [SYS] Close the task (#3a662ae29a8f863d1b0c521c8c35f681).
[2024/11/30 11:01:51.4531] [SYS] Receive replied task (#ddb3ff08b7537b0848f959dd6a3d601c): "rec-on" from 127.0.1.1:20000
[2024/11/30 11:01:51.4533] [SYS] Close the task (#ddb3ff08b7537b0848f959dd6a3d601c).
[2024/11/30 11:01:51.7212] [SYS] Receive new task (#279884a3ef6139a187cc4c5473c72e13): "pst-on" from 127.0.1.1:20000
[2024/11/30 11:01:51.7300] [SYS] Decode ONN received data:
- Layer: 1 (Receive)
- Encrypted common key: 0x655bd...[512]
- Encrypted content: 0x866...[65016]
- Decrypted common key: 0xca4fd16...[32]
- Decrypted content: 0x000...[65000]
[2024/11/30 11:01:51.7373] [SYS] Decode ONN received data:
- Layer: 2 (Content)
- Encrypted common key: 0x6edb3...[512]
- Encrypted message: 0xc7cf...[27645]
- Decrypted common key: 0x6a64911...[32]
- Decrypted message: 0xf063...[27629]
- Noise: 0x7c0c...[36831]
[2024/11/30 11:01:51.7377] [SYS] Decode ONN received data:
- Layer: 3 (Message)
- Message ID: f063c055f4b4caf21e7bb63a95870bc1
- Message size: 65536
- Flag: DUM
- Type: ff
- Noise: 0x3ab4...[12430]
- Data [0]: 0x00010000
- Data [1]: 0x03
- Data [2]: 0xff
- Data [3]: 0x8f26...[15169]
[2024/11/30 11:01:51.7379] [SYS] Decode ONN received data:
- Layer: 4 (Data)
- Send user ID: 8f261f3f396e49d78060f6b50dc63371
- Send user's public key: 0x30820...[550]
- Encrypted common key: 0xb73ea...[512]
- Encrypted message: 0x1a2b...[14079]
[2024/11/30 11:01:51.7380] [MSG] Get ONN data ... ONN#f063c055f4b4caf21e7bb63a95870bc1 (65536 byte / 65536 byte)
[2024/11/30 11:01:51.7380] [MSG] Your job flag is ... DUM
[2024/11/30 11:01:51.7390] [SYS] Create ONN send data:
- Layer: 2 (Content)
- Next user's common key: 0xb73ea...[512]
- Next user's message: 0x1a2b...[14079]
- Noise: 0xe31...[50397]
[2024/11/30 11:01:51.7409] [SYS] Create ONN send data:
- Layer: 1 (Root)
- Next user's public key: 0x30820...[550]
- New common key: 0x1391c15...[32]
- Encrypted common key: 0x3b199...[512]
- Target content: 0x000...[65000]
- Encrypted content: 0x241...[65016]
[2024/11/30 11:01:51.7410] [MSG] Send ONN data to ... User A (@8f261f3f396e49d78060f6b50dc63371)
[2024/11/30 11:01:51.7521] [SYS] Send message: "/rec-on #279884a3ef6139a187cc4c5473c72e13" to 127.0.1.1:20000
[2024/11/30 11:01:51.7524] [SYS] Send message: "/pst-on #d6c360f44dbf0fcdc82fce7be1afa47e 0x000...[66092]" to 127.0.1.1:20000
[2024/11/30 11:01:51.7533] [SYS] Close the task (#279884a3ef6139a187cc4c5473c72e13).
[2024/11/30 11:01:51.8273] [SYS] Receive replied task (#d6c360f44dbf0fcdc82fce7be1afa47e): "rec-on" from 127.0.1.1:20000
[2024/11/30 11:01:51.8278] [SYS] Close the task (#d6c360f44dbf0fcdc82fce7be1afa47e).
[2024/11/30 11:01:52.0108] [SYS] Receive new task (#fa6ff903dcfb6e507b1cc24521a2db95): "pst-on" from 127.0.1.1:20000
[2024/11/30 11:01:52.0203] [SYS] Decode ONN received data:
- Layer: 1 (Receive)
- Encrypted common key: 0x70e95...[512]
- Encrypted content: 0x6cb...[65016]
- Decrypted common key: 0x2384648...[32]
- Decrypted content: 0x000...[65000]
[2024/11/30 11:01:52.0278] [SYS] Decode ONN received data:
- Layer: 2 (Content)
- Encrypted common key: 0x0a412...[512]
- Encrypted message: 0xe952...[32039]
- Decrypted common key: 0x1104399...[32]
- Decrypted message: 0xf063...[32023]
- Noise: 0x4908...[32437]
[2024/11/30 11:01:52.0281] [SYS] Decode ONN received data:
- Layer: 3 (Message)
- Message ID: f063c055f4b4caf21e7bb63a95870bc1
- Message size: 65536
- Flag: DUM
- Type: ff
- Noise: 0x02a9...[14455]
- Data [0]: 0x00010000
- Data [1]: 0x03
- Data [2]: 0xff
- Data [3]: 0x8f26...[17538]
[2024/11/30 11:01:52.0282] [SYS] Decode ONN received data:
- Layer: 4 (Data)
- Send user ID: 8f261f3f396e49d78060f6b50dc63371
- Send user's public key: 0x30820...[550]
- Encrypted common key: 0xc0dc6...[512]
- Encrypted message: 0xa4a5...[16448]
[2024/11/30 11:01:52.0283] [MSG] Get ONN data ... ONN#f063c055f4b4caf21e7bb63a95870bc1 (65536 byte / 65536 byte)
[2024/11/30 11:01:52.0283] [MSG] Your job flag is ... DUM
[2024/11/30 11:01:52.0295] [SYS] Create ONN send data:
- Layer: 2 (Content)
- Next user's common key: 0xc0dc6...[512]
- Next user's message: 0xa4a5...[16448]
- Noise: 0xdf79...[48028]
[2024/11/30 11:01:52.0316] [SYS] Create ONN send data:
- Layer: 1 (Root)
- Next user's public key: 0x30820...[550]
- New common key: 0xf2bb8ad...[32]
- Encrypted common key: 0x61f94...[512]
- Target content: 0x000...[65000]
- Encrypted content: 0x5a5...[65016]
[2024/11/30 11:01:52.0318] [MSG] Send ONN data to ... User A (@8f261f3f396e49d78060f6b50dc63371)
[2024/11/30 11:01:52.0406] [SYS] Send message: "/pst-on #bc4f5af0c5c2063f9bfc345bb6c5d459 0x000...[66092]" to 127.0.1.1:20000
[2024/11/30 11:01:52.0409] [SYS] Send message: "/rec-on #fa6ff903dcfb6e507b1cc24521a2db95" to 127.0.1.1:20000
[2024/11/30 11:01:52.0420] [SYS] Close the task (#fa6ff903dcfb6e507b1cc24521a2db95).
[2024/11/30 11:01:52.1574] [SYS] Receive replied task (#bc4f5af0c5c2063f9bfc345bb6c5d459): "rec-on" from 127.0.1.1:20000
[2024/11/30 11:01:52.1577] [SYS] Close the task (#bc4f5af0c5c2063f9bfc345bb6c5d459).
[2024/11/30 11:01:52.4095] [SYS] Receive new task (#71950ad8587c8bd0d32afee1749158e9): "pst-on" from 127.0.1.1:20000
[2024/11/30 11:01:52.4171] [SYS] Decode ONN received data:
- Layer: 1 (Receive)
- Encrypted common key: 0x61786...[512]
- Encrypted content: 0x93a...[65016]
- Decrypted common key: 0x32ddff6...[32]
- Decrypted content: 0x000...[65000]
[2024/11/30 11:01:52.4248] [SYS] Decode ONN received data:
- Layer: 2 (Content)
- Encrypted common key: 0x10cd3...[512]
- Encrypted message: 0x7895...[24270]
- Decrypted common key: 0x0b20e3d...[32]
- Decrypted message: 0xf063...[24254]
- Noise: 0x09eb...[40206]
[2024/11/30 11:01:52.4251] [SYS] Decode ONN received data:
- Layer: 3 (Message)
- Message ID: f063c055f4b4caf21e7bb63a95870bc1
- Message size: 65536
- Flag: DUM
- Type: ff
- Noise: 0xa857...[10580]
- Data [0]: 0x00010000
- Data [1]: 0x03
- Data [2]: 0xff
- Data [3]: 0x8f26...[13644]
[2024/11/30 11:01:52.4251] [SYS] Decode ONN received data:
- Layer: 4 (Data)
- Send user ID: 8f261f3f396e49d78060f6b50dc63371
- Send user's public key: 0x30820...[550]
- Encrypted common key: 0x41456...[512]
- Encrypted message: 0xd80c...[12554]
[2024/11/30 11:01:52.4252] [MSG] Get ONN data ... ONN#f063c055f4b4caf21e7bb63a95870bc1 (65536 byte / 65536 byte)
[2024/11/30 11:01:52.4252] [MSG] Your job flag is ... DUM
[2024/11/30 11:01:52.4259] [SYS] Create ONN send data:
- Layer: 2 (Content)
- Next user's common key: 0x41456...[512]
- Next user's message: 0xd80c...[12554]
- Noise: 0x9ea...[51922]
[2024/11/30 11:01:52.4272] [SYS] Create ONN send data:
- Layer: 1 (Root)
- Next user's public key: 0x30820...[550]
- New common key: 0x4fa0674...[32]
- Encrypted common key: 0xbd6dd...[512]
- Target content: 0x000...[65000]
- Encrypted content: 0x582...[65016]
[2024/11/30 11:01:52.4272] [MSG] Send ONN data to ... User A (@8f261f3f396e49d78060f6b50dc63371)
[2024/11/30 11:01:52.4353] [SYS] Send message: "/pst-on #df0f54311e4ca5ddc84ca2f5193f2234 0x000...[66092]" to 127.0.1.1:20000
[2024/11/30 11:01:52.4357] [SYS] Send message: "/rec-on #71950ad8587c8bd0d32afee1749158e9" to 127.0.1.1:20000
[2024/11/30 11:01:52.4364] [SYS] Close the task (#71950ad8587c8bd0d32afee1749158e9).
[2024/11/30 11:01:52.5453] [SYS] Receive replied task (#df0f54311e4ca5ddc84ca2f5193f2234): "rec-on" from 127.0.1.1:20000
[2024/11/30 11:01:52.5457] [SYS] Close the task (#df0f54311e4ca5ddc84ca2f5193f2234).
[2024/11/30 11:01:52.6963] [SYS] Receive new task (#289efabc075f6bc2cc044e80d5a676fe): "pst-on" from 127.0.1.1:20000
[2024/11/30 11:01:52.7082] [SYS] Decode ONN received data:
- Layer: 1 (Receive)
- Encrypted common key: 0x06969...[512]
- Encrypted content: 0x483...[65016]
- Decrypted common key: 0x1edaa2e...[32]
- Decrypted content: 0x000...[65000]
[2024/11/30 11:01:52.7190] [SYS] Decode ONN received data:
- Layer: 2 (Content)
- Encrypted common key: 0x5800b...[512]
- Encrypted message: 0x3ffb...[22508]
- Decrypted common key: 0x4b8ac42...[32]
- Decrypted message: 0xf063...[22492]
- Noise: 0x0eb2...[41968]
[2024/11/30 11:01:52.7194] [SYS] Decode ONN received data:
- Layer: 3 (Message)
- Message ID: f063c055f4b4caf21e7bb63a95870bc1
- Message size: 65536
- Flag: DUM
- Type: ff
- Noise: 0xd91c...[12825]
- Data [0]: 0x00010000
- Data [1]: 0x03
- Data [2]: 0xff
- Data [3]: 0x8f26...[9637]
[2024/11/30 11:01:52.7195] [SYS] Decode ONN received data:
- Layer: 4 (Data)
- Send user ID: 8f261f3f396e49d78060f6b50dc63371
- Send user's public key: 0x30820...[550]
- Encrypted common key: 0x32c16...[512]
- Encrypted message: 0xf544...[8547]
[2024/11/30 11:01:52.7196] [MSG] Get ONN data ... ONN#f063c055f4b4caf21e7bb63a95870bc1 (65536 byte / 65536 byte)
[2024/11/30 11:01:52.7197] [MSG] Your job flag is ... DUM
[2024/11/30 11:01:52.7211] [SYS] Create ONN send data:
- Layer: 2 (Content)
- Next user's common key: 0x32c16...[512]
- Next user's message: 0xf544...[8547]
- Noise: 0xa41...[55929]
[2024/11/30 11:01:52.7231] [SYS] Create ONN send data:
- Layer: 1 (Root)
- Next user's public key: 0x30820...[550]
- New common key: 0x9e38432...[32]
- Encrypted common key: 0x467a4...[512]
- Target content: 0x000...[65000]
- Encrypted content: 0x599...[65016]
[2024/11/30 11:01:52.7233] [MSG] Send ONN data to ... User A (@8f261f3f396e49d78060f6b50dc63371)
[2024/11/30 11:01:52.7343] [SYS] Send message: "/rec-on #289efabc075f6bc2cc044e80d5a676fe" to 127.0.1.1:20000
[2024/11/30 11:01:52.7347] [SYS] Send message: "/pst-on #f991003b0b147a6735b3e2c6840aba08 0x000...[66092]" to 127.0.1.1:20000
[2024/11/30 11:01:52.7354] [SYS] Close the task (#289efabc075f6bc2cc044e80d5a676fe).
[2024/11/30 11:01:52.8071] [SYS] Receive replied task (#f991003b0b147a6735b3e2c6840aba08): "rec-on" from 127.0.1.1:20000
[2024/11/30 11:01:52.8075] [SYS] Close the task (#f991003b0b147a6735b3e2c6840aba08).
[2024/11/30 11:01:53.0176] [SYS] Receive new task (#1cc2acae5590852a4954a3175708c5dd): "pst-on" from 127.0.1.1:20000
[2024/11/30 11:01:53.0263] [SYS] Decode ONN received data:
- Layer: 1 (Receive)
- Encrypted common key: 0x27659...[512]
- Encrypted content: 0xcd1...[65016]
- Decrypted common key: 0x9d2ba42...[32]
- Decrypted content: 0x000...[65000]
[2024/11/30 11:01:53.0335] [SYS] Decode ONN received data:
- Layer: 2 (Content)
- Encrypted common key: 0x559e5...[512]
- Encrypted message: 0x656c...[19632]
- Decrypted common key: 0x4d13342...[32]
- Decrypted message: 0xf063...[19616]
- Noise: 0x8d65...[44844]
[2024/11/30 11:01:53.0340] [SYS] Decode ONN received data:
- Layer: 3 (Message)
- Message ID: f063c055f4b4caf21e7bb63a95870bc1
- Message size: 65536
- Flag: DUM
- Type: ff
- Noise: 0x7326...[8161]
- Data [0]: 0x00010000
- Data [1]: 0x03
- Data [2]: 0xff
- Data [3]: 0x8f26...[11425]
[2024/11/30 11:01:53.0342] [SYS] Decode ONN received data:
- Layer: 4 (Data)
- Send user ID: 8f261f3f396e49d78060f6b50dc63371
- Send user's public key: 0x30820...[550]
- Encrypted common key: 0x5cdc9...[512]
- Encrypted message: 0x5a68...[10335]
[2024/11/30 11:01:53.0342] [MSG] Get ONN data ... ONN#f063c055f4b4caf21e7bb63a95870bc1 (65536 byte / 65536 byte)
[2024/11/30 11:01:53.0343] [MSG] Your job flag is ... DUM
[2024/11/30 11:01:53.0354] [SYS] Create ONN send data:
- Layer: 2 (Content)
- Next user's common key: 0x5cdc9...[512]
- Next user's message: 0x5a68...[10335]
- Noise: 0xdd2...[54141]
[2024/11/30 11:01:53.0371] [SYS] Create ONN send data:
- Layer: 1 (Root)
- Next user's public key: 0x30820...[550]
- New common key: 0x5450656...[32]
- Encrypted common key: 0x632da...[512]
- Target content: 0x000...[65000]
- Encrypted content: 0x59d...[65016]
[2024/11/30 11:01:53.0372] [MSG] Send ONN data to ... User A (@8f261f3f396e49d78060f6b50dc63371)
[2024/11/30 11:01:53.0444] [SYS] Send message: "/pst-on #d72b6ad0c62a53de88ef886f75fb0643 0x000...[66092]" to 127.0.1.1:20000
[2024/11/30 11:01:53.0447] [SYS] Send message: "/rec-on #1cc2acae5590852a4954a3175708c5dd" to 127.0.1.1:20000
[2024/11/30 11:01:53.0454] [SYS] Close the task (#1cc2acae5590852a4954a3175708c5dd).
[2024/11/30 11:01:53.1574] [SYS] Receive replied task (#d72b6ad0c62a53de88ef886f75fb0643): "rec-on" from 127.0.1.1:20000
[2024/11/30 11:01:53.1577] [SYS] Close the task (#d72b6ad0c62a53de88ef886f75fb0643).
[2024/11/30 11:01:53.3485] [SYS] Receive new task (#a7cbf0beb8e3ac940601951c9b8ec028): "pst-on" from 127.0.1.1:20000
[2024/11/30 11:01:53.3578] [SYS] Decode ONN received data:
- Layer: 1 (Receive)
- Encrypted common key: 0x181b5...[512]
- Encrypted content: 0x48b...[65016]
- Decrypted common key: 0xf1fc81d...[32]
- Decrypted content: 0x000...[65000]
[2024/11/30 11:01:53.3649] [SYS] Decode ONN received data:
- Layer: 2 (Content)
- Encrypted common key: 0x92440...[512]
- Encrypted message: 0xa96f...[24019]
- Decrypted common key: 0x3d75721...[32]
- Decrypted message: 0xf063...[24003]
- Noise: 0x6801...[40457]
[2024/11/30 11:01:53.3652] [SYS] Decode ONN received data:
- Layer: 3 (Message)
- Message ID: f063c055f4b4caf21e7bb63a95870bc1
- Message size: 65536
- Flag: DUM
- Type: ff
- Noise: 0x9e5c...[10281]
- Data [0]: 0x00010000
- Data [1]: 0x03
- Data [2]: 0xff
- Data [3]: 0x8f26...[13692]
[2024/11/30 11:01:53.3653] [SYS] Decode ONN received data:
- Layer: 4 (Data)
- Send user ID: 8f261f3f396e49d78060f6b50dc63371
- Send user's public key: 0x30820...[550]
- Encrypted common key: 0x7c4f8...[512]
- Encrypted message: 0x504c...[12602]
[2024/11/30 11:01:53.3654] [MSG] Get ONN data ... ONN#f063c055f4b4caf21e7bb63a95870bc1 (65536 byte / 65536 byte)
[2024/11/30 11:01:53.3654] [MSG] Your job flag is ... DUM
[2024/11/30 11:01:53.3663] [SYS] Create ONN send data:
- Layer: 2 (Content)
- Next user's common key: 0x7c4f8...[512]
- Next user's message: 0x504c...[12602]
- Noise: 0x624...[51874]
[2024/11/30 11:01:53.3676] [SYS] Create ONN send data:
- Layer: 1 (Root)
- Next user's public key: 0x30820...[550]
- New common key: 0x2c55572...[32]
- Encrypted common key: 0x67148...[512]
- Target content: 0x000...[65000]
- Encrypted content: 0xacb...[65016]
[2024/11/30 11:01:53.3677] [MSG] Send ONN data to ... User A (@8f261f3f396e49d78060f6b50dc63371)
[2024/11/30 11:01:53.3747] [SYS] Send message: "/rec-on #a7cbf0beb8e3ac940601951c9b8ec028" to 127.0.1.1:20000
[2024/11/30 11:01:53.3748] [SYS] Send message: "/pst-on #3e28af10b9d3f52208ffcd8b1f58b6fd 0x000...[66092]" to 127.0.1.1:20000
[2024/11/30 11:01:53.3753] [SYS] Close the task (#a7cbf0beb8e3ac940601951c9b8ec028).
[2024/11/30 11:01:53.4478] [SYS] Receive replied task (#3e28af10b9d3f52208ffcd8b1f58b6fd): "rec-on" from 127.0.1.1:20000
[2024/11/30 11:01:53.4483] [SYS] Close the task (#3e28af10b9d3f52208ffcd8b1f58b6fd).
[2024/11/30 11:01:53.6496] [SYS] Receive new task (#524f1a4fc42895f90ddd936ffe294a76): "pst-on" from 127.0.1.1:20000
[2024/11/30 11:01:53.6570] [SYS] Decode ONN received data:
- Layer: 1 (Receive)
- Encrypted common key: 0x8f39c...[512]
- Encrypted content: 0x818...[65016]
- Decrypted common key: 0x2833373...[32]
- Decrypted content: 0x000...[65000]
[2024/11/30 11:01:53.6642] [SYS] Decode ONN received data:
- Layer: 2 (Content)
- Encrypted common key: 0x015cf...[512]
- Encrypted message: 0x180e...[27652]
- Decrypted common key: 0x2c346d2...[32]
- Decrypted message: 0xf063...[27636]
- Noise: 0x3fd0...[36824]
[2024/11/30 11:01:53.6644] [SYS] Decode ONN received data:
- Layer: 3 (Message)
- Message ID: f063c055f4b4caf21e7bb63a95870bc1
- Message size: 65536
- Flag: DUM
- Type: ff
- Noise: 0x202a...[11310]
- Data [0]: 0x00010000
- Data [1]: 0x03
- Data [2]: 0xff
- Data [3]: 0x8f26...[16296]
[2024/11/30 11:01:53.6645] [SYS] Decode ONN received data:
- Layer: 4 (Data)
- Send user ID: 8f261f3f396e49d78060f6b50dc63371
- Send user's public key: 0x30820...[550]
- Encrypted common key: 0xb9b64...[512]
- Encrypted message: 0x31c5...[15206]
[2024/11/30 11:01:53.6646] [MSG] Get ONN data ... ONN#f063c055f4b4caf21e7bb63a95870bc1 (65536 byte / 65536 byte)
[2024/11/30 11:01:53.6646] [MSG] Your job flag is ... DUM
[2024/11/30 11:01:53.6655] [SYS] Create ONN send data:
- Layer: 2 (Content)
- Next user's common key: 0xb9b64...[512]
- Next user's message: 0x31c5...[15206]
- Noise: 0x1439...[49270]
[2024/11/30 11:01:53.6670] [SYS] Create ONN send data:
- Layer: 1 (Root)
- Next user's public key: 0x30820...[550]
- New common key: 0x2dfe73a...[32]
- Encrypted common key: 0x194b7...[512]
- Target content: 0x000...[65000]
- Encrypted content: 0x2f0...[65016]
[2024/11/30 11:01:53.6671] [MSG] Send ONN data to ... User A (@8f261f3f396e49d78060f6b50dc63371)
[2024/11/30 11:01:53.6744] [SYS] Send message: "/pst-on #55ea7295901ae882bb885ebe0e313951 0x000...[66092]" to 127.0.1.1:20000
[2024/11/30 11:01:53.6747] [SYS] Send message: "/rec-on #524f1a4fc42895f90ddd936ffe294a76" to 127.0.1.1:20000
[2024/11/30 11:01:53.6761] [SYS] Close the task (#524f1a4fc42895f90ddd936ffe294a76).
[2024/11/30 11:01:53.7901] [SYS] Receive replied task (#55ea7295901ae882bb885ebe0e313951): "rec-on" from 127.0.1.1:20000
[2024/11/30 11:01:53.7906] [SYS] Close the task (#55ea7295901ae882bb885ebe0e313951).
[2024/11/30 11:01:53.9836] [SYS] Receive new task (#adfc40e42b340d6bd02d013bef0fae3b): "pst-on" from 127.0.1.1:20000
[2024/11/30 11:01:53.9909] [SYS] Decode ONN received data:
- Layer: 1 (Receive)
- Encrypted common key: 0x85b18...[512]
- Encrypted content: 0x2c4...[65016]
- Decrypted common key: 0x89c5ca2...[32]
- Decrypted content: 0x000...[65000]
[2024/11/30 11:01:53.9977] [SYS] Decode ONN received data:
- Layer: 2 (Content)
- Encrypted common key: 0x2e329...[512]
- Encrypted message: 0xe1be...[23350]
- Decrypted common key: 0xa5d4e2e...[32]
- Decrypted message: 0xf063...[23334]
- Noise: 0xc689...[41126]
[2024/11/30 11:01:53.9981] [SYS] Decode ONN received data:
- Layer: 3 (Message)
- Message ID: f063c055f4b4caf21e7bb63a95870bc1
- Message size: 65536
- Flag: DUM
- Type: ff
- Noise: 0x7f68...[8964]
- Data [0]: 0x00010000
- Data [1]: 0x03
- Data [2]: 0xff
- Data [3]: 0x8f26...[14340]
[2024/11/30 11:01:53.9982] [SYS] Decode ONN received data:
- Layer: 4 (Data)
- Send user ID: 8f261f3f396e49d78060f6b50dc63371
- Send user's public key: 0x30820...[550]
- Encrypted common key: 0x2cc8c...[512]
- Encrypted message: 0x0b5b...[13250]
[2024/11/30 11:01:53.9982] [MSG] Get ONN data ... ONN#f063c055f4b4caf21e7bb63a95870bc1 (65536 byte / 65536 byte)
[2024/11/30 11:01:53.9983] [MSG] Your job flag is ... DUM
[2024/11/30 11:01:53.9992] [SYS] Create ONN send data:
- Layer: 2 (Content)
- Next user's common key: 0x2cc8c...[512]
- Next user's message: 0x0b5b...[13250]
- Noise: 0xf55...[51226]
[2024/11/30 11:01:54.0005] [SYS] Create ONN send data:
- Layer: 1 (Root)
- Next user's public key: 0x30820...[550]
- New common key: 0xd0b24f6...[32]
- Encrypted common key: 0x6904d...[512]
- Target content: 0x000...[65000]
- Encrypted content: 0x1ba...[65016]
[2024/11/30 11:01:54.0007] [MSG] Send ONN data to ... User A (@8f261f3f396e49d78060f6b50dc63371)
[2024/11/30 11:01:54.0074] [SYS] Send message: "/rec-on #adfc40e42b340d6bd02d013bef0fae3b" to 127.0.1.1:20000
[2024/11/30 11:01:54.0079] [SYS] Send message: "/pst-on #acfff9d20ee9ff1bfde99cb71e6edc4f 0x000...[66092]" to 127.0.1.1:20000
[2024/11/30 11:01:54.0085] [SYS] Close the task (#adfc40e42b340d6bd02d013bef0fae3b).
[2024/11/30 11:01:54.1203] [SYS] Receive replied task (#acfff9d20ee9ff1bfde99cb71e6edc4f): "rec-on" from 127.0.1.1:20000
[2024/11/30 11:01:54.1207] [SYS] Close the task (#acfff9d20ee9ff1bfde99cb71e6edc4f).
[2024/11/30 11:01:54.3935] [SYS] Receive new task (#3cd0a5ef9fade109fd4841f1a9356050): "pst-on" from 127.0.1.1:20000
[2024/11/30 11:01:54.4032] [SYS] Decode ONN received data:
- Layer: 1 (Receive)
- Encrypted common key: 0x3a148...[512]
- Encrypted content: 0xad8...[65016]
- Decrypted common key: 0xd41682b...[32]
- Decrypted content: 0x000...[65000]
[2024/11/30 11:01:54.4107] [SYS] Decode ONN received data:
- Layer: 2 (Content)
- Encrypted common key: 0x14919...[512]
- Encrypted message: 0x2eac...[23437]
- Decrypted common key: 0xf3fc28e...[32]
- Decrypted message: 0xf063...[23421]
- Noise: 0x15a4...[41039]
[2024/11/30 11:01:54.4110] [SYS] Decode ONN received data:
- Layer: 3 (Message)
- Message ID: f063c055f4b4caf21e7bb63a95870bc1
- Message size: 65536
- Flag: DUM
- Type: ff
- Noise: 0x8db6...[11094]
- Data [0]: 0x00010000
- Data [1]: 0x03
- Data [2]: 0xff
- Data [3]: 0x8f26...[12297]
[2024/11/30 11:01:54.4111] [SYS] Decode ONN received data:
- Layer: 4 (Data)
- Send user ID: 8f261f3f396e49d78060f6b50dc63371
- Send user's public key: 0x30820...[550]
- Encrypted common key: 0x811c1...[512]
- Encrypted message: 0x3286...[11207]
[2024/11/30 11:01:54.4112] [MSG] Get ONN data ... ONN#f063c055f4b4caf21e7bb63a95870bc1 (65536 byte / 65536 byte)
[2024/11/30 11:01:54.4112] [MSG] Your job flag is ... DUM
[2024/11/30 11:01:54.4123] [SYS] Create ONN send data:
- Layer: 2 (Content)
- Next user's common key: 0x811c1...[512]
- Next user's message: 0x3286...[11207]
- Noise: 0xa4c...[53269]
[2024/11/30 11:01:54.4137] [SYS] Create ONN send data:
- Layer: 1 (Root)
- Next user's public key: 0x30820...[550]
- New common key: 0xb25b6e1...[32]
- Encrypted common key: 0x6ec23...[512]
- Target content: 0x000...[65000]
- Encrypted content: 0xcb7...[65016]
[2024/11/30 11:01:54.4139] [MSG] Send ONN data to ... User A (@8f261f3f396e49d78060f6b50dc63371)
[2024/11/30 11:01:54.4214] [SYS] Send message: "/pst-on #f50d2c4a50198a63447d26315b41ee62 0x000...[66092]" to 127.0.1.1:20000
[2024/11/30 11:01:54.4216] [SYS] Send message: "/rec-on #3cd0a5ef9fade109fd4841f1a9356050" to 127.0.1.1:20000
[2024/11/30 11:01:54.4227] [SYS] Close the task (#3cd0a5ef9fade109fd4841f1a9356050).
[2024/11/30 11:01:54.4928] [SYS] Receive replied task (#f50d2c4a50198a63447d26315b41ee62): "rec-on" from 127.0.1.1:20000
[2024/11/30 11:01:54.4933] [SYS] Close the task (#f50d2c4a50198a63447d26315b41ee62).
[2024/11/30 11:01:54.6819] [SYS] Receive new task (#1bd1cc51548d553c0f62176f57af3926): "pst-on" from 127.0.1.1:20000
[2024/11/30 11:01:54.6918] [SYS] Decode ONN received data:
- Layer: 1 (Receive)
- Encrypted common key: 0x12e9b...[512]
- Encrypted content: 0xe1f...[65016]
- Decrypted common key: 0x539272b...[32]
- Decrypted content: 0x000...[65000]
[2024/11/30 11:01:54.6982] [SYS] Decode ONN received data:
- Layer: 2 (Content)
- Encrypted common key: 0x38f85...[512]
- Encrypted message: 0xc0bc...[22452]
- Decrypted common key: 0x1379527...[32]
- Decrypted message: 0xf063...[22436]
- Noise: 0xdec0...[42024]
[2024/11/30 11:01:54.6985] [SYS] Decode ONN received data:
- Layer: 3 (Message)
- Message ID: f063c055f4b4caf21e7bb63a95870bc1
- Message size: 65536
- Flag: DUM
- Type: ff
- Noise: 0x7349...[12195]
- Data [0]: 0x00010000
- Data [1]: 0x03
- Data [2]: 0xff
- Data [3]: 0x8f26...[10211]
[2024/11/30 11:01:54.6985] [SYS] Decode ONN received data:
- Layer: 4 (Data)
- Send user ID: 8f261f3f396e49d78060f6b50dc63371
- Send user's public key: 0x30820...[550]
- Encrypted common key: 0x1413b...[512]
- Encrypted message: 0x05cc...[9121]
[2024/11/30 11:01:54.6986] [MSG] Get ONN data ... ONN#f063c055f4b4caf21e7bb63a95870bc1 (65536 byte / 65536 byte)
[2024/11/30 11:01:54.6986] [MSG] Your job flag is ... DUM
[2024/11/30 11:01:54.6996] [SYS] Create ONN send data:
- Layer: 2 (Content)
- Next user's common key: 0x1413b...[512]
- Next user's message: 0x05cc...[9121]
- Noise: 0x350...[55355]
[2024/11/30 11:01:54.7008] [SYS] Create ONN send data:
- Layer: 1 (Root)
- Next user's public key: 0x30820...[550]
- New common key: 0x72a2e00...[32]
- Encrypted common key: 0x1bb8c...[512]
- Target content: 0x000...[65000]
- Encrypted content: 0x6cb...[65016]
[2024/11/30 11:01:54.7011] [MSG] Send ONN data to ... User A (@8f261f3f396e49d78060f6b50dc63371)
[2024/11/30 11:01:54.7081] [SYS] Send message: "/rec-on #1bd1cc51548d553c0f62176f57af3926" to 127.0.1.1:20000
[2024/11/30 11:01:54.7084] [SYS] Send message: "/pst-on #facdb2d9f7c00b1219f0aa9e3cd6cc1d 0x000...[66092]" to 127.0.1.1:20000
[2024/11/30 11:01:54.7092] [SYS] Close the task (#1bd1cc51548d553c0f62176f57af3926).
[2024/11/30 11:01:54.8161] [SYS] Receive replied task (#facdb2d9f7c00b1219f0aa9e3cd6cc1d): "rec-on" from 127.0.1.1:20000
[2024/11/30 11:01:54.8164] [SYS] Close the task (#facdb2d9f7c00b1219f0aa9e3cd6cc1d).
[2024/11/30 11:01:55.0791] [SYS] Receive new task (#44a7c4e0563acf28b8577d53b00a7fc0): "pst-on" from 127.0.1.1:20000
[2024/11/30 11:01:55.0868] [SYS] Decode ONN received data:
- Layer: 1 (Receive)
- Encrypted common key: 0x421fb...[512]
- Encrypted content: 0x1c2...[65016]
- Decrypted common key: 0xdef4693...[32]
- Decrypted content: 0x000...[65000]
[2024/11/30 11:01:55.0933] [SYS] Decode ONN received data:
- Layer: 2 (Content)
- Encrypted common key: 0x3d9e7...[512]
- Encrypted message: 0x21bb...[31128]
- Decrypted common key: 0x3ba6b6b...[32]
- Decrypted message: 0xf063...[31112]
- Noise: 0x85c4...[33348]
[2024/11/30 11:01:55.0936] [SYS] Decode ONN received data:
- Layer: 3 (Message)
- Message ID: f063c055f4b4caf21e7bb63a95870bc1
- Message size: 65536
- Flag: DUM
- Type: ff
- Noise: 0x3ed2...[16502]
- Data [0]: 0x00010000
- Data [1]: 0x03
- Data [2]: 0xff
- Data [3]: 0x8f26...[14580]
[2024/11/30 11:01:55.0937] [SYS] Decode ONN received data:
- Layer: 4 (Data)
- Send user ID: 8f261f3f396e49d78060f6b50dc63371
- Send user's public key: 0x30820...[550]
- Encrypted common key: 0x6461b...[512]
- Encrypted message: 0xdae9...[13490]
[2024/11/30 11:01:55.0938] [MSG] Get ONN data ... ONN#f063c055f4b4caf21e7bb63a95870bc1 (65536 byte / 65536 byte)
[2024/11/30 11:01:55.0938] [MSG] Your job flag is ... DUM
[2024/11/30 11:01:55.0946] [SYS] Create ONN send data:
- Layer: 2 (Content)
- Next user's common key: 0x6461b...[512]
- Next user's message: 0xdae9...[13490]
- Noise: 0xf83...[50986]
[2024/11/30 11:01:55.0960] [SYS] Create ONN send data:
- Layer: 1 (Root)
- Next user's public key: 0x30820...[550]
- New common key: 0xb71dff5...[32]
- Encrypted common key: 0xb187a...[512]
- Target content: 0x000...[65000]
- Encrypted content: 0x979...[65016]
[2024/11/30 11:01:55.0961] [MSG] Send ONN data to ... User A (@8f261f3f396e49d78060f6b50dc63371)
[2024/11/30 11:01:55.1034] [SYS] Send message: "/pst-on #0ba5ecb2c6e68ac4b9b571e6a63fe006 0x000...[66092]" to 127.0.1.1:20000
[2024/11/30 11:01:55.1035] [SYS] Send message: "/rec-on #44a7c4e0563acf28b8577d53b00a7fc0" to 127.0.1.1:20000
[2024/11/30 11:01:55.1039] [SYS] Close the task (#44a7c4e0563acf28b8577d53b00a7fc0).
[2024/11/30 11:01:55.2122] [SYS] Receive replied task (#0ba5ecb2c6e68ac4b9b571e6a63fe006): "rec-on" from 127.0.1.1:20000
[2024/11/30 11:01:55.2125] [SYS] Close the task (#0ba5ecb2c6e68ac4b9b571e6a63fe006).
[2024/11/30 11:01:55.4632] [SYS] Receive new task (#f254d3fb5c49b6cea07c05ac037dc941): "pst-on" from 127.0.1.1:20000
[2024/11/30 11:01:55.4708] [SYS] Decode ONN received data:
- Layer: 1 (Receive)
- Encrypted common key: 0x753c1...[512]
- Encrypted content: 0xe83...[65016]
- Decrypted common key: 0x50369e7...[32]
- Decrypted content: 0x000...[65000]
[2024/11/30 11:01:55.4774] [SYS] Decode ONN received data:
- Layer: 2 (Content)
- Encrypted common key: 0x06139...[512]
- Encrypted message: 0xc2fa...[26841]
- Decrypted common key: 0x7f48fe4...[32]
- Decrypted message: 0xf063...[26825]
- Noise: 0x6a5e...[37635]
[2024/11/30 11:01:55.4776] [SYS] Decode ONN received data:
- Layer: 3 (Message)
- Message ID: f063c055f4b4caf21e7bb63a95870bc1
- Message size: 65536
- Flag: DUM
- Type: ff
- Noise: 0x2168...[10608]
- Data [0]: 0x00010000
- Data [1]: 0x03
- Data [2]: 0xff
- Data [3]: 0x8f26...[16187]
[2024/11/30 11:01:55.4777] [SYS] Decode ONN received data:
- Layer: 4 (Data)
- Send user ID: 8f261f3f396e49d78060f6b50dc63371
- Send user's public key: 0x30820...[550]
- Encrypted common key: 0x8da14...[512]
- Encrypted message: 0x332f...[15097]
[2024/11/30 11:01:55.4777] [MSG] Get ONN data ... ONN#f063c055f4b4caf21e7bb63a95870bc1 (65536 byte / 65536 byte)
[2024/11/30 11:01:55.4778] [MSG] Your job flag is ... DUM
[2024/11/30 11:01:55.4785] [SYS] Create ONN send data:
- Layer: 2 (Content)
- Next user's common key: 0x8da14...[512]
- Next user's message: 0x332f...[15097]
- Noise: 0x790c...[49379]
[2024/11/30 11:01:55.4797] [SYS] Create ONN send data:
- Layer: 1 (Root)
- Next user's public key: 0x30820...[550]
- New common key: 0x2fd3317...[32]
- Encrypted common key: 0xc547c...[512]
- Target content: 0x000...[65000]
- Encrypted content: 0x27f...[65016]
[2024/11/30 11:01:55.4798] [MSG] Send ONN data to ... User A (@8f261f3f396e49d78060f6b50dc63371)
[2024/11/30 11:01:55.4865] [SYS] Send message: "/rec-on #f254d3fb5c49b6cea07c05ac037dc941" to 127.0.1.1:20000
[2024/11/30 11:01:55.4867] [SYS] Send message: "/pst-on #66626f10dea52ff85d944bbd4254c87d 0x000...[66092]" to 127.0.1.1:20000
[2024/11/30 11:01:55.4874] [SYS] Close the task (#f254d3fb5c49b6cea07c05ac037dc941).
[2024/11/30 11:01:55.5942] [SYS] Receive replied task (#66626f10dea52ff85d944bbd4254c87d): "rec-on" from 127.0.1.1:20000
[2024/11/30 11:01:55.5945] [SYS] Close the task (#66626f10dea52ff85d944bbd4254c87d).
[2024/11/30 11:01:55.8157] [SYS] Receive new task (#e4edceddb22709e16ed51c7fdc0bfd69): "pst-on" from 127.0.1.1:20000
[2024/11/30 11:01:55.8246] [SYS] Decode ONN received data:
- Layer: 1 (Receive)
- Encrypted common key: 0x69d9b...[512]
- Encrypted content: 0xb7a...[65016]
- Decrypted common key: 0x5d2ba75...[32]
- Decrypted content: 0x000...[65000]
[2024/11/30 11:01:55.8312] [SYS] Decode ONN received data:
- Layer: 2 (Content)
- Encrypted common key: 0x1b2a3...[512]
- Encrypted message: 0xd860...[27196]
- Decrypted common key: 0x5bd18cb...[32]
- Decrypted message: 0xf063...[27180]
- Noise: 0xf53a...[37280]
[2024/11/30 11:01:55.8315] [SYS] Decode ONN received data:
- Layer: 3 (Message)
- Message ID: f063c055f4b4caf21e7bb63a95870bc1
- Message size: 65536
- Flag: DUM
- Type: ff
- Noise: 0xdefe...[10874]
- Data [0]: 0x00010000
- Data [1]: 0x03
- Data [2]: 0xff
- Data [3]: 0x8f26...[16276]
[2024/11/30 11:01:55.8316] [SYS] Decode ONN received data:
- Layer: 4 (Data)
- Send user ID: 8f261f3f396e49d78060f6b50dc63371
- Send user's public key: 0x30820...[550]
- Encrypted common key: 0x5b84d...[512]
- Encrypted message: 0x508a...[15186]
[2024/11/30 11:01:55.8317] [MSG] Get ONN data ... ONN#f063c055f4b4caf21e7bb63a95870bc1 (65536 byte / 65536 byte)
[2024/11/30 11:01:55.8317] [MSG] Your job flag is ... DUM
[2024/11/30 11:01:55.8324] [SYS] Create ONN send data:
- Layer: 2 (Content)
- Next user's common key: 0x5b84d...[512]
- Next user's message: 0x508a...[15186]
- Noise: 0xad55...[49290]
[2024/11/30 11:01:55.8338] [SYS] Create ONN send data:
- Layer: 1 (Root)
- Next user's public key: 0x30820...[550]
- New common key: 0xd368918...[32]
- Encrypted common key: 0xcb94d...[512]
- Target content: 0x000...[65000]
- Encrypted content: 0xacd...[65016]
[2024/11/30 11:01:55.8339] [MSG] Send ONN data to ... User A (@8f261f3f396e49d78060f6b50dc63371)
[2024/11/30 11:01:55.8410] [SYS] Send message: "/rec-on #e4edceddb22709e16ed51c7fdc0bfd69" to 127.0.1.1:20000
[2024/11/30 11:01:55.8411] [SYS] Send message: "/pst-on #becd062117fc4a653ccc665c6307bf36 0x000...[66092]" to 127.0.1.1:20000
[2024/11/30 11:01:55.8421] [SYS] Close the task (#e4edceddb22709e16ed51c7fdc0bfd69).
[2024/11/30 11:01:55.9573] [SYS] Receive replied task (#becd062117fc4a653ccc665c6307bf36): "rec-on" from 127.0.1.1:20000
[2024/11/30 11:01:55.9579] [SYS] Close the task (#becd062117fc4a653ccc665c6307bf36).
[2024/11/30 11:01:56.2137] [SYS] Receive new task (#0c487589c287940bce370fb6aa35a32b): "pst-on" from 127.0.1.1:20000
[2024/11/30 11:01:56.2214] [SYS] Decode ONN received data:
- Layer: 1 (Receive)
- Encrypted common key: 0x71e07...[512]
- Encrypted content: 0x828...[65016]
- Decrypted common key: 0x6393374...[32]
- Decrypted content: 0x000...[65000]
[2024/11/30 11:01:56.2278] [SYS] Decode ONN received data:
- Layer: 2 (Content)
- Encrypted common key: 0x4ac27...[512]
- Encrypted message: 0xc625...[29481]
- Decrypted common key: 0x173fd4c...[32]
- Decrypted message: 0xf063...[29465]
- Noise: 0x9227...[34995]
[2024/11/30 11:01:56.2280] [SYS] Decode ONN received data:
- Layer: 3 (Message)
- Message ID: f063c055f4b4caf21e7bb63a95870bc1
- Message size: 65536
- Flag: DUM
- Type: ff
- Noise: 0xefc5...[9050]
- Data [0]: 0x00010000
- Data [1]: 0x03
- Data [2]: 0xff
- Data [3]: 0x8f26...[20385]
[2024/11/30 11:01:56.2280] [SYS] Decode ONN received data:
- Layer: 4 (Data)
- Send user ID: 8f261f3f396e49d78060f6b50dc63371
- Send user's public key: 0x30820...[550]
- Encrypted common key: 0x61fc7...[512]
- Encrypted message: 0x453a...[19295]
[2024/11/30 11:01:56.2281] [MSG] Get ONN data ... ONN#f063c055f4b4caf21e7bb63a95870bc1 (65536 byte / 65536 byte)
[2024/11/30 11:01:56.2281] [MSG] Your job flag is ... DUM
[2024/11/30 11:01:56.2292] [SYS] Create ONN send data:
- Layer: 2 (Content)
- Next user's common key: 0x61fc7...[512]
- Next user's message: 0x453a...[19295]
- Noise: 0xb30c...[45181]
[2024/11/30 11:01:56.2311] [SYS] Create ONN send data:
- Layer: 1 (Root)
- Next user's public key: 0x30820...[550]
- New common key: 0x8ad61f6...[32]
- Encrypted common key: 0x5ab7a...[512]
- Target content: 0x000...[65000]
- Encrypted content: 0x763...[65016]
[2024/11/30 11:01:56.2314] [MSG] Send ONN data to ... User A (@8f261f3f396e49d78060f6b50dc63371)
[2024/11/30 11:01:56.2427] [SYS] Send message: "/rec-on #0c487589c287940bce370fb6aa35a32b" to 127.0.1.1:20000
[2024/11/30 11:01:56.2429] [SYS] Send message: "/pst-on #bcbdb7aaef972c542bc24b8f7bd71d14 0x000...[66092]" to 127.0.1.1:20000
[2024/11/30 11:01:56.2434] [SYS] Close the task (#0c487589c287940bce370fb6aa35a32b).
[2024/11/30 11:01:56.3522] [SYS] Receive replied task (#bcbdb7aaef972c542bc24b8f7bd71d14): "rec-on" from 127.0.1.1:20000
[2024/11/30 11:01:56.3525] [SYS] Close the task (#bcbdb7aaef972c542bc24b8f7bd71d14).
[2024/11/30 11:01:56.6078] [SYS] Receive new task (#d100795703ce1be1896544fecb6fefa0): "pst-on" from 127.0.1.1:20000
[2024/11/30 11:01:56.6158] [SYS] Decode ONN received data:
- Layer: 1 (Receive)
- Encrypted common key: 0x1d847...[512]
- Encrypted content: 0x0b3...[65016]
- Decrypted common key: 0xeef999e...[32]
- Decrypted content: 0x000...[65000]
[2024/11/30 11:01:56.6245] [SYS] Decode ONN received data:
- Layer: 2 (Content)
- Encrypted common key: 0x4b0a9...[512]
- Encrypted message: 0x4ec2...[22159]
- Decrypted common key: 0xef586ff...[32]
- Decrypted message: 0xf063...[22143]
- Noise: 0xd980...[42317]
[2024/11/30 11:01:56.6248] [SYS] Decode ONN received data:
- Layer: 3 (Message)
- Message ID: f063c055f4b4caf21e7bb63a95870bc1
- Message size: 65536
- Flag: DUM
- Type: ff
- Noise: 0x4a8c...[11062]
- Data [0]: 0x00010000
- Data [1]: 0x03
- Data [2]: 0xff
- Data [3]: 0x8f26...[11051]
[2024/11/30 11:01:56.6250] [SYS] Decode ONN received data:
- Layer: 4 (Data)
- Send user ID: 8f261f3f396e49d78060f6b50dc63371
- Send user's public key: 0x30820...[550]
- Encrypted common key: 0x87c0b...[512]
- Encrypted message: 0xf288...[9961]
[2024/11/30 11:01:56.6250] [MSG] Get ONN data ... ONN#f063c055f4b4caf21e7bb63a95870bc1 (65536 byte / 65536 byte)
[2024/11/30 11:01:56.6251] [MSG] Your job flag is ... DUM
[2024/11/30 11:01:56.6263] [SYS] Create ONN send data:
- Layer: 2 (Content)
- Next user's common key: 0x87c0b...[512]
- Next user's message: 0xf288...[9961]
- Noise: 0xc64...[54515]
[2024/11/30 11:01:56.6282] [SYS] Create ONN send data:
- Layer: 1 (Root)
- Next user's public key: 0x30820...[550]
- New common key: 0x3e16188...[32]
- Encrypted common key: 0xa8882...[512]
- Target content: 0x000...[65000]
- Encrypted content: 0xf11...[65016]
[2024/11/30 11:01:56.6284] [MSG] Send ONN data to ... User A (@8f261f3f396e49d78060f6b50dc63371)
[2024/11/30 11:01:56.6382] [SYS] Send message: "/rec-on #d100795703ce1be1896544fecb6fefa0" to 127.0.1.1:20000
[2024/11/30 11:01:56.6383] [SYS] Send message: "/pst-on #2d8dfe35269906e2f4197638dd136705 0x000...[66092]" to 127.0.1.1:20000
[2024/11/30 11:01:56.6387] [SYS] Close the task (#d100795703ce1be1896544fecb6fefa0).
[2024/11/30 11:01:56.7504] [SYS] Receive replied task (#2d8dfe35269906e2f4197638dd136705): "rec-on" from 127.0.1.1:20000
[2024/11/30 11:01:56.7508] [SYS] Close the task (#2d8dfe35269906e2f4197638dd136705).
[2024/11/30 11:01:56.9603] [SYS] Receive new task (#fabc425d55c39fede46fa471041b7b19): "pst-on" from 127.0.1.1:20000
[2024/11/30 11:01:56.9678] [SYS] Decode ONN received data:
- Layer: 1 (Receive)
- Encrypted common key: 0x110b7...[512]
- Encrypted content: 0xfad...[65016]
- Decrypted common key: 0xd6dec82...[32]
- Decrypted content: 0x000...[65000]
[2024/11/30 11:01:56.9742] [SYS] Decode ONN received data:
- Layer: 2 (Content)
- Encrypted common key: 0x2aed4...[512]
- Encrypted message: 0x5db1...[22469]
- Decrypted common key: 0xa30afb0...[32]
- Decrypted message: 0xf063...[22453]
- Noise: 0x565f...[42007]
[2024/11/30 11:01:56.9744] [SYS] Decode ONN received data:
- Layer: 3 (Message)
- Message ID: f063c055f4b4caf21e7bb63a95870bc1
- Message size: 65536
- Flag: DUM
- Type: ff
- Noise: 0x16ed...[10542]
- Data [0]: 0x00010000
- Data [1]: 0x03
- Data [2]: 0xff
- Data [3]: 0x8f26...[11881]
[2024/11/30 11:01:56.9745] [SYS] Decode ONN received data:
- Layer: 4 (Data)
- Send user ID: 8f261f3f396e49d78060f6b50dc63371
- Send user's public key: 0x30820...[550]
- Encrypted common key: 0x78b96...[512]
- Encrypted message: 0xfc87...[10791]
[2024/11/30 11:01:56.9745] [MSG] Get ONN data ... ONN#f063c055f4b4caf21e7bb63a95870bc1 (65536 byte / 65536 byte)
[2024/11/30 11:01:56.9746] [MSG] Your job flag is ... DUM
[2024/11/30 11:01:56.9754] [SYS] Create ONN send data:
- Layer: 2 (Content)
- Next user's common key: 0x78b96...[512]
- Next user's message: 0xfc87...[10791]
- Noise: 0xd4a...[53685]
[2024/11/30 11:01:56.9768] [SYS] Create ONN send data:
- Layer: 1 (Root)
- Next user's public key: 0x30820...[550]
- New common key: 0x476811c...[32]
- Encrypted common key: 0xdef3d...[512]
- Target content: 0x000...[65000]
- Encrypted content: 0xb7d...[65016]
[2024/11/30 11:01:56.9769] [MSG] Send ONN data to ... User A (@8f261f3f396e49d78060f6b50dc63371)
[2024/11/30 11:01:56.9875] [SYS] Send message: "/pst-on #b535ddf49bbcaae030720662e8b9c740 0x000...[66092]" to 127.0.1.1:20000
[2024/11/30 11:01:56.9876] [SYS] Send message: "/rec-on #fabc425d55c39fede46fa471041b7b19" to 127.0.1.1:20000
[2024/11/30 11:01:56.9882] [SYS] Close the task (#fabc425d55c39fede46fa471041b7b19).
[2024/11/30 11:01:57.1003] [SYS] Receive replied task (#b535ddf49bbcaae030720662e8b9c740): "rec-on" from 127.0.1.1:20000
[2024/11/30 11:01:57.1010] [SYS] Close the task (#b535ddf49bbcaae030720662e8b9c740).
[2024/11/30 11:01:57.2334] [SYS] Receive new task (#8081de35095f2a46eacbd530615feb4b): "pst-on" from 127.0.1.1:20000
[2024/11/30 11:01:57.2420] [SYS] Decode ONN received data:
- Layer: 1 (Receive)
- Encrypted common key: 0x4349a...[512]
- Encrypted content: 0x20d...[65016]
- Decrypted common key: 0x0a474d0...[32]
- Decrypted content: 0x000...[65000]
[2024/11/30 11:01:57.2489] [SYS] Decode ONN received data:
- Layer: 2 (Content)
- Encrypted common key: 0x8599d...[512]
- Encrypted message: 0x74b4...[30389]
- Decrypted common key: 0x5fee3b5...[32]
- Decrypted message: 0xf063...[30373]
- Noise: 0x872a...[34087]
[2024/11/30 11:01:57.2492] [SYS] Decode ONN received data:
- Layer: 3 (Message)
- Message ID: f063c055f4b4caf21e7bb63a95870bc1
- Message size: 65536
- Flag: DUM
- Type: ff
- Noise: 0x07f4...[17691]
- Data [0]: 0x00010000
- Data [1]: 0x03
- Data [2]: 0xff
- Data [3]: 0x8f26...[12652]
[2024/11/30 11:01:57.2492] [SYS] Decode ONN received data:
- Layer: 4 (Data)
- Send user ID: 8f261f3f396e49d78060f6b50dc63371
- Send user's public key: 0x30820...[550]
- Encrypted common key: 0x8e584...[512]
- Encrypted message: 0xbdad...[11562]
[2024/11/30 11:01:57.2493] [MSG] Get ONN data ... ONN#f063c055f4b4caf21e7bb63a95870bc1 (65536 byte / 65536 byte)
[2024/11/30 11:01:57.2493] [MSG] Your job flag is ... DUM
[2024/11/30 11:01:57.2502] [SYS] Create ONN send data:
- Layer: 2 (Content)
- Next user's common key: 0x8e584...[512]
- Next user's message: 0xbdad...[11562]
- Noise: 0xe83...[52914]
[2024/11/30 11:01:57.2514] [SYS] Create ONN send data:
- Layer: 1 (Root)
- Next user's public key: 0x30820...[550]
- New common key: 0x84db8b0...[32]
- Encrypted common key: 0x820d2...[512]
- Target content: 0x000...[65000]
- Encrypted content: 0x196...[65016]
[2024/11/30 11:01:57.2515] [MSG] Send ONN data to ... User A (@8f261f3f396e49d78060f6b50dc63371)
[2024/11/30 11:01:57.2585] [SYS] Send message: "/rec-on #8081de35095f2a46eacbd530615feb4b" to 127.0.1.1:20000
[2024/11/30 11:01:57.2587] [SYS] Send message: "/pst-on #b57134d13f39171225290b7692b9ccb8 0x000...[66092]" to 127.0.1.1:20000
[2024/11/30 11:01:57.2596] [SYS] Close the task (#8081de35095f2a46eacbd530615feb4b).
[2024/11/30 11:01:57.3753] [SYS] Receive replied task (#b57134d13f39171225290b7692b9ccb8): "rec-on" from 127.0.1.1:20000
[2024/11/30 11:01:57.3758] [SYS] Close the task (#b57134d13f39171225290b7692b9ccb8).
[2024/11/30 11:01:57.6403] [SYS] Receive new task (#e489ab0a093ce4dc243ddbeb88c6d40f): "pst-on" from 127.0.1.1:20000
[2024/11/30 11:01:57.6476] [SYS] Decode ONN received data:
- Layer: 1 (Receive)
- Encrypted common key: 0x18de7...[512]
- Encrypted content: 0xcf8...[65016]
- Decrypted common key: 0xd7e52f5...[32]
- Decrypted content: 0x000...[65000]
[2024/11/30 11:01:57.6549] [SYS] Decode ONN received data:
- Layer: 2 (Content)
- Encrypted common key: 0x8a1e4...[512]
- Encrypted message: 0x6c80...[30699]
- Decrypted common key: 0xc4b82ec...[32]
- Decrypted message: 0xf063...[30683]
- Noise: 0x053d...[33777]
[2024/11/30 11:01:57.6552] [SYS] Decode ONN received data:
- Layer: 3 (Message)
- Message ID: f063c055f4b4caf21e7bb63a95870bc1
- Message size: 65536
- Flag: DUM
- Type: ff
- Noise: 0xe1d3...[13119]
- Data [0]: 0x00010000
- Data [1]: 0x03
- Data [2]: 0xff
- Data [3]: 0x8f26...[17534]
[2024/11/30 11:01:57.6552] [SYS] Decode ONN received data:
- Layer: 4 (Data)
- Send user ID: 8f261f3f396e49d78060f6b50dc63371
- Send user's public key: 0x30820...[550]
- Encrypted common key: 0x1c65b...[512]
- Encrypted message: 0xe40c...[16444]
[2024/11/30 11:01:57.6553] [MSG] Get ONN data ... ONN#f063c055f4b4caf21e7bb63a95870bc1 (65536 byte / 65536 byte)
[2024/11/30 11:01:57.6553] [MSG] Your job flag is ... DUM
[2024/11/30 11:01:57.6560] [SYS] Create ONN send data:
- Layer: 2 (Content)
- Next user's common key: 0x1c65b...[512]
- Next user's message: 0xe40c...[16444]
- Noise: 0x4718...[48032]
[2024/11/30 11:01:57.6567] [SYS] Create ONN send data:
- Layer: 1 (Root)
- Next user's public key: 0x30820...[550]
- New common key: 0x6d9010f...[32]
- Encrypted common key: 0x49043...[512]
- Target content: 0x000...[65000]
- Encrypted content: 0xb3d...[65016]
[2024/11/30 11:01:57.6569] [MSG] Send ONN data to ... User A (@8f261f3f396e49d78060f6b50dc63371)
[2024/11/30 11:01:57.6634] [SYS] Send message: "/rec-on #e489ab0a093ce4dc243ddbeb88c6d40f" to 127.0.1.1:20000
[2024/11/30 11:01:57.6635] [SYS] Send message: "/pst-on #429d66fb47c6f5a9e59e87cc33d1079f 0x000...[66092]" to 127.0.1.1:20000
[2024/11/30 11:01:57.6641] [SYS] Close the task (#e489ab0a093ce4dc243ddbeb88c6d40f).
[2024/11/30 11:01:57.7712] [SYS] Receive replied task (#429d66fb47c6f5a9e59e87cc33d1079f): "rec-on" from 127.0.1.1:20000
[2024/11/30 11:01:57.7716] [SYS] Close the task (#429d66fb47c6f5a9e59e87cc33d1079f).
[2024/11/30 11:01:57.9879] [SYS] Receive new task (#8e57c387849dc72016005c41c6a3d0b9): "pst-on" from 127.0.1.1:20000
[2024/11/30 11:01:57.9949] [SYS] Decode ONN received data:
- Layer: 1 (Receive)
- Encrypted common key: 0x8d3f4...[512]
- Encrypted content: 0x8dd...[65016]
- Decrypted common key: 0x2887d1a...[32]
- Decrypted content: 0x000...[65000]
[2024/11/30 11:01:58.0038] [SYS] Decode ONN received data:
- Layer: 2 (Content)
- Encrypted common key: 0x21334...[512]
- Encrypted message: 0x6cea...[33573]
- Decrypted common key: 0x9188e83...[32]
- Decrypted message: 0xf063...[33557]
- Noise: 0x2554...[30903]
[2024/11/30 11:01:58.0040] [SYS] Decode ONN received data:
- Layer: 3 (Message)
- Message ID: f063c055f4b4caf21e7bb63a95870bc1
- Message size: 65536
- Flag: DUM
- Type: ff
- Noise: 0x8674...[18332]
- Data [0]: 0x00010000
- Data [1]: 0x03
- Data [2]: 0xff
- Data [3]: 0x8f26...[15195]
[2024/11/30 11:01:58.0041] [SYS] Decode ONN received data:
- Layer: 4 (Data)
- Send user ID: 8f261f3f396e49d78060f6b50dc63371
- Send user's public key: 0x30820...[550]
- Encrypted common key: 0x60ea4...[512]
- Encrypted message: 0x87f3...[14105]
[2024/11/30 11:01:58.0041] [MSG] Get ONN data ... ONN#f063c055f4b4caf21e7bb63a95870bc1 (65536 byte / 65536 byte)
[2024/11/30 11:01:58.0041] [MSG] Your job flag is ... DUM
[2024/11/30 11:01:58.0051] [SYS] Create ONN send data:
- Layer: 2 (Content)
- Next user's common key: 0x60ea4...[512]
- Next user's message: 0x87f3...[14105]
- Noise: 0xa19...[50371]
[2024/11/30 11:01:58.0064] [SYS] Create ONN send data:
- Layer: 1 (Root)
- Next user's public key: 0x30820...[550]
- New common key: 0xd59281c...[32]
- Encrypted common key: 0xddf88...[512]
- Target content: 0x000...[65000]
- Encrypted content: 0x390...[65016]
[2024/11/30 11:01:58.0065] [MSG] Send ONN data to ... User A (@8f261f3f396e49d78060f6b50dc63371)
[2024/11/30 11:01:58.0174] [SYS] Send message: "/rec-on #8e57c387849dc72016005c41c6a3d0b9" to 127.0.1.1:20000
[2024/11/30 11:01:58.0176] [SYS] Send message: "/pst-on #e9ef04e699fd605ee3ff7b1e0a427158 0x000...[66092]" to 127.0.1.1:20000
[2024/11/30 11:01:58.0184] [SYS] Close the task (#8e57c387849dc72016005c41c6a3d0b9).
[2024/11/30 11:01:58.1310] [SYS] Receive replied task (#e9ef04e699fd605ee3ff7b1e0a427158): "rec-on" from 127.0.1.1:20000
[2024/11/30 11:01:58.1313] [SYS] Close the task (#e9ef04e699fd605ee3ff7b1e0a427158).
[2024/11/30 11:01:58.3678] [SYS] Receive new task (#d60e27196b5528d7146a095225c3caa2): "pst-on" from 127.0.1.1:20000
[2024/11/30 11:01:58.3743] [SYS] Decode ONN received data:
- Layer: 1 (Receive)
- Encrypted common key: 0x03a15...[512]
- Encrypted content: 0xf2c...[65016]
- Decrypted common key: 0x537b203...[32]
- Decrypted content: 0x000...[65000]
[2024/11/30 11:01:58.3803] [SYS] Decode ONN received data:
- Layer: 2 (Content)
- Encrypted common key: 0x53df9...[512]
- Encrypted message: 0x7aad...[23835]
- Decrypted common key: 0x89c320b...[32]
- Decrypted message: 0xf063...[23819]
- Noise: 0xa0b7...[40641]
[2024/11/30 11:01:58.3805] [SYS] Decode ONN received data:
- Layer: 3 (Message)
- Message ID: f063c055f4b4caf21e7bb63a95870bc1
- Message size: 65536
- Flag: DUM
- Type: ff
- Noise: 0x8b90...[14028]
- Data [0]: 0x00010000
- Data [1]: 0x03
- Data [2]: 0xff
- Data [3]: 0x8f26...[9761]
[2024/11/30 11:01:58.3805] [SYS] Decode ONN received data:
- Layer: 4 (Data)
- Send user ID: 8f261f3f396e49d78060f6b50dc63371
- Send user's public key: 0x30820...[550]
- Encrypted common key: 0xa6200...[512]
- Encrypted message: 0xf4a2...[8671]
[2024/11/30 11:01:58.3805] [MSG] Get ONN data ... ONN#f063c055f4b4caf21e7bb63a95870bc1 (65536 byte / 65536 byte)
[2024/11/30 11:01:58.3806] [MSG] Your job flag is ... DUM
[2024/11/30 11:01:58.3814] [SYS] Create ONN send data:
- Layer: 2 (Content)
- Next user's common key: 0xa6200...[512]
- Next user's message: 0xf4a2...[8671]
- Noise: 0xb0c...[55805]
[2024/11/30 11:01:58.3820] [SYS] Create ONN send data:
- Layer: 1 (Root)
- Next user's public key: 0x30820...[550]
- New common key: 0x4e0b4ad...[32]
- Encrypted common key: 0x1aa3f...[512]
- Target content: 0x000...[65000]
- Encrypted content: 0xaf8...[65016]
[2024/11/30 11:01:58.3821] [MSG] Send ONN data to ... User A (@8f261f3f396e49d78060f6b50dc63371)
[2024/11/30 11:01:58.3884] [SYS] Send message: "/pst-on #302623c736c9c3aa0b64248e81340d75 0x000...[66092]" to 127.0.1.1:20000
[2024/11/30 11:01:58.3886] [SYS] Send message: "/rec-on #d60e27196b5528d7146a095225c3caa2" to 127.0.1.1:20000
[2024/11/30 11:01:58.3893] [SYS] Close the task (#d60e27196b5528d7146a095225c3caa2).
[2024/11/30 11:01:58.5030] [SYS] Receive replied task (#302623c736c9c3aa0b64248e81340d75): "rec-on" from 127.0.1.1:20000
[2024/11/30 11:01:58.5033] [SYS] Close the task (#302623c736c9c3aa0b64248e81340d75).
[2024/11/30 11:01:58.6292] [SYS] Receive new task (#020f7d73073624088dc6be6fbf454547): "pst-on" from 127.0.1.1:20000
[2024/11/30 11:01:58.6365] [SYS] Decode ONN received data:
- Layer: 1 (Receive)
- Encrypted common key: 0x65686...[512]
- Encrypted content: 0xef1...[65016]
- Decrypted common key: 0x8e79041...[32]
- Decrypted content: 0x000...[65000]
[2024/11/30 11:01:58.6430] [SYS] Decode ONN received data:
- Layer: 2 (Content)
- Encrypted common key: 0x53421...[512]
- Encrypted message: 0xdb83...[31145]
- Decrypted common key: 0x5eaeb50...[32]
- Decrypted message: 0xf063...[31129]
- Noise: 0xeb36...[33331]
[2024/11/30 11:01:58.6432] [SYS] Decode ONN received data:
- Layer: 3 (Message)
- Message ID: f063c055f4b4caf21e7bb63a95870bc1
- Message size: 65536
- Flag: DUM
- Type: ff
- Noise: 0xec0a...[19713]
- Data [0]: 0x00010000
- Data [1]: 0x03
- Data [2]: 0xff
- Data [3]: 0x8f26...[11386]
[2024/11/30 11:01:58.6432] [SYS] Decode ONN received data:
- Layer: 4 (Data)
- Send user ID: 8f261f3f396e49d78060f6b50dc63371
- Send user's public key: 0x30820...[550]
- Encrypted common key: 0x6ae66...[512]
- Encrypted message: 0x768c...[10296]
[2024/11/30 11:01:58.6433] [MSG] Get ONN data ... ONN#f063c055f4b4caf21e7bb63a95870bc1 (65536 byte / 65536 byte)
[2024/11/30 11:01:58.6433] [MSG] Your job flag is ... DUM
[2024/11/30 11:01:58.6440] [SYS] Create ONN send data:
- Layer: 2 (Content)
- Next user's common key: 0x6ae66...[512]
- Next user's message: 0x768c...[10296]
- Noise: 0x94e...[54180]
[2024/11/30 11:01:58.6447] [SYS] Create ONN send data:
- Layer: 1 (Root)
- Next user's public key: 0x30820...[550]
- New common key: 0x92e9374...[32]
- Encrypted common key: 0x7e237...[512]
- Target content: 0x000...[65000]
- Encrypted content: 0x06c...[65016]
[2024/11/30 11:01:58.6448] [MSG] Send ONN data to ... User A (@8f261f3f396e49d78060f6b50dc63371)
[2024/11/30 11:01:58.6524] [SYS] Send message: "/rec-on #020f7d73073624088dc6be6fbf454547" to 127.0.1.1:20000
[2024/11/30 11:01:58.6525] [SYS] Send message: "/pst-on #18b40cc58cafef2a18a07d677e90ed13 0x000...[66092]" to 127.0.1.1:20000
[2024/11/30 11:01:58.6531] [SYS] Close the task (#020f7d73073624088dc6be6fbf454547).
[2024/11/30 11:01:58.7723] [SYS] Receive replied task (#18b40cc58cafef2a18a07d677e90ed13): "rec-on" from 127.0.1.1:20000
[2024/11/30 11:01:58.7725] [SYS] Close the task (#18b40cc58cafef2a18a07d677e90ed13).
[2024/11/30 11:01:59.0216] [SYS] Receive new task (#c48245ec5fe97c381b3ebace4d77a779): "pst-on" from 127.0.1.1:20000
[2024/11/30 11:01:59.0290] [SYS] Decode ONN received data:
- Layer: 1 (Receive)
- Encrypted common key: 0x44c04...[512]
- Encrypted content: 0xd9a...[65016]
- Decrypted common key: 0x410e2ff...[32]
- Decrypted content: 0x000...[65000]
[2024/11/30 11:01:59.0352] [SYS] Decode ONN received data:
- Layer: 2 (Content)
- Encrypted common key: 0x3b8bc...[512]
- Encrypted message: 0x23c0...[17145]
- Decrypted common key: 0x6e627c3...[32]
- Decrypted message: 0xf063...[17129]
- Noise: 0x627d...[47331]
[2024/11/30 11:01:59.0353] [SYS] Decode ONN received data:
- Layer: 3 (Message)
- Message ID: f063c055f4b4caf21e7bb63a95870bc1
- Message size: 65536
- Flag: DUM
- Type: ff
- Noise: 0xd251...[8784]
- Data [0]: 0x00010000
- Data [1]: 0x03
- Data [2]: 0xff
- Data [3]: 0x8f26...[8315]
[2024/11/30 11:01:59.0354] [SYS] Decode ONN received data:
- Layer: 4 (Data)
- Send user ID: 8f261f3f396e49d78060f6b50dc63371
- Send user's public key: 0x30820...[550]
- Encrypted common key: 0xd8861...[512]
- Encrypted message: 0x2fcd...[7225]
[2024/11/30 11:01:59.0354] [MSG] Get ONN data ... ONN#f063c055f4b4caf21e7bb63a95870bc1 (65536 byte / 65536 byte)
[2024/11/30 11:01:59.0354] [MSG] Your job flag is ... DUM
[2024/11/30 11:01:59.0369] [SYS] Create ONN send data:
- Layer: 2 (Content)
- Next user's common key: 0xd8861...[512]
- Next user's message: 0x2fcd...[7225]
- Noise: 0x2a2...[57251]
[2024/11/30 11:01:59.0379] [SYS] Create ONN send data:
- Layer: 1 (Root)
- Next user's public key: 0x30820...[550]
- New common key: 0x74afc57...[32]
- Encrypted common key: 0x528e7...[512]
- Target content: 0x000...[65000]
- Encrypted content: 0x2f2...[65016]
[2024/11/30 11:01:59.0380] [MSG] Send ONN data to ... User A (@8f261f3f396e49d78060f6b50dc63371)
[2024/11/30 11:01:59.0472] [SYS] Send message: "/pst-on #7f4b93c03bfc87855941644d4482f5b6 0x000...[66092]" to 127.0.1.1:20000
[2024/11/30 11:01:59.0474] [SYS] Send message: "/rec-on #c48245ec5fe97c381b3ebace4d77a779" to 127.0.1.1:20000
[2024/11/30 11:01:59.0479] [SYS] Close the task (#c48245ec5fe97c381b3ebace4d77a779).
[2024/11/30 11:01:59.1473] [SYS] Receive replied task (#7f4b93c03bfc87855941644d4482f5b6): "rec-on" from 127.0.1.1:20000
[2024/11/30 11:01:59.1478] [SYS] Close the task (#7f4b93c03bfc87855941644d4482f5b6).
